Log file open, 10/24/17 17:20:31
LogWindows: Failed to load 'aqProf.dll' (GetLastError=126)
LogWindows: File 'aqProf.dll' does not exist
LogWindows: Failed to load 'VSPerf140.dll' (GetLastError=126)
LogWindows: File 'VSPerf140.dll' does not exist
LogWindows: Failed to load 'VtuneApi.dll' (GetLastError=126)
LogWindows: File 'VtuneApi.dll' does not exist
LogWindows: Failed to load 'VtuneApi32e.dll' (GetLastError=126)
LogWindows: File 'VtuneApi32e.dll' does not exist
LogInit: Display: Running engine for game: MMC_Skee_Ball
LogPlatformFile: Not using cached read wrapper
LogInit: Display: RandInit(-260612557) SRandInit(-260612557).
LogTaskGraph: Started task graph with 5 named threads and 14 total threads with 3 sets of task threads.
LogStats: Stats thread started at 0.153862
LogD3D11RHI: Aftermath initialized
LogPluginManager: Mounting plugin Paper2D
LogPluginManager: Mounting plugin LightPropagationVolume
LogPluginManager: Mounting plugin CodeLiteSourceCodeAccess
LogPluginManager: Mounting plugin GitSourceControl
LogPluginManager: Mounting plugin KDevelopSourceCodeAccess
LogPluginManager: Mounting plugin NullSourceCodeAccess
LogPluginManager: Mounting plugin PerforceSourceControl
LogPluginManager: Mounting plugin SubversionSourceControl
LogPluginManager: Mounting plugin UObjectPlugin
LogPluginManager: Mounting plugin VisualStudioSourceCodeAccess
LogPluginManager: Mounting plugin XCodeSourceCodeAccess
LogPluginManager: Mounting plugin AssetManagerEditor
LogPluginManager: Mounting plugin AudioCapture
LogPluginManager: Mounting plugin FacialAnimation
LogPluginManager: Mounting plugin GameplayTagsEditor
LogPluginManager: Mounting plugin MobileLauncherProfileWizard
LogPluginManager: Mounting plugin PluginBrowser
LogPluginManager: Mounting plugin SpeedTreeImporter
LogPluginManager: Mounting plugin AlembicImporter
LogPluginManager: Mounting plugin CharacterAI
LogPluginManager: Mounting plugin HTML5Networking
LogPluginManager: Mounting plugin AndroidMedia
LogPluginManager: Mounting plugin AvfMedia
LogPluginManager: Mounting plugin MediaPlayerEditor
LogPluginManager: Mounting plugin WmfMedia
LogPluginManager: Mounting plugin TcpMessaging
LogPluginManager: Mounting plugin UdpMessaging
LogPluginManager: Mounting plugin LevelSequenceEditor
LogPluginManager: Mounting plugin MatineeToLevelSequence
LogPluginManager: Mounting plugin OnlineSubsystemGooglePlay
LogPluginManager: Mounting plugin OnlineSubsystemIOS
LogPluginManager: Mounting plugin OnlineSubsystem
LogPluginManager: Mounting plugin OnlineSubsystemNull
LogPluginManager: Mounting plugin OnlineSubsystemUtils
LogPluginManager: Mounting plugin AndroidDeviceProfileSelector
LogPluginManager: Mounting plugin AndroidMoviePlayer
LogPluginManager: Mounting plugin AndroidPermission
LogPluginManager: Mounting plugin AppleMoviePlayer
LogPluginManager: Mounting plugin ArchVisCharacter
LogPluginManager: Mounting plugin CableComponent
LogPluginManager: Mounting plugin CustomMeshComponent
LogPluginManager: Mounting plugin ExampleDeviceProfileSelector
LogPluginManager: Mounting plugin GoogleCloudMessaging
LogPluginManager: Mounting plugin ImmediatePhysics
LogPluginManager: Mounting plugin IOSDeviceProfileSelector
LogPluginManager: Mounting plugin LinuxDeviceProfileSelector
LogPluginManager: Mounting plugin LocationServicesBPLibrary
LogPluginManager: Mounting plugin MobilePatchingUtils
LogPluginManager: Mounting plugin OculusVR
LogPluginManager: Mounting plugin PhysXVehicles
LogPluginManager: Mounting plugin ProceduralMeshComponent
LogPluginManager: Mounting plugin RuntimePhysXCooking
LogPluginManager: Mounting plugin SteamVR
LogPluginManager: Mounting plugin WindowsMoviePlayer
LogInit: Using libcurl 7.47.1
LogInit:  - built for x86_64-pc-win32
LogInit:  - supports SSL with OpenSSL/1.0.2g
LogInit:  - supports HTTP deflate (compression) using libz 1.2.8
LogInit:  - other features:
LogInit:      CURL_VERSION_SSL
LogInit:      CURL_VERSION_LIBZ
LogInit:      CURL_VERSION_IPV6
LogInit:      CURL_VERSION_ASYNCHDNS
LogInit:      CURL_VERSION_LARGEFILE
LogInit:      CURL_VERSION_IDN
LogInit:  CurlRequestOptions (configurable via config and command line):
LogInit:  - bVerifyPeer = false  - Libcurl will NOT verify peer certificate
LogInit:  - bUseHttpProxy = false  - Libcurl will NOT use HTTP proxy
LogInit:  - bDontReuseConnections = false  - Libcurl will reuse connections
LogInit:  - CertBundlePath = nullptr  - Libcurl will use whatever was configured at build time.
LogInit: Build: ++UE4+Release-4.17-CL-3658906
LogInit: Engine Version: 4.17.2-3658906+++UE4+Release-4.17
LogInit: Compatible Engine Version: 4.17.0-3573198+++UE4+Release-4.17
LogInit: Net CL: 3573198
LogDevObjectVersion: Number of dev versions registered: 16
LogDevObjectVersion:   Dev-Blueprints (B0D832E4-1F89-4F0D-ACCF-7EB736FD4AA2): 10
LogDevObjectVersion:   Dev-Build (E1C64328-A22C-4D53-A36C-8E866417BD8C): 0
LogDevObjectVersion:   Dev-Core (375EC13C-06E4-48FB-B500-84F0262A717E): 2
LogDevObjectVersion:   Dev-Editor (E4B068ED-F494-42E9-A231-DA0B2E46BB41): 20
LogDevObjectVersion:   Dev-Framework (CFFC743F-43B0-4480-9391-14DF171D2073): 28
LogDevObjectVersion:   Dev-Mobile (B02B49B5-BB20-44E9-A304-32B752E40360): 0
LogDevObjectVersion:   Dev-Networking (A4E4105C-59A1-49B5-A7C5-40C4547EDFEE): 0
LogDevObjectVersion:   Dev-Online (39C831C9-5AE6-47DC-9A44-9C173E1C8E7C): 0
LogDevObjectVersion:   Dev-Physics (78F01B33-EBEA-4F98-B9B4-84EACCB95AA2): 0
LogDevObjectVersion:   Dev-Platform (6631380F-2D4D-43E0-8009-CF276956A95A): 0
LogDevObjectVersion:   Dev-Rendering (12F88B9F-8875-4AFC-A67C-D90C383ABD29): 19
LogDevObjectVersion:   Dev-Sequencer (7B5AE74C-D270-4C10-A958-57980B212A5A): 4
LogDevObjectVersion:   Dev-VR (D7296918-1DD6-4BDD-9DE2-64A83CC13884): 0
LogDevObjectVersion:   Dev-LoadTimes (C2A15278-BFE7-4AFE-6C17-90FF531DF755): 1
LogDevObjectVersion:   Private-Geometry (6EACA3D4-40EC-4CC1-B786-8BED09428FC5): 1
LogDevObjectVersion:   Dev-AnimPhys (29E575DD-E0A3-4627-9D10-D276232CDCEA): 7
LogInit: Compiled (64-bit): Sep 22 2017 13:47:16
LogInit: Compiled with Visual C++: 19.00.24215.01
LogInit: Build Configuration: Development
LogInit: Branch Name: ++UE4+Release-4.17
LogInit: Command line:  
LogInit: Base directory: C:/Program Files (x86)/Epic Games/UE_4.17/Engine/Binaries/Win64/
LogInit: Installed Engine Build: 1
LogInit: Presizing for max 8388607 objects, including 0 objects not considered by GC, pre-allocating 0 bytes for permanent pool.
LogInit: Object subsystem initialized
[2017.10.24-21.20.32:200][  0]LogInit: Selected Device Profile: [Windows]
[2017.10.24-21.20.32:200][  0]LogInit: Applying CVar settings loaded from the selected device profile: [Windows]
[2017.10.24-21.20.32:212][  0]LogInit: Computer: HS-MT330-7
[2017.10.24-21.20.32:212][  0]LogInit: User: JSmith
[2017.10.24-21.20.32:212][  0]LogInit: CPU Page size=4096, Cores=4
[2017.10.24-21.20.32:212][  0]LogInit: High frequency timer resolution =3.410117 MHz
[2017.10.24-21.20.32:212][  0]LogMemory: Memory total: Physical=15.9GB (16GB approx)
[2017.10.24-21.20.32:212][  0]LogMemory: Platform Memory Stats for Windows
[2017.10.24-21.20.32:212][  0]LogMemory: Process Physical Memory: 286.03 MB used, 286.03 MB peak
[2017.10.24-21.20.32:212][  0]LogMemory: Process Virtual Memory: 281.09 MB used, 281.09 MB peak
[2017.10.24-21.20.32:212][  0]LogMemory: Physical Memory: 6978.25 MB used,  9328.11 MB free, 16306.36 MB total
[2017.10.24-21.20.32:212][  0]LogMemory: Virtual Memory: 686.09 MB used,  9328.11 MB free, 8388608.00 MB total
[2017.10.24-21.20.32:487][  0]LogInit: Using OS detected language (en-US).
[2017.10.24-21.20.32:487][  0]LogInit: Using OS detected locale (en-US).
[2017.10.24-21.20.32:489][  0]LogTextLocalizationManager: No specific localization for 'en-US' exists, so the 'en' localization will be used.
[2017.10.24-21.20.33:115][  0]LogD3D11RHI: D3D11 adapters:
[2017.10.24-21.20.33:140][  0]LogD3D11RHI:    0. 'NVIDIA GeForce GTX 1080' (Feature Level 11_0)
[2017.10.24-21.20.33:140][  0]LogD3D11RHI:       8069/0/7897 MB DedicatedVideo/DedicatedSystem/SharedSystem, Outputs:2, VendorId:0x10de
[2017.10.24-21.20.33:140][  0]LogD3D11RHI: Chosen D3D11 Adapter: 0
[2017.10.24-21.20.33:145][  0]LogD3D11RHI: Creating new Direct3DDevice
[2017.10.24-21.20.33:145][  0]LogD3D11RHI:     GPU DeviceId: 0x1b80 (for the marketing name, search the web for "GPU Device Id")
[2017.10.24-21.20.33:145][  0]LogWindows: EnumDisplayDevices:
[2017.10.24-21.20.33:145][  0]LogWindows:    0. 'NVIDIA GeForce GTX 1080' (P:1 D:1)
[2017.10.24-21.20.33:145][  0]LogWindows:    1. 'NVIDIA GeForce GTX 1080' (P:0 D:1)
[2017.10.24-21.20.33:145][  0]LogWindows:    2. 'NVIDIA GeForce GTX 1080' (P:0 D:0)
[2017.10.24-21.20.33:145][  0]LogWindows:    3. 'NVIDIA GeForce GTX 1080' (P:0 D:0)
[2017.10.24-21.20.33:145][  0]LogWindows:    4. 'RDPDD Chained DD' (P:0 D:0)
[2017.10.24-21.20.33:146][  0]LogWindows:    5. 'RDP Encoder Mirror Driver' (P:0 D:0)
[2017.10.24-21.20.33:146][  0]LogWindows:    6. 'RDP Reflector Display Driver' (P:0 D:0)
[2017.10.24-21.20.33:146][  0]LogWindows: DebugString: GetVideoDriverDetailsInvalid PrimaryIsNotTheChoosenAdapter GetVideoDriverDetailsInvalid PrimaryIsNotTheChoosenAdapter GetVideoDriverDetailsInvalid PrimaryIsNotTheChoosenAdapter FoundDriverCount:4 
[2017.10.24-21.20.33:146][  0]LogD3D11RHI:     Adapter Name: NVIDIA GeForce GTX 1080
[2017.10.24-21.20.33:146][  0]LogD3D11RHI:   Driver Version: 385.69 (internal:22.21.13.8569, unified:385.69)
[2017.10.24-21.20.33:146][  0]LogD3D11RHI:      Driver Date: 9-16-2017
[2017.10.24-21.20.33:146][  0]LogRHI: Texture pool is 1361 MB (70% of 1945 MB)
[2017.10.24-21.20.33:158][  0]LogD3D11RHI: Async texture creation enabled
[2017.10.24-21.20.33:173][  0]LogD3D11RHI: GPU Timing Frequency: 1000.000000 (Debug: 2 2)
[2017.10.24-21.20.33:215][  0]LogShaderCompilers: Guid format shader working directory is -19 characters bigger than the processId version (../../../../../../Users/Public/Documents/Public Programs/MMC-Skee-Ball.git/Intermediate/Shaders/WorkingDirectory/12164/).
[2017.10.24-21.20.33:215][  0]LogShaderCompilers: Cleaned the shader compiler working directory 'C:/Users/Jsmith.ESUE.000/AppData/Local/Temp/UnrealShaderWorkingDir/B00EAA224273F91778701F96DD830FB1/'.
[2017.10.24-21.20.33:215][  0]LogShaderCompilers: Display: Using Local Shader Compiler.
[2017.10.24-21.20.34:072][  0]LogTemp: Display: Loaded TP AllDesktopTargetPlatform
[2017.10.24-21.20.34:123][  0]LogTemp: Display: Loaded TP MacClientTargetPlatform
[2017.10.24-21.20.34:175][  0]LogTemp: Display: Loaded TP MacNoEditorTargetPlatform
[2017.10.24-21.20.34:227][  0]LogTemp: Display: Loaded TP MacServerTargetPlatform
[2017.10.24-21.20.34:278][  0]LogTemp: Display: Loaded TP MacTargetPlatform
[2017.10.24-21.20.34:330][  0]LogTemp: Display: Loaded TP WindowsClientTargetPlatform
[2017.10.24-21.20.34:384][  0]LogTemp: Display: Loaded TP WindowsNoEditorTargetPlatform
[2017.10.24-21.20.34:436][  0]LogTemp: Display: Loaded TP WindowsServerTargetPlatform
[2017.10.24-21.20.34:483][  0]LogTemp: Display: Loaded TP WindowsTargetPlatform
[2017.10.24-21.20.34:534][  0]LogTemp: Display: Loaded TP AndroidTargetPlatform
[2017.10.24-21.20.34:585][  0]LogTemp: Display: Loaded TP Android_ASTCTargetPlatform
[2017.10.24-21.20.34:635][  0]LogTemp: Display: Loaded TP Android_ATCTargetPlatform
[2017.10.24-21.20.34:686][  0]LogTemp: Display: Loaded TP Android_DXTTargetPlatform
[2017.10.24-21.20.34:737][  0]LogTemp: Display: Loaded TP Android_ETC1TargetPlatform
[2017.10.24-21.20.34:788][  0]LogTemp: Display: Loaded TP Android_ETC2TargetPlatform
[2017.10.24-21.20.34:890][  0]LogTemp: Display: Loaded TP Android_MultiTargetPlatform
[2017.10.24-21.20.34:890][  0]LogTemp: Display: Loaded TP Android_PVRTCTargetPlatform
[2017.10.24-21.20.34:932][  0]LogTemp: Display: Loaded TP HTML5TargetPlatform
[2017.10.24-21.20.35:029][  0]LogTemp: Display: Loaded TP IOSTargetPlatform
[2017.10.24-21.20.35:064][  0]LogTemp: Display: Loaded TP TVOSTargetPlatform
[2017.10.24-21.20.35:118][  0]LogTemp: Display: Loaded TP LinuxClientTargetPlatform
[2017.10.24-21.20.35:170][  0]LogTemp: Display: Loaded TP LinuxNoEditorTargetPlatform
[2017.10.24-21.20.35:221][  0]LogTemp: Display: Loaded TP LinuxServerTargetPlatform
[2017.10.24-21.20.35:274][  0]LogTemp: Display: Loaded TP LinuxTargetPlatform
[2017.10.24-21.20.35:274][  0]LogTargetPlatformManager: Display: Building Assets For Windows
[2017.10.24-21.20.35:714][  0]LogDerivedDataCache: Display: Max Cache Size: 512 MB
[2017.10.24-21.20.35:819][  0]LogDerivedDataCache: Loaded boot cache 0.10s 106MB C:/Users/Jsmith.ESUE.000/AppData/Local/UnrealEngine/4.17/DerivedDataCache/Boot.ddc.
[2017.10.24-21.20.35:819][  0]LogDerivedDataCache: Display: Loaded Boot cache: C:/Users/Jsmith.ESUE.000/AppData/Local/UnrealEngine/4.17/DerivedDataCache/Boot.ddc
[2017.10.24-21.20.35:819][  0]LogDerivedDataCache: FDerivedDataBackendGraph:  Pak pak cache file ../../../../../../Users/Public/Documents/Public Programs/MMC-Skee-Ball.git/DerivedDataCache/DDC.ddp not found, will not use a pak cache.
[2017.10.24-21.20.35:819][  0]LogDerivedDataCache: Unable to find inner node Pak for hierarchical cache Hierarchy.
[2017.10.24-21.20.35:819][  0]LogDerivedDataCache: FDerivedDataBackendGraph:  CompressedPak pak cache file ../../../../../../Users/Public/Documents/Public Programs/MMC-Skee-Ball.git/DerivedDataCache/Compressed.ddp not found, will not use a pak cache.
[2017.10.24-21.20.35:819][  0]LogDerivedDataCache: Unable to find inner node CompressedPak for hierarchical cache Hierarchy.
[2017.10.24-21.20.35:836][  0]LogDerivedDataCache: Display: Pak cache opened for reading ../../../Engine/DerivedDataCache/Compressed.ddp.
[2017.10.24-21.20.35:847][  0]LogDerivedDataCache: Using Local data cache path C:/Users/Jsmith.ESUE.000/AppData/Local/UnrealEngine/Common/DerivedDataCache: Writable
[2017.10.24-21.20.35:856][  0]LogMaterial: Verifying Global Shaders for PCD3D_SM5
[2017.10.24-21.20.35:856][  0]LogSlate: Using Freetype 2.6.0
[2017.10.24-21.20.35:857][  0]LogSlate: SlateFontCache - WITH_FREETYPE: 1, WITH_HARFBUZZ: 1
[2017.10.24-21.20.35:857][  0]LogSlate: SlateFontCache - WITH_FREETYPE: 1, WITH_HARFBUZZ: 1
[2017.10.24-21.20.36:103][  0]LogAssetRegistry: FAssetRegistry took 0.0248 seconds to start up
[2017.10.24-21.20.36:265][  0]LogInit: Selected Device Profile: [Windows]
[2017.10.24-21.20.36:269][  0]LogContentStreaming: Texture pool size is 0.00 MB
[2017.10.24-21.20.36:630][  0]LogSimplygon: Simplygon DLL not present - disabling.
[2017.10.24-21.20.36:669][  0]LogMeshReduction: Using SimplygonSwarm for distributed automatic mesh merging
[2017.10.24-21.20.36:669][  0]LogMeshReduction: Using QuadricMeshReduction for automatic static mesh reduction
[2017.10.24-21.20.36:669][  0]LogMeshReduction: No automatic skeletal mesh reduction module available
[2017.10.24-21.20.36:669][  0]LogMeshReduction: No automatic mesh merging module available
[2017.10.24-21.20.36:669][  0]LogMeshMerging: No automatic mesh merging module available
[2017.10.24-21.20.36:999][  0]LogNetVersion: MMC_Skee_Ball , NetCL: 3573198, EngineNetVer: 2, GameNetVer: 0 (Checksum: 703335038)
[2017.10.24-21.20.37:198][  0]LogPackageLocalizationCache: Processed 5 localized package path(s) for 2 prioritized culture(s) in 0.046936 seconds
[2017.10.24-21.20.37:203][  0]LogUObjectArray: 35825 objects as part of root set at end of initial load.
[2017.10.24-21.20.37:203][  0]LogUObjectAllocator: 7529112 out of 0 bytes used by permanent object pool.
[2017.10.24-21.20.37:203][  0]LogUObjectArray: CloseDisregardForGC: 0/0 objects in disregard for GC pool
[2017.10.24-21.20.37:256][  0]LogInit: WinSock: version 1.1 (2.2), MaxSocks=32767, MaxUdp=65467
[2017.10.24-21.20.39:615][  0]LogTcpMessaging: Initializing TcpMessaging bridge
[2017.10.24-21.20.39:649][  0]LogUdpMessaging: Initializing bridge on interface 0.0.0.0:0 to multicast group 230.0.0.1:6666.
[2017.10.24-21.20.40:281][  0]LogMaterial: Uniform references updated for custom material expression Custom.
[2017.10.24-21.20.40:662][  0]SourceControl: Source control is disabled
[2017.10.24-21.20.40:662][  0]SourceControl: Source control is disabled
[2017.10.24-21.20.40:707][  0]SourceControl: Source control is disabled
[2017.10.24-21.20.40:750][  0]SourceControl: Source control is disabled
[2017.10.24-21.20.41:276][  0]LogAndroidPermission: UAndroidPermissionCallbackProxy::GetInstance
[2017.10.24-21.20.41:504][  0]LogOcInput: OculusInput pre-init called
[2017.10.24-21.20.41:737][  0]LogEngine: Initializing Engine...
[2017.10.24-21.20.41:738][  0]LogHMD: Oculus plugin initialized. Version: 4.17.2-3658906+++UE4+Release-4.17, OVRPlugin: 1.15.0
[2017.10.24-21.20.41:971][  0]LogStats: UGameplayTagsManager::ConstructGameplayTagTree: Construct from data asset -  0.000 s
[2017.10.24-21.20.41:971][  0]LogStats: UGameplayTagsManager::ConstructGameplayTagTree: GameplayTagTreeChangedEvent.Broadcast -  0.000 s
[2017.10.24-21.20.42:094][  0]LogAIModule: Creating AISystem for world Untitled
[2017.10.24-21.20.42:102][  0]LogInit: XAudio2 using 'Speakers/Headphones (Realtek High Definition Audio)' : 2 channels at 48 kHz using 32 bits per sample (channel mask 0x3)
[2017.10.24-21.20.42:115][  0]LogInit: FAudioDevice initialized.
[2017.10.24-21.20.42:925][  0]LogDerivedDataCache: Saved boot cache 0.81s 93MB C:/Users/Jsmith.ESUE.000/AppData/Local/UnrealEngine/4.17/DerivedDataCache/Boot.ddc.
[2017.10.24-21.20.42:943][  0]LogInit: Texture streaming: Enabled
[2017.10.24-21.20.43:049][  0]LogEngineSessionManager: EngineSessionManager initialized
[2017.10.24-21.20.43:257][  0]LogInit: Transaction tracking system initialized
[2017.10.24-21.20.43:554][  0]BlueprintLog: New page: Editor Load
[2017.10.24-21.20.44:386][  0]LocalizationService: Localization service is disabled
[2017.10.24-21.20.45:046][  0]LogConsoleResponse: Display: 
[2017.10.24-21.20.45:210][  0]LogCook: Display: Max memory allowance for cook 16384mb min free memory 0mb
[2017.10.24-21.20.45:210][  0]LogCook: Display: Mobile HDR setting 1
[2017.10.24-21.20.45:210][  0]LogGameplayTags: Display: UGameplayTagsManager::DoneAddingNativeTags. DelegateIsBound: 0
[2017.10.24-21.20.45:556][  0]LogFileCache: Scanning file cache for directory 'C:/Users/Public/Documents/Public Programs/MMC-Skee-Ball.git/Content/' took 0.01s
[2017.10.24-21.20.46:164][  0]SourceControl: Source control is disabled
[2017.10.24-21.20.46:165][  0]Cmd: MAP LOAD FILE="../../../../../../Users/Public/Documents/Public Programs/MMC-Skee-Ball.git/Content/VirtualRealityBP/Maps/StartupMap.umap" TEMPLATE=0 SHOWPROGRESS=1 FEATURELEVEL=3
[2017.10.24-21.20.46:165][  0]LightingResults: New page: Lighting Build
[2017.10.24-21.20.46:204][  0]MapCheck: New page: Map Check
[2017.10.24-21.20.46:204][  0]LightingResults: New page: Lighting Build
[2017.10.24-21.20.46:295][  0]LogAIModule: Creating AISystem for world StartupMap
[2017.10.24-21.20.46:301][  0]LogEditorServer: Finished looking for orphan Actors (0.000 secs)
[2017.10.24-21.20.46:310][  0]Cmd: MAP CHECKDEP NOCLEARLOG
[2017.10.24-21.20.46:359][  0]MapCheck: Map check complete: 0 Error(s), 0 Warning(s), took 48.538ms to complete.
[2017.10.24-21.20.46:359][  0]LogFileHelpers: Loading map 'StartupMap' took 0.194
[2017.10.24-21.20.46:509][  0]LogCollectionManager: Loaded 0 collections in 0.001033 seconds
[2017.10.24-21.20.46:587][  0]LogFileCache: Scanning file cache for directory 'C:/Users/Public/Documents/Public Programs/MMC-Skee-Ball.git/Saved/Collections/' took 0.01s
[2017.10.24-21.20.46:587][  0]LogFileCache: Scanning file cache for directory 'C:/Users/Public/Documents/Public Programs/MMC-Skee-Ball.git/Content/Developers/JSmith/Collections/' took 0.01s
[2017.10.24-21.20.46:587][  0]LogFileCache: Scanning file cache for directory 'C:/Users/Public/Documents/Public Programs/MMC-Skee-Ball.git/Content/Collections/' took 0.01s
[2017.10.24-21.20.46:587][  0]LogCollectionManager: Rebuilt the GUID cache for 0 collections in 0.000000 seconds
[2017.10.24-21.20.46:596][  0]LogContentBrowser: Native class hierarchy populated in 0.0083 seconds. Added 2388 classes and 502 folders.
[2017.10.24-21.20.46:656][  0]LogContentBrowser: Native class hierarchy updated for 'WidgetCarousel' in 0.0012 seconds. Added 0 classes and 0 folders.
[2017.10.24-21.20.46:691][  0]LogContentBrowser: Native class hierarchy updated for 'AddContentDialog' in 0.0011 seconds. Added 0 classes and 0 folders.
[2017.10.24-21.20.46:733][  0]LogContentBrowser: Native class hierarchy updated for 'SceneOutliner' in 0.0012 seconds. Added 1 classes and 2 folders.
[2017.10.24-21.20.46:752][  0]LogSlate: Took 0.000196 seconds to synchronously load lazily loaded font '../../../Engine/Content/Slate/Fonts/Roboto-Regular.ttf' (155K)
[2017.10.24-21.20.46:753][  0]LogSlate: Took 0.000149 seconds to synchronously load lazily loaded font '../../../Engine/Content/Slate/Fonts/Roboto-Bold.ttf' (160K)
[2017.10.24-21.20.46:758][  0]LogSlate: Took 0.000157 seconds to synchronously load lazily loaded font '../../../Engine/Content/Editor/Slate/Fonts/FontAwesome.ttf' (139K)
[2017.10.24-21.20.46:884][  0]LogRenderer: Reallocating scene render targets to support 1208x576 Format 26 NumSamples 1 (Frame:1).
[2017.10.24-21.20.47:080][  0]LogContentBrowser: Native class hierarchy updated for 'HierarchicalLODOutliner' in 0.0012 seconds. Added 1 classes and 2 folders.
[2017.10.24-21.20.47:080][  0]LogLoad: (Engine Initialization) Total time: 16.76 seconds
[2017.10.24-21.20.47:080][  0]LogLoad: (Engine Initialization) Total Blueprint compile time: 0.00 seconds
[2017.10.24-21.20.47:081][  0]LogExternalProfiler: No external profilers were discovered.  External profiling features will not be available.
[2017.10.24-21.20.47:090][  0]Cmd: POLY SELECT MEMORY UNION
[2017.10.24-21.20.47:152][  0]LogOcInput: OculusInput is initialized
[2017.10.24-21.20.47:171][  0]LogContentStreaming: Texture pool size now 1000 MB
[2017.10.24-21.20.47:198][  0]LogSlate: Took 0.000182 seconds to synchronously load lazily loaded font '../../../Engine/Content/Slate/Fonts/Roboto-Light.ttf' (159K)
[2017.10.24-21.20.47:207][  1]LogAssetRegistry: Asset discovery search completed in 11.1248 seconds
[2017.10.24-21.20.47:210][  1]LogCollectionManager: Rebuilt the object cache for 0 collections in 0.000001 seconds (found 0 objects)
[2017.10.24-21.20.47:210][  1]LogCollectionManager: Fixed up redirectors for 0 collections in 0.000042 seconds (updated 0 objects)
[2017.10.24-21.20.52:052][513]Cmd: MAP LOAD FILE="../../../../../../Users/Public/Documents/Public Programs/MMC-Skee-Ball.git/Content/Maps/Arcade.umap" TEMPLATE=0 SHOWPROGRESS=1 FEATURELEVEL=3
[2017.10.24-21.20.52:064][513]LogSlate: Took 0.000141 seconds to synchronously load lazily loaded font '../../../Engine/Content/Slate/Fonts/Roboto-Light.ttf' (159K)
[2017.10.24-21.20.52:071][513]LightingResults: New page: Lighting Build
[2017.10.24-21.20.52:072][513]LoadErrors: New page: Loading map: Arcade.umap
[2017.10.24-21.20.52:076][513]MapCheck: New page: Map Check
[2017.10.24-21.20.52:076][513]LightingResults: New page: Lighting Build
[2017.10.24-21.20.52:281][513]LogAIModule: Creating AISystem for world Arcade
[2017.10.24-21.20.52:342][513]LogEditorServer: Finished looking for orphan Actors (0.000 secs)
[2017.10.24-21.20.52:402][513]Cmd: MAP CHECKDEP NOCLEARLOG
[2017.10.24-21.20.52:452][513]MapCheck: Map check complete: 0 Error(s), 0 Warning(s), took 50.428ms to complete.
[2017.10.24-21.20.52:452][513]LogFileHelpers: Loading map 'Arcade' took 0.401
[2017.10.24-21.21.08:784][381]LogSlate: Took 0.000198 seconds to synchronously load lazily loaded font '../../../Engine/Content/Editor/Slate/Fonts/Roboto-BoldCondensed.ttf' (158K)
[2017.10.24-21.21.24:916][189]Running C:/Program Files (x86)/Epic Games/UE_4.17/Engine/Binaries/DotNET/UnrealBuildTool.exe MMC_Skee_Ball Win64 Development -editorrecompile "C:/Users/Public/Documents/Public Programs/MMC-Skee-Ball.git/MMC_Skee_Ball.uproject" -invalidatemakefilesonly
[2017.10.24-21.21.25:123][189]Invalidating makefiles only in this run.
[2017.10.24-21.21.25:241][189]Candidate modules for hot reload:
[2017.10.24-21.21.25:241][189]  MMC_Skee_Ball
[2017.10.24-21.21.25:241][189]Launching UnrealBuildTool... [C:/Program Files (x86)/Epic Games/UE_4.17/Engine/Binaries/DotNET/UnrealBuildTool.exe MMC_Skee_Ball -ModuleWithSuffix MMC_Skee_Ball 3020 Win64 Development -editorrecompile -canskiplink "C:/Users/Public/Documents/Public Programs/MMC-Skee-Ball.git/MMC_Skee_Ball.uproject" ]
[2017.10.24-21.21.26:045][189]LogSlate: Took 0.000167 seconds to synchronously load lazily loaded font '../../../Engine/Content/Slate/Fonts/Roboto-Regular.ttf' (155K)
[2017.10.24-21.21.40:261][189]CompilerResultsLog: New page: Compilation - Oct 24, 2017, 1:21:40 PM
[2017.10.24-21.21.40:261][189]CompilerResultsLog: Compiling game modules for hot reload
[2017.10.24-21.21.40:261][189]CompilerResultsLog: Parsing headers for MMC_Skee_BallEditor
[2017.10.24-21.21.40:261][189]CompilerResultsLog:   Running UnrealHeaderTool "C:\Users\Public\Documents\Public Programs\MMC-Skee-Ball.git\MMC_Skee_Ball.uproject" "C:\Users\Public\Documents\Public Programs\MMC-Skee-Ball.git\Intermediate\Build\Win64\MMC_Skee_BallEditor\Development\MMC_Skee_BallEditor.uhtmanifest" -LogCmds="loginit warning, logexit warning, logdatabase error" -Unattended -WarningsAsErrors -installed
[2017.10.24-21.21.40:261][189]CompilerResultsLog: Reflection code generated for MMC_Skee_BallEditor in 7.928327 seconds
[2017.10.24-21.21.40:261][189]CompilerResultsLog: Performing 7 actions (4 in parallel)
[2017.10.24-21.21.40:261][189]CompilerResultsLog: MMC_Skee_Ball.init.gen.cpp
[2017.10.24-21.21.40:261][189]CompilerResultsLog: Skee_master.cpp
[2017.10.24-21.21.40:261][189]CompilerResultsLog: GoalPad.cpp
[2017.10.24-21.21.40:261][189]CompilerResultsLog: GoalPad.gen.cpp
[2017.10.24-21.21.40:261][189]CompilerResultsLog: Error: C:\Users\Public\Documents\Public Programs\MMC-Skee-Ball.git\Source\MMC_Skee_Ball\Skee_master.cpp(32) : error C2084: function 'ASkee_master::ASkee_master(void)' already has a body
[2017.10.24-21.21.40:261][189]CompilerResultsLog: Error: C:\Users\Public\Documents\Public Programs\MMC-Skee-Ball.git\Source\MMC_Skee_Ball\Skee_master.cpp(11) : note: see previous definition of '{ctor}'
[2017.10.24-21.21.40:261][189]CompilerResultsLog: Skee_master.gen.cpp
[2017.10.24-21.21.40:261][189]CompilerResultsLog: ERROR: UBT ERROR: Failed to produce item: C:\Users\Public\Documents\Public Programs\MMC-Skee-Ball.git\Binaries\Win64\UE4Editor-MMC_Skee_Ball-3020.dll
[2017.10.24-21.21.40:261][189]CompilerResultsLog: Total build time: 14.85 seconds (Local executor: 0.00 seconds)
[2017.10.24-21.21.40:261][189]LogMainFrame: MainFrame: Module compiling took 15.030 seconds
[2017.10.24-21.21.40:262][189]Warning: HotReload failed, recompile failed
[2017.10.24-21.21.40:269][189]Warning: RebindPackages failed because the compiler could not be started.
[2017.10.24-21.22.10:766][189]LogSlate: Took 0.014741 seconds to synchronously load lazily loaded font '../../../Engine/Content/Editor/Slate/Fonts/DroidSansMono.ttf' (77K)
[2017.10.24-21.22.15:884][716]Cmd: QUIT_EDITOR
[2017.10.24-21.22.15:913][716]LogExit: Preparing to exit.
[2017.10.24-21.22.16:776][716]LogDirectoryWatcher: A directory notification for 'C:/Users/Public/Documents/Public Programs/MMC-Skee-Ball.git/Content/' was aborted.
[2017.10.24-21.22.16:795][716]LogExit: Editor shut down
[2017.10.24-21.22.16:803][716]LogExit: Transaction tracking system shut down
[2017.10.24-21.22.16:874][716]LogDirectoryWatcher: A directory notification for '../../../Engine/Content/' was aborted.
[2017.10.24-21.22.16:874][716]LogDirectoryWatcher: A directory notification for '../../../../../../Users/Public/Documents/Public Programs/MMC-Skee-Ball.git/Content/' was aborted.
[2017.10.24-21.22.16:874][716]LogDirectoryWatcher: A directory notification for '../../../Engine/Plugins/2D/Paper2D/Content/' was aborted.
[2017.10.24-21.22.16:874][716]LogDirectoryWatcher: A directory notification for '../../../Engine/Plugins/Runtime/Oculus/OculusVR/Content/' was aborted.
[2017.10.24-21.22.16:874][716]LogDirectoryWatcher: A directory notification for '../../../Engine/Plugins/Runtime/Steam/SteamVR/Content/' was aborted.
[2017.10.24-21.22.16:914][716]LogExit: Object subsystem successfully closed.
[2017.10.24-21.22.16:927][716]LogD3D11RHI: Shutdown
[2017.10.24-21.22.16:927][716]LogD3D11RHI: CleanupD3DDevice
[2017.10.24-21.22.17:002][716]LogD3D11RHI: ~FD3D11DynamicRHI
[2017.10.24-21.22.17:014][716]LogModuleManager: Shutting down and abandoning module HierarchicalLODOutliner (532)
[2017.10.24-21.22.17:015][716]LogModuleManager: Shutting down and abandoning module SceneOutliner (530)
[2017.10.24-21.22.17:015][716]LogModuleManager: Shutting down and abandoning module AddContentDialog (528)
[2017.10.24-21.22.17:015][716]LogDirectoryWatcher: A directory notification for 'C:/Program Files (x86)/Epic Games/UE_4.17/FeaturePacks/' was aborted.
[2017.10.24-21.22.17:016][716]LogModuleManager: Shutting down and abandoning module WidgetCarousel (527)
[2017.10.24-21.22.17:016][716]LogModuleManager: Shutting down and abandoning module EditorWidgets (524)
[2017.10.24-21.22.17:016][716]LogModuleManager: Shutting down and abandoning module CollectionManager (522)
[2017.10.24-21.22.17:016][716]LogDirectoryWatcher: A directory notification for 'C:/Users/Public/Documents/Public Programs/MMC-Skee-Ball.git/Content/Collections/' was aborted.
[2017.10.24-21.22.17:016][716]LogDirectoryWatcher: A directory notification for 'C:/Users/Public/Documents/Public Programs/MMC-Skee-Ball.git/Content/Developers/JSmith/Collections/' was aborted.
[2017.10.24-21.22.17:016][716]LogDirectoryWatcher: A directory notification for 'C:/Users/Public/Documents/Public Programs/MMC-Skee-Ball.git/Saved/Collections/' was aborted.
[2017.10.24-21.22.17:016][716]LogModuleManager: Shutting down and abandoning module StatsViewer (520)
[2017.10.24-21.22.17:016][716]LogModuleManager: Shutting down and abandoning module FoliageEdit (518)
[2017.10.24-21.22.17:016][716]LogModuleManager: Shutting down and abandoning module LandscapeEditor (516)
[2017.10.24-21.22.17:016][716]LogModuleManager: Shutting down and abandoning module MeshPaintMode (514)
[2017.10.24-21.22.17:016][716]LogModuleManager: Shutting down and abandoning module SceneDepthPickerMode (512)
[2017.10.24-21.22.17:016][716]LogModuleManager: Shutting down and abandoning module ActorPickerMode (510)
[2017.10.24-21.22.17:016][716]LogModuleManager: Shutting down and abandoning module GeometryMode (508)
[2017.10.24-21.22.17:016][716]LogModuleManager: Shutting down and abandoning module TextureAlignMode (506)
[2017.10.24-21.22.17:016][716]LogModuleManager: Shutting down and abandoning module BspMode (504)
[2017.10.24-21.22.17:016][716]LogModuleManager: Shutting down and abandoning module PIEPreviewDeviceProfileSelector (502)
[2017.10.24-21.22.17:016][716]LogModuleManager: Shutting down and abandoning module HardwareSurvey (500)
[2017.10.24-21.22.17:016][716]LogModuleManager: Shutting down and abandoning module SequenceRecorderSections (498)
[2017.10.24-21.22.17:016][716]LogModuleManager: Shutting down and abandoning module AutomationWorker (496)
[2017.10.24-21.22.17:016][716]LogModuleManager: Shutting down and abandoning module MatineeToLevelSequence (494)
[2017.10.24-21.22.17:016][716]LogModuleManager: Shutting down and abandoning module LevelSequenceEditor (492)
[2017.10.24-21.22.17:016][716]LogModuleManager: Shutting down and abandoning module PlacementMode (491)
[2017.10.24-21.22.17:016][716]LogModuleManager: Shutting down and abandoning module WmfMediaFactory (488)
[2017.10.24-21.22.17:016][716]LogModuleManager: Shutting down and abandoning module WmfMediaEditor (486)
[2017.10.24-21.22.17:016][716]LogModuleManager: Shutting down and abandoning module AvfMediaFactory (484)
[2017.10.24-21.22.17:016][716]LogModuleManager: Shutting down and abandoning module AvfMediaEditor (482)
[2017.10.24-21.22.17:016][716]LogModuleManager: Shutting down and abandoning module AndroidMediaFactory (480)
[2017.10.24-21.22.17:017][716]LogModuleManager: Shutting down and abandoning module Media (479)
[2017.10.24-21.22.17:017][716]LogModuleManager: Shutting down and abandoning module AndroidMediaEditor (476)
[2017.10.24-21.22.17:017][716]LogModuleManager: Shutting down and abandoning module CharacterAI (474)
[2017.10.24-21.22.17:017][716]LogModuleManager: Shutting down and abandoning module AudioCapture (472)
[2017.10.24-21.22.17:017][716]LogModuleManager: Shutting down and abandoning module SequenceRecorder (471)
[2017.10.24-21.22.17:017][716]LogModuleManager: Shutting down and abandoning module SmartSnapping (468)
[2017.10.24-21.22.17:017][716]LogModuleManager: Shutting down and abandoning module SessionServices (466)
[2017.10.24-21.22.17:017][716]LogModuleManager: Shutting down and abandoning module ViewportSnapping (464)
[2017.10.24-21.22.17:017][716]LogModuleManager: Shutting down and abandoning module ViewportInteraction (462)
[2017.10.24-21.22.17:017][716]LogModuleManager: Shutting down and abandoning module ClothPainter (460)
[2017.10.24-21.22.17:017][716]LogModuleManager: Shutting down and abandoning module LogVisualizer (458)
[2017.10.24-21.22.17:017][716]LogModuleManager: Shutting down and abandoning module IntroTutorials (456)
[2017.10.24-21.22.17:017][716]LogModuleManager: Shutting down and abandoning module GameProjectGeneration (455)
[2017.10.24-21.22.17:017][716]LogModuleManager: Shutting down and abandoning module IOSPlatformEditor (452)
[2017.10.24-21.22.17:017][716]LogModuleManager: Shutting down and abandoning module HTML5PlatformEditor (450)
[2017.10.24-21.22.17:017][716]LogModuleManager: Shutting down and abandoning module AndroidPlatformEditor (448)
[2017.10.24-21.22.17:017][716]LogModuleManager: Shutting down and abandoning module AndroidDeviceDetection (447)
[2017.10.24-21.22.17:745][716]LogModuleManager: Shutting down and abandoning module WindowsPlatformEditor (444)
[2017.10.24-21.22.17:745][716]LogModuleManager: Shutting down and abandoning module IOSRuntimeSettings (442)
[2017.10.24-21.22.17:745][716]LogModuleManager: Shutting down and abandoning module AndroidRuntimeSettings (440)
[2017.10.24-21.22.17:745][716]LogModuleManager: Shutting down and abandoning module InputBindingEditor (438)
[2017.10.24-21.22.17:745][716]LogModuleManager: Shutting down and abandoning module MergeActors (436)
[2017.10.24-21.22.17:745][716]LogModuleManager: Shutting down and abandoning module SizeMap (434)
[2017.10.24-21.22.17:745][716]LogModuleManager: Shutting down and abandoning module TreeMap (432)
[2017.10.24-21.22.17:745][716]LogModuleManager: Shutting down and abandoning module ReferenceViewer (430)
[2017.10.24-21.22.17:745][716]LogModuleManager: Shutting down and abandoning module LocalizationDashboard (428)
[2017.10.24-21.22.17:745][716]LogModuleManager: Shutting down and abandoning module LocalizationService (427)
[2017.10.24-21.22.17:745][716]LogModuleManager: Shutting down and abandoning module HardwareTargeting (424)
[2017.10.24-21.22.17:745][716]LogModuleManager: Shutting down and abandoning module DeviceProfileEditor (422)
[2017.10.24-21.22.17:745][716]LogModuleManager: Shutting down and abandoning module UndoHistory (420)
[2017.10.24-21.22.17:745][716]LogModuleManager: Shutting down and abandoning module XmlParser (418)
[2017.10.24-21.22.17:745][716]LogModuleManager: Shutting down and abandoning module Blutility (416)
[2017.10.24-21.22.17:746][716]LogModuleManager: Shutting down and abandoning module ProjectSettingsViewer (414)
[2017.10.24-21.22.17:746][716]LogModuleManager: Shutting down and abandoning module ProjectTargetPlatformEditor (413)
[2017.10.24-21.22.17:746][716]LogModuleManager: Shutting down and abandoning module EditorSettingsViewer (410)
[2017.10.24-21.22.17:746][716]LogModuleManager: Shutting down and abandoning module SettingsEditor (408)
[2017.10.24-21.22.17:746][716]LogModuleManager: Shutting down and abandoning module ProjectLauncher (406)
[2017.10.24-21.22.17:746][716]LogModuleManager: Shutting down and abandoning module SessionFrontend (404)
[2017.10.24-21.22.17:746][716]LogModuleManager: Shutting down and abandoning module ProfilerClient (402)
[2017.10.24-21.22.17:746][716]LogModuleManager: Shutting down and abandoning module DeviceManager (400)
[2017.10.24-21.22.17:746][716]LogModuleManager: Shutting down and abandoning module TargetDeviceServices (399)
[2017.10.24-21.22.17:786][716]LogModuleManager: Shutting down and abandoning module AutomationController (396)
[2017.10.24-21.22.17:786][716]LogModuleManager: Shutting down and abandoning module AutomationWindow (394)
[2017.10.24-21.22.17:786][716]LogModuleManager: Shutting down and abandoning module Layers (392)
[2017.10.24-21.22.17:786][716]LogModuleManager: Shutting down and abandoning module ComponentVisualizers (390)
[2017.10.24-21.22.17:786][716]LogModuleManager: Shutting down and abandoning module DetailCustomizations (388)
[2017.10.24-21.22.17:786][716]LogModuleManager: Shutting down and abandoning module PackagesDialog (386)
[2017.10.24-21.22.17:786][716]LogModuleManager: Shutting down and abandoning module Persona (384)
[2017.10.24-21.22.17:786][716]LogModuleManager: Shutting down and abandoning module AdvancedPreviewScene (383)
[2017.10.24-21.22.17:786][716]LogModuleManager: Shutting down and abandoning module AnimGraph (381)
[2017.10.24-21.22.17:786][716]LogModuleManager: Shutting down and abandoning module Kismet (378)
[2017.10.24-21.22.17:786][716]LogModuleManager: Shutting down and abandoning module ClassViewer (376)
[2017.10.24-21.22.17:787][716]LogModuleManager: Shutting down and abandoning module Toolbox (374)
[2017.10.24-21.22.17:788][716]LogModuleManager: Shutting down and abandoning module ModuleUI (372)
[2017.10.24-21.22.17:788][716]LogModuleManager: Shutting down and abandoning module MovieSceneTools (370)
[2017.10.24-21.22.17:788][716]LogModuleManager: Shutting down and abandoning module OutputLog (368)
[2017.10.24-21.22.17:788][716]LogModuleManager: Shutting down and abandoning module GammaUI (366)
[2017.10.24-21.22.17:788][716]LogModuleManager: Shutting down and abandoning module Documentation (364)
[2017.10.24-21.22.17:788][716]LogModuleManager: Shutting down and abandoning module MovieSceneTracks (362)
[2017.10.24-21.22.17:788][716]LogModuleManager: Shutting down and abandoning module MovieScene (360)
[2017.10.24-21.22.17:788][716]LogModuleManager: Shutting down and abandoning module Niagara (358)
[2017.10.24-21.22.17:788][716]LogModuleManager: Shutting down and abandoning module NiagaraEditor (357)
[2017.10.24-21.22.17:788][716]LogModuleManager: Shutting down and abandoning module StreamingPauseRendering (354)
[2017.10.24-21.22.17:788][716]LogModuleManager: Shutting down and abandoning module LauncherPlatform (352)
[2017.10.24-21.22.17:788][716]LogModuleManager: Shutting down and abandoning module AnalyticsET (350)
[2017.10.24-21.22.17:788][716]LogModuleManager: Shutting down and abandoning module PortalServices (348)
[2017.10.24-21.22.17:788][716]LogModuleManager: Shutting down and abandoning module PortalRpc (346)
[2017.10.24-21.22.17:788][716]LogModuleManager: Shutting down and abandoning module MessagingRpc (344)
[2017.10.24-21.22.17:788][716]LogModuleManager: Shutting down and abandoning module AIModule (342)
[2017.10.24-21.22.17:788][716]LogModuleManager: Shutting down and abandoning module GameplayDebugger (341)
[2017.10.24-21.22.17:788][716]LogModuleManager: Shutting down and abandoning module AITestSuite (339)
[2017.10.24-21.22.17:788][716]LogModuleManager: Shutting down and abandoning module ProfilerService (336)
[2017.10.24-21.22.17:946][716]LogModuleManager: Shutting down and abandoning module TaskGraph (334)
[2017.10.24-21.22.17:946][716]LogModuleManager: Shutting down and abandoning module SteamVRController (332)
[2017.10.24-21.22.17:946][716]LogModuleManager: Shutting down and abandoning module ProceduralMeshComponentEditor (330)
[2017.10.24-21.22.17:946][716]LogModuleManager: Shutting down and abandoning module ProceduralMeshComponent (328)
[2017.10.24-21.22.17:946][716]LogModuleManager: Shutting down and abandoning module OculusInput (326)
[2017.10.24-21.22.17:946][716]LogModuleManager: Shutting down and abandoning module MobilePatchingUtils (324)
[2017.10.24-21.22.17:946][716]LogModuleManager: Shutting down and abandoning module CustomMeshComponent (322)
[2017.10.24-21.22.17:946][716]LogModuleManager: Shutting down and abandoning module CableComponent (320)
[2017.10.24-21.22.17:946][716]LogModuleManager: Shutting down and abandoning module ArchVisCharacter (318)
[2017.10.24-21.22.17:946][716]LogModuleManager: Shutting down and abandoning module AndroidPermission (316)
[2017.10.24-21.22.17:946][716]LogModuleManager: Shutting down and abandoning module MediaPlayerEditor (312)
[2017.10.24-21.22.17:946][716]LogModuleManager: Shutting down and abandoning module HTML5Networking (310)
[2017.10.24-21.22.17:946][716]LogModuleManager: Shutting down and abandoning module AlembicImporter (308)
[2017.10.24-21.22.17:946][716]LogModuleManager: Shutting down and abandoning module AlembicLibrary (307)
[2017.10.24-21.22.17:946][716]LogModuleManager: Shutting down and abandoning module GeometryCache (306)
[2017.10.24-21.22.17:946][716]LogModuleManager: Shutting down and abandoning module GeometryCacheEd (305)
[2017.10.24-21.22.17:946][716]LogModuleManager: Shutting down and abandoning module SpeedTreeImporter (300)
[2017.10.24-21.22.17:946][716]LogModuleManager: Shutting down and abandoning module PluginBrowser (298)
[2017.10.24-21.22.17:946][716]LogModuleManager: Shutting down and abandoning module MobileLauncherProfileWizard (296)
[2017.10.24-21.22.17:946][716]LogModuleManager: Shutting down and abandoning module VisualStudioSourceCodeAccess (294)
[2017.10.24-21.22.17:946][716]LogModuleManager: Shutting down and abandoning module DesktopPlatform (293)
[2017.10.24-21.22.17:946][716]LogModuleManager: Shutting down and abandoning module UObjectPlugin (290)
[2017.10.24-21.22.17:946][716]LogModuleManager: Shutting down and abandoning module SubversionSourceControl (288)
[2017.10.24-21.22.17:947][716]LogModuleManager: Shutting down and abandoning module PerforceSourceControl (286)
[2017.10.24-21.22.17:947][716]LogModuleManager: Shutting down and abandoning module GitSourceControl (284)
[2017.10.24-21.22.17:947][716]LogModuleManager: Shutting down and abandoning module SourceControl (283)
[2017.10.24-21.22.17:947][716]LogModuleManager: Shutting down and abandoning module LightPropagationVolumeEditor (280)
[2017.10.24-21.22.17:947][716]LogModuleManager: Shutting down and abandoning module PaperTiledImporter (278)
[2017.10.24-21.22.17:947][716]LogModuleManager: Shutting down and abandoning module PaperSpriteSheetImporter (276)
[2017.10.24-21.22.17:947][716]LogModuleManager: Shutting down and abandoning module Paper2DEditor (274)
[2017.10.24-21.22.17:947][716]LogModuleManager: Shutting down and abandoning module MeshPaint (273)
[2017.10.24-21.22.17:947][716]LogModuleManager: Shutting down and abandoning module LevelEditor (271)
[2017.10.24-21.22.17:947][716]LogModuleManager: Shutting down and abandoning module PixelInspectorModule (270)
[2017.10.24-21.22.17:948][716]LogModuleManager: Shutting down and abandoning module MainFrame (268)
[2017.10.24-21.22.17:948][716]LogModuleManager: Shutting down and abandoning module HotReload (267)
[2017.10.24-21.22.17:948][716]LogDirectoryWatcher: A directory notification for 'C:/Users/Public/Documents/Public Programs/MMC-Skee-Ball.git/Binaries/Win64' was aborted.
[2017.10.24-21.22.17:948][716]LogModuleManager: Shutting down and abandoning module MMC_Skee_Ball (262)
[2017.10.24-21.22.17:948][716]LogModuleManager: Shutting down and abandoning module RuntimePhysXCooking (260)
[2017.10.24-21.22.17:948][716]LogModuleManager: Shutting down and abandoning module PhysXVehiclesEditor (258)
[2017.10.24-21.22.17:948][716]LogModuleManager: Shutting down and abandoning module PhysXVehicles (256)
[2017.10.24-21.22.17:948][716]LogModuleManager: Shutting down and abandoning module OculusEditor (254)
[2017.10.24-21.22.17:948][716]LogModuleManager: Shutting down and abandoning module LocationServicesBPLibrary (252)
[2017.10.24-21.22.17:948][716]LogModuleManager: Shutting down and abandoning module ImmediatePhysicsEditor (250)
[2017.10.24-21.22.17:948][716]LogModuleManager: Shutting down and abandoning module ImmediatePhysics (248)
[2017.10.24-21.22.17:948][716]LogModuleManager: Shutting down and abandoning module UdpMessaging (246)
[2017.10.24-21.22.18:048][716]LogModuleManager: Shutting down and abandoning module TcpMessaging (244)
[2017.10.24-21.22.18:148][716]LogModuleManager: Shutting down and abandoning module GameplayTagsEditor (242)
[2017.10.24-21.22.18:148][716]LogModuleManager: Shutting down and abandoning module FacialAnimationEditor (240)
[2017.10.24-21.22.18:148][716]LogModuleManager: Shutting down and abandoning module FacialAnimation (238)
[2017.10.24-21.22.18:148][716]LogModuleManager: Shutting down and abandoning module AssetManagerEditor (236)
[2017.10.24-21.22.18:148][716]LogModuleManager: Shutting down and abandoning module GraphEditor (235)
[2017.10.24-21.22.18:148][716]LogModuleManager: Shutting down and abandoning module ContentBrowser (233)
[2017.10.24-21.22.18:149][716]LogModuleManager: Shutting down and abandoning module LightPropagationVolumeRuntime (230)
[2017.10.24-21.22.18:149][716]LogModuleManager: Shutting down and abandoning module Paper2D (228)
[2017.10.24-21.22.18:149][716]LogModuleManager: Shutting down and abandoning module WindowsMoviePlayer (226)
[2017.10.24-21.22.18:149][716]LogModuleManager: Shutting down and abandoning module WmfMedia (224)
[2017.10.24-21.22.18:149][716]LogModuleManager: Shutting down and abandoning module PacketHandler (222)
[2017.10.24-21.22.18:149][716]LogModuleManager: Shutting down and abandoning module ClothingSystemEditor (220)
[2017.10.24-21.22.18:150][716]LogModuleManager: Shutting down and abandoning module ClothingSystemRuntime (218)
[2017.10.24-21.22.18:150][716]LogModuleManager: Shutting down and abandoning module Overlay (216)
[2017.10.24-21.22.18:150][716]LogModuleManager: Shutting down and abandoning module OverlayEditor (215)
[2017.10.24-21.22.18:150][716]LogModuleManager: Shutting down and abandoning module MediaAssets (212)
[2017.10.24-21.22.18:150][716]LogModuleManager: Shutting down and abandoning module VREditor (210)
[2017.10.24-21.22.18:150][716]LogModuleManager: Shutting down and abandoning module StringTableEditor (208)
[2017.10.24-21.22.18:150][716]LogModuleManager: Shutting down and abandoning module GameplayTasksEditor (206)
[2017.10.24-21.22.18:150][716]LogModuleManager: Shutting down and abandoning module BehaviorTreeEditor (204)
[2017.10.24-21.22.18:150][716]LogModuleManager: Shutting down and abandoning module FunctionalTesting (202)
[2017.10.24-21.22.18:150][716]LogModuleManager: Shutting down and abandoning module CollisionAnalyzer (200)
[2017.10.24-21.22.18:150][716]LogModuleManager: Shutting down and abandoning module WorkspaceMenuStructure (199)
[2017.10.24-21.22.18:150][716]LogModuleManager: Shutting down and abandoning module UMG (196)
[2017.10.24-21.22.18:150][716]LogModuleManager: Shutting down and abandoning module UMGEditor (195)
[2017.10.24-21.22.18:150][716]LogModuleManager: Shutting down and abandoning module Sequencer (194)
[2017.10.24-21.22.18:150][716]LogModuleManager: Shutting down and abandoning module MessageLog (191)
[2017.10.24-21.22.18:150][716]LogModuleManager: Shutting down and abandoning module SlateReflector (186)
[2017.10.24-21.22.18:150][716]LogModuleManager: Shutting down and abandoning module Slate (184)
[2017.10.24-21.22.18:150][716]LogModuleManager: Shutting down and abandoning module EditorStyle (182)
[2017.10.24-21.22.18:152][716]LogModuleManager: Shutting down and abandoning module MRMesh (180)
[2017.10.24-21.22.18:152][716]LogModuleManager: Shutting down and abandoning module SourceCodeAccess (178)
[2017.10.24-21.22.18:153][716]LogModuleManager: Shutting down and abandoning module HeadMountedDisplay (176)
[2017.10.24-21.22.18:153][716]LogModuleManager: Shutting down and abandoning module XAudio2 (174)
[2017.10.24-21.22.18:153][716]LogModuleManager: Shutting down and abandoning module Networking (172)
[2017.10.24-21.22.18:153][716]LogModuleManager: Shutting down and abandoning module Core (168)
[2017.10.24-21.22.18:153][716]LogModuleManager: Shutting down and abandoning module KismetCompiler (164)
[2017.10.24-21.22.18:153][716]LogModuleManager: Shutting down and abandoning module MeshUtilities (162)
[2017.10.24-21.22.18:153][716]LogModuleManager: Shutting down and abandoning module MeshMergeUtilities (161)
[2017.10.24-21.22.18:153][716]LogModuleManager: Shutting down and abandoning module MeshReductionInterface (160)
[2017.10.24-21.22.18:153][716]LogModuleManager: Shutting down and abandoning module SimplygonSwarm (159)
[2017.10.24-21.22.18:153][716]LogModuleManager: Shutting down and abandoning module SimplygonMeshReduction (157)
[2017.10.24-21.22.18:153][716]LogModuleManager: Shutting down and abandoning module QuadricMeshReduction (155)
[2017.10.24-21.22.18:153][716]LogModuleManager: Shutting down and abandoning module MaterialBaking (151)
[2017.10.24-21.22.18:153][716]LogModuleManager: Shutting down and abandoning module LevelSequence (148)
[2017.10.24-21.22.18:153][716]LogModuleManager: Shutting down and abandoning module DirectoryWatcher (146)
[2017.10.24-21.22.18:154][716]LogModuleManager: Shutting down and abandoning module DerivedDataCache (144)
[2017.10.24-21.22.18:338][716]LogDerivedDataCache: Shutdown
[2017.10.24-21.22.18:338][716]LogModuleManager: Shutting down and abandoning module TargetPlatform (142)
[2017.10.24-21.22.18:338][716]LogModuleManager: Shutting down and abandoning module VulkanShaderFormat (141)
[2017.10.24-21.22.18:338][716]LogModuleManager: Shutting down and abandoning module ShaderFormatVectorVM (139)
[2017.10.24-21.22.18:338][716]LogModuleManager: Shutting down and abandoning module ShaderFormatOpenGL (137)
[2017.10.24-21.22.18:338][716]LogModuleManager: Shutting down and abandoning module ShaderFormatD3D (135)
[2017.10.24-21.22.18:338][716]LogModuleManager: Shutting down and abandoning module MetalShaderFormat (133)
[2017.10.24-21.22.18:338][716]LogModuleManager: Shutting down and abandoning module TextureFormatUncompressed (131)
[2017.10.24-21.22.18:338][716]LogModuleManager: Shutting down and abandoning module TextureFormatPVR (129)
[2017.10.24-21.22.18:338][716]LogModuleManager: Shutting down and abandoning module TextureFormatDXT (127)
[2017.10.24-21.22.18:338][716]LogModuleManager: Shutting down and abandoning module TextureFormatIntelISPCTexComp (125)
[2017.10.24-21.22.18:339][716]LogModuleManager: Shutting down and abandoning module TextureFormatASTC (123)
[2017.10.24-21.22.18:339][716]LogModuleManager: Shutting down and abandoning module ImageWrapper (122)
[2017.10.24-21.22.18:339][716]LogModuleManager: Shutting down and abandoning module TextureFormatAndroid (119)
[2017.10.24-21.22.18:339][716]LogModuleManager: Shutting down and abandoning module AudioFormatOpus (117)
[2017.10.24-21.22.18:339][716]LogModuleManager: Shutting down and abandoning module AudioFormatOgg (115)
[2017.10.24-21.22.18:339][716]LogModuleManager: Shutting down and abandoning module AudioFormatADPCM (113)
[2017.10.24-21.22.18:339][716]LogModuleManager: Shutting down and abandoning module LinuxTargetPlatform (111)
[2017.10.24-21.22.18:339][716]LogModuleManager: Shutting down and abandoning module LinuxServerTargetPlatform (109)
[2017.10.24-21.22.18:339][716]LogModuleManager: Shutting down and abandoning module LinuxNoEditorTargetPlatform (107)
[2017.10.24-21.22.18:339][716]LogModuleManager: Shutting down and abandoning module LinuxClientTargetPlatform (105)
[2017.10.24-21.22.18:339][716]LogModuleManager: Shutting down and abandoning module TVOSTargetPlatform (103)
[2017.10.24-21.22.18:339][716]LogModuleManager: Shutting down and abandoning module Messaging (101)
[2017.10.24-21.22.18:339][716]LogModuleManager: Shutting down and abandoning module IOSTargetPlatform (99)
[2017.10.24-21.22.18:339][716]LogModuleManager: Shutting down and abandoning module HTML5TargetPlatform (97)
[2017.10.24-21.22.18:339][716]LogModuleManager: Shutting down and abandoning module Android_PVRTCTargetPlatform (95)
[2017.10.24-21.22.18:339][716]LogModuleManager: Shutting down and abandoning module Android_MultiTargetPlatform (93)
[2017.10.24-21.22.18:339][716]LogModuleManager: Shutting down and abandoning module Android_ETC2TargetPlatform (91)
[2017.10.24-21.22.18:339][716]LogModuleManager: Shutting down and abandoning module Android_ETC1TargetPlatform (89)
[2017.10.24-21.22.18:339][716]LogModuleManager: Shutting down and abandoning module Android_DXTTargetPlatform (87)
[2017.10.24-21.22.18:339][716]LogModuleManager: Shutting down and abandoning module Android_ATCTargetPlatform (85)
[2017.10.24-21.22.18:339][716]LogModuleManager: Shutting down and abandoning module Android_ASTCTargetPlatform (83)
[2017.10.24-21.22.18:339][716]LogModuleManager: Shutting down and abandoning module AndroidTargetPlatform (81)
[2017.10.24-21.22.18:339][716]LogModuleManager: Shutting down and abandoning module WindowsTargetPlatform (79)
[2017.10.24-21.22.18:339][716]LogModuleManager: Shutting down and abandoning module WindowsServerTargetPlatform (77)
[2017.10.24-21.22.18:339][716]LogModuleManager: Shutting down and abandoning module WindowsNoEditorTargetPlatform (75)
[2017.10.24-21.22.18:339][716]LogModuleManager: Shutting down and abandoning module WindowsClientTargetPlatform (73)
[2017.10.24-21.22.18:339][716]LogModuleManager: Shutting down and abandoning module MacTargetPlatform (71)
[2017.10.24-21.22.18:339][716]LogModuleManager: Shutting down and abandoning module MacServerTargetPlatform (69)
[2017.10.24-21.22.18:339][716]LogModuleManager: Shutting down and abandoning module MacNoEditorTargetPlatform (67)
[2017.10.24-21.22.18:339][716]LogModuleManager: Shutting down and abandoning module MacClientTargetPlatform (65)
[2017.10.24-21.22.18:339][716]LogModuleManager: Shutting down and abandoning module AllDesktopTargetPlatform (63)
[2017.10.24-21.22.18:339][716]LogModuleManager: Shutting down and abandoning module InputCore (60)
[2017.10.24-21.22.18:339][716]LogModuleManager: Shutting down and abandoning module Settings (58)
[2017.10.24-21.22.18:339][716]LogModuleManager: Shutting down and abandoning module PhysXCooking (56)
[2017.10.24-21.22.18:339][716]LogModuleManager: Shutting down and abandoning module SteamVR (54)
[2017.10.24-21.22.18:339][716]LogModuleManager: Shutting down and abandoning module OculusHMD (52)
[2017.10.24-21.22.18:339][716]LogModuleManager: Shutting down and abandoning module ExampleDeviceProfileSelector (50)
[2017.10.24-21.22.18:339][716]LogModuleManager: Shutting down and abandoning module OnlineBlueprintSupport (48)
[2017.10.24-21.22.18:339][716]LogModuleManager: Shutting down and abandoning module OnlineSubsystem (44)
[2017.10.24-21.22.18:339][716]LogOnline: Display: Unloading online subsystem: NULL
[2017.10.24-21.22.18:339][716]LogModuleManager: Shutting down and abandoning module XMPP (43)
[2017.10.24-21.22.18:339][716]LogModuleManager: Shutting down and abandoning module HTTP (41)
[2017.10.24-21.22.18:339][716]LogHttp: Display: Http module shutting down, but needs to wait on 1 outstanding Http requests:
[2017.10.24-21.22.18:339][716]LogHttp: Display: 	verb=[POST] url=[https://datarouter.ol.epicgames.com/datarouter/api/v1/public/data?SessionID=%7BA3D0030D-45C3-2EC5-69FE-B5BAD26C73CC%7D&AppID=UEEditor.Rocket.Release&AppVersion=4.17.2-3658906%2B%2B%2BUE4%2BRelease-4.17&UserID=8c08b9d34450f32ce008e0aeb07d64a1%7C%7C1ec4d4c3-c05a-4a64-a6b2-d7fff67dbb6c&AppEnvironment=datacollector-binary&UploadType=eteventstream] status=Processing
[2017.10.24-21.22.18:357][716]LogModuleManager: Shutting down and abandoning module SSL (40)
[2017.10.24-21.22.18:359][716]LogModuleManager: Shutting down and abandoning module AnimationModifiers (36)
[2017.10.24-21.22.18:359][716]LogModuleManager: Shutting down and abandoning module PropertyEditor (35)
[2017.10.24-21.22.18:359][716]LogModuleManager: Shutting down and abandoning module AudioEditor (32)
[2017.10.24-21.22.18:359][716]LogModuleManager: Shutting down and abandoning module TextureCompressor (30)
[2017.10.24-21.22.18:359][716]LogModuleManager: Shutting down and abandoning module ShaderCore (28)
[2017.10.24-21.22.18:359][716]LogModuleManager: Shutting down and abandoning module Landscape (26)
[2017.10.24-21.22.18:359][716]LogModuleManager: Shutting down and abandoning module SlateRHIRenderer (24)
[2017.10.24-21.22.18:360][716]LogModuleManager: Shutting down and abandoning module OpenGLDrv (22)
[2017.10.24-21.22.18:360][716]LogModuleManager: Shutting down and abandoning module D3D11RHI (20)
[2017.10.24-21.22.18:360][716]LogModuleManager: Shutting down and abandoning module AnimGraphRuntime (18)
[2017.10.24-21.22.18:360][716]LogModuleManager: Shutting down and abandoning module Renderer (16)
[2017.10.24-21.22.18:360][716]LogModuleManager: Shutting down and abandoning module Engine (14)
[2017.10.24-21.22.18:360][716]LogModuleManager: Shutting down and abandoning module CoreUObject (12)
[2017.10.24-21.22.18:360][716]LogModuleManager: Shutting down and abandoning module NetworkFile (10)
[2017.10.24-21.22.18:360][716]LogModuleManager: Shutting down and abandoning module CookedIterativeFile (8)
[2017.10.24-21.22.18:360][716]LogModuleManager: Shutting down and abandoning module StreamingFile (6)
[2017.10.24-21.22.18:360][716]LogModuleManager: Shutting down and abandoning module SandboxFile (4)
[2017.10.24-21.22.18:360][716]LogModuleManager: Shutting down and abandoning module PakFile (2)
[2017.10.24-21.22.18:363][716]LogExit: Exiting.
[2017.10.24-21.22.18:376][716]Log file closed, 10/24/17 17:22:18
