Log file open, 10/19/17 14:45:34
LogWindows: Failed to load 'aqProf.dll' (GetLastError=126)
LogWindows: File 'aqProf.dll' does not exist
LogWindows: Failed to load 'VSPerf140.dll' (GetLastError=126)
LogWindows: File 'VSPerf140.dll' does not exist
LogWindows: Failed to load 'VtuneApi.dll' (GetLastError=126)
LogWindows: File 'VtuneApi.dll' does not exist
LogWindows: Failed to load 'VtuneApi32e.dll' (GetLastError=126)
LogWindows: File 'VtuneApi32e.dll' does not exist
LogInit: Display: Running engine for game: MMC_Skee_Ball
LogPlatformFile: Not using cached read wrapper
LogInit: Display: RandInit(-1878710056) SRandInit(-1878710056).
LogTaskGraph: Started task graph with 5 named threads and 14 total threads with 3 sets of task threads.
LogStats: Stats thread started at 0.155037
LogD3D11RHI: Aftermath initialized
LogPluginManager: Mounting plugin Paper2D
LogPluginManager: Mounting plugin LightPropagationVolume
LogPluginManager: Mounting plugin CodeLiteSourceCodeAccess
LogPluginManager: Mounting plugin GitSourceControl
LogPluginManager: Mounting plugin KDevelopSourceCodeAccess
LogPluginManager: Mounting plugin NullSourceCodeAccess
LogPluginManager: Mounting plugin PerforceSourceControl
LogPluginManager: Mounting plugin SubversionSourceControl
LogPluginManager: Mounting plugin UObjectPlugin
LogPluginManager: Mounting plugin VisualStudioSourceCodeAccess
LogPluginManager: Mounting plugin XCodeSourceCodeAccess
LogPluginManager: Mounting plugin AssetManagerEditor
LogPluginManager: Mounting plugin AudioCapture
LogPluginManager: Mounting plugin FacialAnimation
LogPluginManager: Mounting plugin GameplayTagsEditor
LogPluginManager: Mounting plugin MobileLauncherProfileWizard
LogPluginManager: Mounting plugin PluginBrowser
LogPluginManager: Mounting plugin SpeedTreeImporter
LogPluginManager: Mounting plugin AlembicImporter
LogPluginManager: Mounting plugin CharacterAI
LogPluginManager: Mounting plugin HTML5Networking
LogPluginManager: Mounting plugin AndroidMedia
LogPluginManager: Mounting plugin AvfMedia
LogPluginManager: Mounting plugin MediaPlayerEditor
LogPluginManager: Mounting plugin WmfMedia
LogPluginManager: Mounting plugin TcpMessaging
LogPluginManager: Mounting plugin UdpMessaging
LogPluginManager: Mounting plugin LevelSequenceEditor
LogPluginManager: Mounting plugin MatineeToLevelSequence
LogPluginManager: Mounting plugin OnlineSubsystemGooglePlay
LogPluginManager: Mounting plugin OnlineSubsystemIOS
LogPluginManager: Mounting plugin OnlineSubsystem
LogPluginManager: Mounting plugin OnlineSubsystemNull
LogPluginManager: Mounting plugin OnlineSubsystemUtils
LogPluginManager: Mounting plugin AndroidDeviceProfileSelector
LogPluginManager: Mounting plugin AndroidMoviePlayer
LogPluginManager: Mounting plugin AndroidPermission
LogPluginManager: Mounting plugin AppleMoviePlayer
LogPluginManager: Mounting plugin ArchVisCharacter
LogPluginManager: Mounting plugin CableComponent
LogPluginManager: Mounting plugin CustomMeshComponent
LogPluginManager: Mounting plugin ExampleDeviceProfileSelector
LogPluginManager: Mounting plugin GoogleCloudMessaging
LogPluginManager: Mounting plugin ImmediatePhysics
LogPluginManager: Mounting plugin IOSDeviceProfileSelector
LogPluginManager: Mounting plugin LinuxDeviceProfileSelector
LogPluginManager: Mounting plugin LocationServicesBPLibrary
LogPluginManager: Mounting plugin MobilePatchingUtils
LogPluginManager: Mounting plugin OculusVR
LogPluginManager: Mounting plugin PhysXVehicles
LogPluginManager: Mounting plugin ProceduralMeshComponent
LogPluginManager: Mounting plugin RuntimePhysXCooking
LogPluginManager: Mounting plugin SteamVR
LogPluginManager: Mounting plugin WindowsMoviePlayer
LogInit: Using libcurl 7.47.1
LogInit:  - built for x86_64-pc-win32
LogInit:  - supports SSL with OpenSSL/1.0.2g
LogInit:  - supports HTTP deflate (compression) using libz 1.2.8
LogInit:  - other features:
LogInit:      CURL_VERSION_SSL
LogInit:      CURL_VERSION_LIBZ
LogInit:      CURL_VERSION_IPV6
LogInit:      CURL_VERSION_ASYNCHDNS
LogInit:      CURL_VERSION_LARGEFILE
LogInit:      CURL_VERSION_IDN
LogInit:  CurlRequestOptions (configurable via config and command line):
LogInit:  - bVerifyPeer = false  - Libcurl will NOT verify peer certificate
LogInit:  - bUseHttpProxy = false  - Libcurl will NOT use HTTP proxy
LogInit:  - bDontReuseConnections = false  - Libcurl will reuse connections
LogInit:  - CertBundlePath = nullptr  - Libcurl will use whatever was configured at build time.
LogInit: Build: ++UE4+Release-4.17-CL-3658906
LogInit: Engine Version: 4.17.2-3658906+++UE4+Release-4.17
LogInit: Compatible Engine Version: 4.17.0-3573198+++UE4+Release-4.17
LogInit: Net CL: 3573198
LogDevObjectVersion: Number of dev versions registered: 16
LogDevObjectVersion:   Dev-Blueprints (B0D832E4-1F89-4F0D-ACCF-7EB736FD4AA2): 10
LogDevObjectVersion:   Dev-Build (E1C64328-A22C-4D53-A36C-8E866417BD8C): 0
LogDevObjectVersion:   Dev-Core (375EC13C-06E4-48FB-B500-84F0262A717E): 2
LogDevObjectVersion:   Dev-Editor (E4B068ED-F494-42E9-A231-DA0B2E46BB41): 20
LogDevObjectVersion:   Dev-Framework (CFFC743F-43B0-4480-9391-14DF171D2073): 28
LogDevObjectVersion:   Dev-Mobile (B02B49B5-BB20-44E9-A304-32B752E40360): 0
LogDevObjectVersion:   Dev-Networking (A4E4105C-59A1-49B5-A7C5-40C4547EDFEE): 0
LogDevObjectVersion:   Dev-Online (39C831C9-5AE6-47DC-9A44-9C173E1C8E7C): 0
LogDevObjectVersion:   Dev-Physics (78F01B33-EBEA-4F98-B9B4-84EACCB95AA2): 0
LogDevObjectVersion:   Dev-Platform (6631380F-2D4D-43E0-8009-CF276956A95A): 0
LogDevObjectVersion:   Dev-Rendering (12F88B9F-8875-4AFC-A67C-D90C383ABD29): 19
LogDevObjectVersion:   Dev-Sequencer (7B5AE74C-D270-4C10-A958-57980B212A5A): 4
LogDevObjectVersion:   Dev-VR (D7296918-1DD6-4BDD-9DE2-64A83CC13884): 0
LogDevObjectVersion:   Dev-LoadTimes (C2A15278-BFE7-4AFE-6C17-90FF531DF755): 1
LogDevObjectVersion:   Private-Geometry (6EACA3D4-40EC-4CC1-B786-8BED09428FC5): 1
LogDevObjectVersion:   Dev-AnimPhys (29E575DD-E0A3-4627-9D10-D276232CDCEA): 7
LogInit: Compiled (64-bit): Sep 22 2017 13:47:16
LogInit: Compiled with Visual C++: 19.00.24215.01
LogInit: Build Configuration: Development
LogInit: Branch Name: ++UE4+Release-4.17
LogInit: Command line: 
LogInit: Base directory: C:/Program Files (x86)/Epic Games/UE_4.17/Engine/Binaries/Win64/
LogInit: Installed Engine Build: 1
LogInit: Presizing for max 8388607 objects, including 0 objects not considered by GC, pre-allocating 0 bytes for permanent pool.
LogInit: Object subsystem initialized
[2017.10.19-18.45.35:240][  0]LogInit: Selected Device Profile: [Windows]
[2017.10.19-18.45.35:240][  0]LogInit: Applying CVar settings loaded from the selected device profile: [Windows]
[2017.10.19-18.45.35:251][  0]LogInit: Computer: HS-MT330-7
[2017.10.19-18.45.35:251][  0]LogInit: User: Jsmith
[2017.10.19-18.45.35:251][  0]LogInit: CPU Page size=4096, Cores=4
[2017.10.19-18.45.35:251][  0]LogInit: High frequency timer resolution =3.410117 MHz
[2017.10.19-18.45.35:252][  0]LogMemory: Memory total: Physical=15.9GB (16GB approx)
[2017.10.19-18.45.35:252][  0]LogMemory: Platform Memory Stats for Windows
[2017.10.19-18.45.35:252][  0]LogMemory: Process Physical Memory: 287.20 MB used, 287.20 MB peak
[2017.10.19-18.45.35:252][  0]LogMemory: Process Virtual Memory: 289.17 MB used, 289.17 MB peak
[2017.10.19-18.45.35:252][  0]LogMemory: Physical Memory: 6674.54 MB used,  9631.82 MB free, 16306.36 MB total
[2017.10.19-18.45.35:252][  0]LogMemory: Virtual Memory: 689.28 MB used,  9631.82 MB free, 8388608.00 MB total
[2017.10.19-18.45.35:403][  0]LogInit: Using OS detected language (en-US).
[2017.10.19-18.45.35:403][  0]LogInit: Using OS detected locale (en-US).
[2017.10.19-18.45.35:405][  0]LogTextLocalizationManager: No specific localization for 'en-US' exists, so the 'en' localization will be used.
[2017.10.19-18.45.36:020][  0]LogD3D11RHI: D3D11 adapters:
[2017.10.19-18.45.36:046][  0]LogD3D11RHI:    0. 'NVIDIA GeForce GTX 1080' (Feature Level 11_0)
[2017.10.19-18.45.36:046][  0]LogD3D11RHI:       8069/0/7897 MB DedicatedVideo/DedicatedSystem/SharedSystem, Outputs:2, VendorId:0x10de
[2017.10.19-18.45.36:046][  0]LogD3D11RHI: Chosen D3D11 Adapter: 0
[2017.10.19-18.45.36:050][  0]LogD3D11RHI: Creating new Direct3DDevice
[2017.10.19-18.45.36:050][  0]LogD3D11RHI:     GPU DeviceId: 0x1b80 (for the marketing name, search the web for "GPU Device Id")
[2017.10.19-18.45.36:050][  0]LogWindows: EnumDisplayDevices:
[2017.10.19-18.45.36:050][  0]LogWindows:    0. 'NVIDIA GeForce GTX 1080' (P:1 D:1)
[2017.10.19-18.45.36:051][  0]LogWindows:    1. 'NVIDIA GeForce GTX 1080' (P:0 D:1)
[2017.10.19-18.45.36:051][  0]LogWindows:    2. 'NVIDIA GeForce GTX 1080' (P:0 D:0)
[2017.10.19-18.45.36:051][  0]LogWindows:    3. 'NVIDIA GeForce GTX 1080' (P:0 D:0)
[2017.10.19-18.45.36:051][  0]LogWindows:    4. 'RDPDD Chained DD' (P:0 D:0)
[2017.10.19-18.45.36:051][  0]LogWindows:    5. 'RDP Encoder Mirror Driver' (P:0 D:0)
[2017.10.19-18.45.36:051][  0]LogWindows:    6. 'RDP Reflector Display Driver' (P:0 D:0)
[2017.10.19-18.45.36:051][  0]LogWindows: DebugString: GetVideoDriverDetailsInvalid PrimaryIsNotTheChoosenAdapter GetVideoDriverDetailsInvalid PrimaryIsNotTheChoosenAdapter GetVideoDriverDetailsInvalid PrimaryIsNotTheChoosenAdapter FoundDriverCount:4 
[2017.10.19-18.45.36:051][  0]LogD3D11RHI:     Adapter Name: NVIDIA GeForce GTX 1080
[2017.10.19-18.45.36:051][  0]LogD3D11RHI:   Driver Version: 385.69 (internal:22.21.13.8569, unified:385.69)
[2017.10.19-18.45.36:051][  0]LogD3D11RHI:      Driver Date: 9-16-2017
[2017.10.19-18.45.36:051][  0]LogRHI: Texture pool is 1361 MB (70% of 1945 MB)
[2017.10.19-18.45.36:062][  0]LogD3D11RHI: Async texture creation enabled
[2017.10.19-18.45.36:077][  0]LogD3D11RHI: GPU Timing Frequency: 1000.000000 (Debug: 2 2)
[2017.10.19-18.45.36:120][  0]LogShaderCompilers: Guid format shader working directory is -15 characters bigger than the processId version (../../../../../../Users/Public/Documents/Public Programs/MMC-Skee-Ball/Intermediate/Shaders/WorkingDirectory/12564/).
[2017.10.19-18.45.36:120][  0]LogShaderCompilers: Cleaned the shader compiler working directory 'C:/Users/Jsmith.ESUE.000/AppData/Local/Temp/UnrealShaderWorkingDir/3F1AB28D424F781F6DC234A5BEF71FEB/'.
[2017.10.19-18.45.36:120][  0]LogShaderCompilers: Display: Using Local Shader Compiler.
[2017.10.19-18.45.36:980][  0]LogTemp: Display: Loaded TP AllDesktopTargetPlatform
[2017.10.19-18.45.37:038][  0]LogTemp: Display: Loaded TP MacClientTargetPlatform
[2017.10.19-18.45.37:097][  0]LogTemp: Display: Loaded TP MacNoEditorTargetPlatform
[2017.10.19-18.45.37:150][  0]LogTemp: Display: Loaded TP MacServerTargetPlatform
[2017.10.19-18.45.37:210][  0]LogTemp: Display: Loaded TP MacTargetPlatform
[2017.10.19-18.45.37:261][  0]LogTemp: Display: Loaded TP WindowsClientTargetPlatform
[2017.10.19-18.45.37:313][  0]LogTemp: Display: Loaded TP WindowsNoEditorTargetPlatform
[2017.10.19-18.45.37:364][  0]LogTemp: Display: Loaded TP WindowsServerTargetPlatform
[2017.10.19-18.45.37:410][  0]LogTemp: Display: Loaded TP WindowsTargetPlatform
[2017.10.19-18.45.37:461][  0]LogTemp: Display: Loaded TP AndroidTargetPlatform
[2017.10.19-18.45.37:512][  0]LogTemp: Display: Loaded TP Android_ASTCTargetPlatform
[2017.10.19-18.45.37:562][  0]LogTemp: Display: Loaded TP Android_ATCTargetPlatform
[2017.10.19-18.45.37:613][  0]LogTemp: Display: Loaded TP Android_DXTTargetPlatform
[2017.10.19-18.45.37:665][  0]LogTemp: Display: Loaded TP Android_ETC1TargetPlatform
[2017.10.19-18.45.37:715][  0]LogTemp: Display: Loaded TP Android_ETC2TargetPlatform
[2017.10.19-18.45.37:817][  0]LogTemp: Display: Loaded TP Android_MultiTargetPlatform
[2017.10.19-18.45.37:817][  0]LogTemp: Display: Loaded TP Android_PVRTCTargetPlatform
[2017.10.19-18.45.37:858][  0]LogTemp: Display: Loaded TP HTML5TargetPlatform
[2017.10.19-18.45.37:948][  0]LogTemp: Display: Loaded TP IOSTargetPlatform
[2017.10.19-18.45.37:976][  0]LogTemp: Display: Loaded TP TVOSTargetPlatform
[2017.10.19-18.45.38:027][  0]LogTemp: Display: Loaded TP LinuxClientTargetPlatform
[2017.10.19-18.45.38:079][  0]LogTemp: Display: Loaded TP LinuxNoEditorTargetPlatform
[2017.10.19-18.45.38:129][  0]LogTemp: Display: Loaded TP LinuxServerTargetPlatform
[2017.10.19-18.45.38:181][  0]LogTemp: Display: Loaded TP LinuxTargetPlatform
[2017.10.19-18.45.38:181][  0]LogTargetPlatformManager: Display: Building Assets For Windows
[2017.10.19-18.45.38:609][  0]LogDerivedDataCache: Display: Max Cache Size: 512 MB
[2017.10.19-18.45.38:715][  0]LogDerivedDataCache: Loaded boot cache 0.11s 106MB C:/Users/Jsmith.ESUE.000/AppData/Local/UnrealEngine/4.17/DerivedDataCache/Boot.ddc.
[2017.10.19-18.45.38:715][  0]LogDerivedDataCache: Display: Loaded Boot cache: C:/Users/Jsmith.ESUE.000/AppData/Local/UnrealEngine/4.17/DerivedDataCache/Boot.ddc
[2017.10.19-18.45.38:715][  0]LogDerivedDataCache: FDerivedDataBackendGraph:  Pak pak cache file ../../../../../../Users/Public/Documents/Public Programs/MMC-Skee-Ball/DerivedDataCache/DDC.ddp not found, will not use a pak cache.
[2017.10.19-18.45.38:715][  0]LogDerivedDataCache: Unable to find inner node Pak for hierarchical cache Hierarchy.
[2017.10.19-18.45.38:715][  0]LogDerivedDataCache: FDerivedDataBackendGraph:  CompressedPak pak cache file ../../../../../../Users/Public/Documents/Public Programs/MMC-Skee-Ball/DerivedDataCache/Compressed.ddp not found, will not use a pak cache.
[2017.10.19-18.45.38:715][  0]LogDerivedDataCache: Unable to find inner node CompressedPak for hierarchical cache Hierarchy.
[2017.10.19-18.45.38:732][  0]LogDerivedDataCache: Display: Pak cache opened for reading ../../../Engine/DerivedDataCache/Compressed.ddp.
[2017.10.19-18.45.38:743][  0]LogDerivedDataCache: Using Local data cache path C:/Users/Jsmith.ESUE.000/AppData/Local/UnrealEngine/Common/DerivedDataCache: Writable
[2017.10.19-18.45.38:752][  0]LogMaterial: Verifying Global Shaders for PCD3D_SM5
[2017.10.19-18.45.38:753][  0]LogSlate: Using Freetype 2.6.0
[2017.10.19-18.45.38:753][  0]LogSlate: SlateFontCache - WITH_FREETYPE: 1, WITH_HARFBUZZ: 1
[2017.10.19-18.45.38:753][  0]LogSlate: SlateFontCache - WITH_FREETYPE: 1, WITH_HARFBUZZ: 1
[2017.10.19-18.45.38:987][  0]LogAssetRegistry: FAssetRegistry took 0.0243 seconds to start up
[2017.10.19-18.45.39:146][  0]LogInit: Selected Device Profile: [Windows]
[2017.10.19-18.45.39:148][  0]LogContentStreaming: Texture pool size is 0.00 MB
[2017.10.19-18.45.39:507][  0]LogSimplygon: Simplygon DLL not present - disabling.
[2017.10.19-18.45.39:546][  0]LogMeshReduction: Using SimplygonSwarm for distributed automatic mesh merging
[2017.10.19-18.45.39:546][  0]LogMeshReduction: Using QuadricMeshReduction for automatic static mesh reduction
[2017.10.19-18.45.39:546][  0]LogMeshReduction: No automatic skeletal mesh reduction module available
[2017.10.19-18.45.39:546][  0]LogMeshReduction: No automatic mesh merging module available
[2017.10.19-18.45.39:546][  0]LogMeshMerging: No automatic mesh merging module available
[2017.10.19-18.45.39:866][  0]LogNetVersion: MMC_Skee_Ball , NetCL: 3573198, EngineNetVer: 2, GameNetVer: 0 (Checksum: 703335038)
[2017.10.19-18.45.40:052][  0]LogPackageLocalizationCache: Processed 5 localized package path(s) for 2 prioritized culture(s) in 0.038958 seconds
[2017.10.19-18.45.40:058][  0]LogUObjectArray: 35825 objects as part of root set at end of initial load.
[2017.10.19-18.45.40:058][  0]LogUObjectAllocator: 7529104 out of 0 bytes used by permanent object pool.
[2017.10.19-18.45.40:058][  0]LogUObjectArray: CloseDisregardForGC: 0/0 objects in disregard for GC pool
[2017.10.19-18.45.40:111][  0]LogInit: WinSock: version 1.1 (2.2), MaxSocks=32767, MaxUdp=65467
[2017.10.19-18.45.42:434][  0]LogTcpMessaging: Initializing TcpMessaging bridge
[2017.10.19-18.45.42:467][  0]LogUdpMessaging: Initializing bridge on interface 0.0.0.0:0 to multicast group 230.0.0.1:6666.
[2017.10.19-18.45.43:131][  0]LogMaterial: Uniform references updated for custom material expression Custom.
[2017.10.19-18.45.43:510][  0]SourceControl: Source control is disabled
[2017.10.19-18.45.43:510][  0]SourceControl: Source control is disabled
[2017.10.19-18.45.43:555][  0]SourceControl: Source control is disabled
[2017.10.19-18.45.43:599][  0]SourceControl: Source control is disabled
[2017.10.19-18.45.44:120][  0]LogAndroidPermission: UAndroidPermissionCallbackProxy::GetInstance
[2017.10.19-18.45.44:342][  0]LogOcInput: OculusInput pre-init called
[2017.10.19-18.45.44:577][  0]LogEngine: Initializing Engine...
[2017.10.19-18.45.44:579][  0]LogHMD: Oculus plugin initialized. Version: 4.17.2-3658906+++UE4+Release-4.17, OVRPlugin: 1.15.0
[2017.10.19-18.45.44:789][  0]LogStats: UGameplayTagsManager::ConstructGameplayTagTree: Construct from data asset -  0.000 s
[2017.10.19-18.45.44:789][  0]LogStats: UGameplayTagsManager::ConstructGameplayTagTree: GameplayTagTreeChangedEvent.Broadcast -  0.000 s
[2017.10.19-18.45.44:909][  0]LogAIModule: Creating AISystem for world Untitled
[2017.10.19-18.45.44:917][  0]LogInit: XAudio2 using 'Speakers/Headphones (Realtek High Definition Audio)' : 2 channels at 48 kHz using 32 bits per sample (channel mask 0x3)
[2017.10.19-18.45.44:989][  0]LogInit: FAudioDevice initialized.
[2017.10.19-18.45.45:839][  0]LogDerivedDataCache: Saved boot cache 0.85s 106MB C:/Users/Jsmith.ESUE.000/AppData/Local/UnrealEngine/4.17/DerivedDataCache/Boot.ddc.
[2017.10.19-18.45.45:863][  0]LogInit: Texture streaming: Enabled
[2017.10.19-18.45.45:968][  0]LogEngineSessionManager: EngineSessionManager initialized
[2017.10.19-18.45.46:174][  0]LogInit: Transaction tracking system initialized
[2017.10.19-18.45.46:469][  0]BlueprintLog: New page: Editor Load
[2017.10.19-18.45.47:294][  0]LocalizationService: Localization service is disabled
[2017.10.19-18.45.47:934][  0]LogConsoleResponse: Display: 
[2017.10.19-18.45.48:093][  0]LogCook: Display: Max memory allowance for cook 16384mb min free memory 0mb
[2017.10.19-18.45.48:093][  0]LogCook: Display: Mobile HDR setting 1
[2017.10.19-18.45.48:093][  0]LogGameplayTags: Display: UGameplayTagsManager::DoneAddingNativeTags. DelegateIsBound: 0
[2017.10.19-18.45.48:442][  0]LogFileCache: Scanning file cache for directory 'C:/Users/Public/Documents/Public Programs/MMC-Skee-Ball/Content/' took 0.01s
[2017.10.19-18.45.49:050][  0]SourceControl: Source control is disabled
[2017.10.19-18.45.49:050][  0]Cmd: MAP LOAD FILE="../../../../../../Users/Public/Documents/Public Programs/MMC-Skee-Ball/Content/VirtualRealityBP/Maps/StartupMap.umap" TEMPLATE=0 SHOWPROGRESS=1 FEATURELEVEL=3
[2017.10.19-18.45.49:051][  0]LightingResults: New page: Lighting Build
[2017.10.19-18.45.49:090][  0]MapCheck: New page: Map Check
[2017.10.19-18.45.49:091][  0]LightingResults: New page: Lighting Build
[2017.10.19-18.45.49:176][  0]LogAIModule: Creating AISystem for world StartupMap
[2017.10.19-18.45.49:182][  0]LogEditorServer: Finished looking for orphan Actors (0.000 secs)
[2017.10.19-18.45.49:191][  0]Cmd: MAP CHECKDEP NOCLEARLOG
[2017.10.19-18.45.49:238][  0]MapCheck: Map check complete: 0 Error(s), 0 Warning(s), took 47.258ms to complete.
[2017.10.19-18.45.49:238][  0]LogFileHelpers: Loading map 'StartupMap' took 0.188
[2017.10.19-18.45.49:385][  0]LogCollectionManager: Loaded 0 collections in 0.001320 seconds
[2017.10.19-18.45.49:464][  0]LogFileCache: Scanning file cache for directory 'C:/Users/Public/Documents/Public Programs/MMC-Skee-Ball/Saved/Collections/' took 0.01s
[2017.10.19-18.45.49:464][  0]LogFileCache: Scanning file cache for directory 'C:/Users/Public/Documents/Public Programs/MMC-Skee-Ball/Content/Developers/Jsmith/Collections/' took 0.01s
[2017.10.19-18.45.49:464][  0]LogFileCache: Scanning file cache for directory 'C:/Users/Public/Documents/Public Programs/MMC-Skee-Ball/Content/Collections/' took 0.01s
[2017.10.19-18.45.49:464][  0]LogCollectionManager: Rebuilt the GUID cache for 0 collections in 0.000000 seconds
[2017.10.19-18.45.49:472][  0]LogContentBrowser: Native class hierarchy populated in 0.0078 seconds. Added 2386 classes and 500 folders.
[2017.10.19-18.45.49:534][  0]LogContentBrowser: Native class hierarchy updated for 'WidgetCarousel' in 0.0006 seconds. Added 0 classes and 0 folders.
[2017.10.19-18.45.49:568][  0]LogContentBrowser: Native class hierarchy updated for 'AddContentDialog' in 0.0006 seconds. Added 0 classes and 0 folders.
[2017.10.19-18.45.49:611][  0]LogContentBrowser: Native class hierarchy updated for 'SceneOutliner' in 0.0006 seconds. Added 1 classes and 2 folders.
[2017.10.19-18.45.49:630][  0]LogSlate: Took 0.000147 seconds to synchronously load lazily loaded font '../../../Engine/Content/Slate/Fonts/Roboto-Regular.ttf' (155K)
[2017.10.19-18.45.49:631][  0]LogSlate: Took 0.000153 seconds to synchronously load lazily loaded font '../../../Engine/Content/Slate/Fonts/Roboto-Bold.ttf' (160K)
[2017.10.19-18.45.49:636][  0]LogSlate: Took 0.000148 seconds to synchronously load lazily loaded font '../../../Engine/Content/Editor/Slate/Fonts/FontAwesome.ttf' (139K)
[2017.10.19-18.45.49:765][  0]LogRenderer: Reallocating scene render targets to support 1208x576 Format 26 NumSamples 1 (Frame:1).
[2017.10.19-18.45.49:966][  0]LogContentBrowser: Native class hierarchy updated for 'HierarchicalLODOutliner' in 0.0006 seconds. Added 1 classes and 2 folders.
[2017.10.19-18.45.49:966][  0]LogLoad: (Engine Initialization) Total time: 16.21 seconds
[2017.10.19-18.45.49:966][  0]LogLoad: (Engine Initialization) Total Blueprint compile time: 0.00 seconds
[2017.10.19-18.45.49:966][  0]LogExternalProfiler: No external profilers were discovered.  External profiling features will not be available.
[2017.10.19-18.45.49:978][  0]LogOcInput: OculusInput is initialized
[2017.10.19-18.45.49:996][  0]LogContentStreaming: Texture pool size now 1000 MB
[2017.10.19-18.45.50:024][  0]LogSlate: Took 0.000191 seconds to synchronously load lazily loaded font '../../../Engine/Content/Slate/Fonts/Roboto-Light.ttf' (159K)
[2017.10.19-18.45.50:031][  1]LogAssetRegistry: Asset discovery search completed in 11.0641 seconds
[2017.10.19-18.45.50:036][  1]LogCollectionManager: Rebuilt the object cache for 0 collections in 0.000001 seconds (found 0 objects)
[2017.10.19-18.45.50:036][  1]LogCollectionManager: Fixed up redirectors for 0 collections in 0.000050 seconds (updated 0 objects)
[2017.10.19-18.50.31:805][226]LogSlate: Took 0.000164 seconds to synchronously load lazily loaded font '../../../Engine/Content/Slate/Fonts/Roboto-Light.ttf' (159K)
[2017.10.19-18.50.34:927][226]Cmd: OBJ SAVEPACKAGE PACKAGE="/Game/Maps/LevelOne" FILE="../../../../../../Users/Public/Documents/Public Programs/MMC-Skee-Ball/Content/Maps/LevelOne.umap" SILENT=true AUTOSAVING=false KEEPDIRTY=false
[2017.10.19-18.50.34:945][226]LogSavePackage: Save=8.97ms
[2017.10.19-18.50.34:945][226]LogSavePackage: Moving '../../../../../../Users/Public/Documents/Public Programs/MMC-Skee-Ball/Saved/LevelOne20D6E4364762A0919E0A4283F5A22BE2.tmp' to '../../../../../../Users/Public/Documents/Public Programs/MMC-Skee-Ball/Content/Maps/LevelOne.umap'
[2017.10.19-18.50.34:950][226]LogSavePackage: Display: Finished SavePackage ../../../../../../Users/Public/Documents/Public Programs/MMC-Skee-Ball/Content/Maps/LevelOne.umap
[2017.10.19-18.50.34:950][226]LogFileHelpers: Saving map 'LevelOne' took 0.088
[2017.10.19-18.50.34:953][226]Cmd: MAP LOAD FILE="../../../../../../Users/Public/Documents/Public Programs/MMC-Skee-Ball/Content/Maps/LevelOne.umap" TEMPLATE=0 SHOWPROGRESS=1 FEATURELEVEL=3
[2017.10.19-18.50.34:953][226]LightingResults: New page: Lighting Build
[2017.10.19-18.50.34:954][226]LoadErrors: New page: Loading map: LevelOne.umap
[2017.10.19-18.50.34:958][226]MapCheck: New page: Map Check
[2017.10.19-18.50.34:958][226]LightingResults: New page: Lighting Build
[2017.10.19-18.50.34:970][226]LogEditorServer: Finished looking for orphan Actors (0.000 secs)
[2017.10.19-18.50.34:970][226]LogAIModule: Creating AISystem for world LevelOne
[2017.10.19-18.50.34:980][226]LogSlate: Took 0.000162 seconds to synchronously load lazily loaded font '../../../Engine/Content/Slate/Fonts/Roboto-Regular.ttf' (155K)
[2017.10.19-18.50.35:004][226]Cmd: MAP CHECKDEP NOCLEARLOG
[2017.10.19-18.50.35:053][226]MapCheck: Map check complete: 0 Error(s), 0 Warning(s), took 49.19ms to complete.
[2017.10.19-18.50.35:054][226]LogFileHelpers: Loading map 'LevelOne' took 0.103
[2017.10.19-18.50.36:173][354]LogEditorViewport: Clicking Background
[2017.10.19-18.50.43:422][178]LogActorFactory: Actor Factory created Sphere
[2017.10.19-18.50.43:434][178]LogMaterial: Missing cached shader map for material BasicShapeMaterial, compiling. 
[2017.10.19-18.50.43:940][227]LogActorFactory: Actor Factory created Sphere
[2017.10.19-18.51.12:063][448]LogFactory: FactoryCreateFile: Texture with ReimportTextureFactory (0 0 ../../../../../../Users/Public/Documents/Public Programs/MMC-Skee-Ball-Assets/materialsrc/Skee-Ball-Floor.tga)
[2017.10.19-18.51.12:115][448]LogTexture: Display: Building textures: Skee-Ball-Floor (AutoDXT, 1588X1000)
[2017.10.19-18.51.33:776][953]Cmd: OBJ SAVEPACKAGE PACKAGE="/Game/Materials/Skee-Ball-Floor" FILE="../../../../../../Users/Public/Documents/Public Programs/MMC-Skee-Ball/Content/Materials/Skee-Ball-Floor.uasset" SILENT=true
[2017.10.19-18.51.33:931][953]LogSavePackage: Save=152.98ms
[2017.10.19-18.51.33:931][953]LogSavePackage: Moving '../../../../../../Users/Public/Documents/Public Programs/MMC-Skee-Ball/Saved/Skee-Ball-FloorC6FB4561419894C50BD689B15B359CF8.tmp' to '../../../../../../Users/Public/Documents/Public Programs/MMC-Skee-Ball/Content/Materials/Skee-Ball-Floor.uasset'
[2017.10.19-18.51.33:933][953]LogSavePackage: Display: Finished SavePackage ../../../../../../Users/Public/Documents/Public Programs/MMC-Skee-Ball/Content/Materials/Skee-Ball-Floor.uasset
[2017.10.19-18.51.36:570][208]LogMaterial: Missing cached shader map for material Skee-Ball-Floor_Mat, compiling. 
[2017.10.19-18.51.44:238][899]Cmd: TRANSACTION UNDO
[2017.10.19-18.51.44:238][899]LogEditorTransaction: Undo Create Actors
[2017.10.19-18.51.44:250][899]LogSlate: Took 0.000190 seconds to synchronously load lazily loaded font '../../../Engine/Content/Slate/Fonts/Roboto-Light.ttf' (159K)
[2017.10.19-18.51.44:940][962]Cmd: TRANSACTION UNDO
[2017.10.19-18.51.44:940][962]LogEditorTransaction: Undo Create Actors
[2017.10.19-18.51.46:717][150]Cmd: TRANSACTION REDO
[2017.10.19-18.51.46:718][150]LogEditorTransaction: Redo Create Actors
[2017.10.19-18.51.46:932][167]Cmd: TRANSACTION REDO
[2017.10.19-18.51.46:932][167]LogEditorTransaction: Redo Create Actors
[2017.10.19-18.51.59:394][586]LogEditorViewport: Clicking Background
[2017.10.19-18.52.24:178][502]LogEditorViewport: Clicking on Actor (LMB): PointLight (PointLight)
[2017.10.19-18.52.24:226][506]LogEditorViewport: Clicking on Component (LMB): PointLightComponent (LightComponent0)
[2017.10.19-18.52.24:876][581]LogEditorViewport: Clicking on Component (LMB): PointLightComponent (LightComponent0)
[2017.10.19-18.52.24:922][585]LogEditorViewport: Clicking on Actor (double click): PointLight (PointLight)
[2017.10.19-18.52.26:710][770]LogSlate: Took 0.022206 seconds to synchronously load lazily loaded font '../../../Engine/Content/Editor/Slate/Fonts/Roboto-Italic.ttf' (157K)
[2017.10.19-18.52.35:721][803]Cmd: DELETE
[2017.10.19-18.52.35:721][803]Cmd: ACTOR DELETE
[2017.10.19-18.52.35:722][803]LogEditorActor: Deleted Actor: PointLight
[2017.10.19-18.52.35:730][803]LogEditorActor: Deleted 1 Actors (0.009 secs)
[2017.10.19-18.53.30:893][810]Cmd: OBJ SAVEPACKAGE PACKAGE="/Game/Maps/LevelOne" FILE="../../../../../../Users/Public/Documents/Public Programs/MMC-Skee-Ball/Content/Maps/LevelOne.umap" SILENT=true AUTOSAVING=false KEEPDIRTY=false
[2017.10.19-18.53.30:920][810]LogSavePackage: Save=10.95ms
[2017.10.19-18.53.30:920][810]LogSavePackage: Moving '../../../../../../Users/Public/Documents/Public Programs/MMC-Skee-Ball/Saved/LevelOne09021F7E4FEFFC836A496EA7D82B6F64.tmp' to '../../../../../../Users/Public/Documents/Public Programs/MMC-Skee-Ball/Content/Maps/LevelOne.umap'
[2017.10.19-18.53.30:922][810]LogSavePackage: Display: Finished SavePackage ../../../../../../Users/Public/Documents/Public Programs/MMC-Skee-Ball/Content/Maps/LevelOne.umap
[2017.10.19-18.53.32:894][ 31]Cmd: OBJ SAVEPACKAGE PACKAGE="/Game/Maps/LevelOne" FILE="../../../../../../Users/Public/Documents/Public Programs/MMC-Skee-Ball/Content/Maps/LevelOne.umap" SILENT=true AUTOSAVING=false KEEPDIRTY=false
[2017.10.19-18.53.32:914][ 31]LogSavePackage: Save=10.28ms
[2017.10.19-18.53.32:914][ 31]LogSavePackage: Moving '../../../../../../Users/Public/Documents/Public Programs/MMC-Skee-Ball/Saved/LevelOneC13284E04ECFB708DF8D26BE7EAC674B.tmp' to '../../../../../../Users/Public/Documents/Public Programs/MMC-Skee-Ball/Content/Maps/LevelOne.umap'
[2017.10.19-18.53.32:915][ 31]LogSavePackage: Display: Finished SavePackage ../../../../../../Users/Public/Documents/Public Programs/MMC-Skee-Ball/Content/Maps/LevelOne.umap
[2017.10.19-18.53.34:965][253]LogContentBrowser: Native class hierarchy updated for 'MaterialEditor' in 0.0007 seconds. Added 1 classes and 0 folders.
[2017.10.19-18.53.34:968][253]LogMaterial: Missing cached shader map for material Skee-Ball-Floor_Mat, compiling. 
[2017.10.19-18.53.35:043][253]LogMaterial: Missing cached shader map for material Skee-Ball-Floor_Mat, compiling. 
[2017.10.19-18.53.35:076][253]LogMaterial: Missing cached shader map for material FMatExpressionPreview MaterialExpressionTextureSample_0, compiling. 
[2017.10.19-18.53.35:104][253]LogSlate: Took 0.015141 seconds to synchronously load lazily loaded font '../../../Engine/Content/Editor/Slate/Fonts/Roboto-BoldCondensed.ttf' (158K)
[2017.10.19-18.53.36:168][310]MaterialEditorStats: Base pass shader: 127 instructions
[2017.10.19-18.53.36:168][310]MaterialEditorStats: Vertex shader: 87 instructions
[2017.10.19-18.53.36:168][310]MaterialEditorStats: Texture samplers: 2/16
[2017.10.19-18.53.36:168][310]MaterialEditorStats: User interpolators: 2/4 Scalars (1/4 Vectors) (TexCoords: 2, Custom: 0)
[2017.10.19-18.53.53:369][ 23]LogMaterial: Missing cached shader map for material PreviewMaterial_0, compiling. 
[2017.10.19-18.53.53:439][ 23]LogMaterial: Missing cached shader map for material PreviewMaterial_0, compiling. 
[2017.10.19-18.53.53:452][ 23]LogMaterial: Missing cached shader map for material PreviewMaterial_0, compiling. 
[2017.10.19-18.53.53:495][ 23]LogMaterial: Missing cached shader map for material FMatExpressionPreview MaterialExpressionTextureSample_0, compiling. 
[2017.10.19-18.53.54:429][ 73]MaterialEditorStats: Base pass shader: 127 instructions
[2017.10.19-18.53.54:429][ 73]MaterialEditorStats: Vertex shader: 87 instructions
[2017.10.19-18.53.54:429][ 73]MaterialEditorStats: Texture samplers: 2/16
[2017.10.19-18.53.54:429][ 73]MaterialEditorStats: User interpolators: 2/4 Scalars (1/4 Vectors) (TexCoords: 2, Custom: 0)
[2017.10.19-19.01.31:673][512]LogMaterialEditor: Saving and Compiling material Skee-Ball-Floor_Mat
[2017.10.19-19.01.31:697][512]Cmd: OBJ SAVEPACKAGE PACKAGE="/Game/Materials/Skee-Ball-Floor_Mat" FILE="../../../../../../Users/Public/Documents/Public Programs/MMC-Skee-Ball/Content/Materials/Skee-Ball-Floor_Mat.uasset" SILENT=true
[2017.10.19-19.01.31:714][512]LogSavePackage: Save=15.07ms
[2017.10.19-19.01.31:714][512]LogSavePackage: Moving '../../../../../../Users/Public/Documents/Public Programs/MMC-Skee-Ball/Saved/Skee-Ball-Floor_Mat372CF44B408F71F6C18327ADE7F251F7.tmp' to '../../../../../../Users/Public/Documents/Public Programs/MMC-Skee-Ball/Content/Materials/Skee-Ball-Floor_Mat.uasset'
[2017.10.19-19.01.31:716][512]LogSavePackage: Display: Finished SavePackage ../../../../../../Users/Public/Documents/Public Programs/MMC-Skee-Ball/Content/Materials/Skee-Ball-Floor_Mat.uasset
[2017.10.19-19.03.08:458][817]LogEditorViewport: Clicking on Actor (LMB): StaticMeshActor (Sphere)
[2017.10.19-19.03.09:449][930]Cmd: DELETE
[2017.10.19-19.03.09:449][930]Cmd: ACTOR DELETE
[2017.10.19-19.03.09:449][930]LogEditorActor: Deleted Actor: StaticMeshActor
[2017.10.19-19.03.09:459][930]LogEditorActor: Deleted 1 Actors (0.010 secs)
[2017.10.19-19.03.37:890][280]LogSavePackage: Save=9.67ms
[2017.10.19-19.03.37:891][280]LogSavePackage: Moving '../../../../../../Users/Public/Documents/Public Programs/MMC-Skee-Ball/Saved/LevelOne_Auto10507EE0A400A50B94EA30ABA74BABB3B.tmp' to '../../../../../../Users/Public/Documents/Public Programs/MMC-Skee-Ball/Saved/Autosaves/Game/Maps/LevelOne_Auto1.umap'
[2017.10.19-19.03.37:891][280]LogSavePackage: Display: Finished SavePackage ../../../../../../Users/Public/Documents/Public Programs/MMC-Skee-Ball/Saved/Autosaves/Game/Maps/LevelOne_Auto1.umap
[2017.10.19-19.03.37:893][280]LogFileHelpers: Editor autosave (incl. sublevels) for '/Game/Maps/LevelOne' took 0.042
[2017.10.19-19.03.37:893][280]LogFileHelpers: Editor autosave (incl. sublevels) for all levels took 0.042
[2017.10.19-19.04.17:355][917]Cmd: OBJ SAVEPACKAGE PACKAGE="/Game/Maps/Arcade" FILE="../../../../../../Users/Public/Documents/Public Programs/MMC-Skee-Ball/Content/Maps/Arcade.umap" SILENT=true AUTOSAVING=false KEEPDIRTY=false
[2017.10.19-19.04.17:375][917]LogSavePackage: Save=10.01ms
[2017.10.19-19.04.17:375][917]LogSavePackage: Moving '../../../../../../Users/Public/Documents/Public Programs/MMC-Skee-Ball/Saved/ArcadeA8ABD2C54FDCC78FE8DFA092C64777D8.tmp' to '../../../../../../Users/Public/Documents/Public Programs/MMC-Skee-Ball/Content/Maps/Arcade.umap'
[2017.10.19-19.04.17:377][917]LogSavePackage: Display: Finished SavePackage ../../../../../../Users/Public/Documents/Public Programs/MMC-Skee-Ball/Content/Maps/Arcade.umap
[2017.10.19-19.04.17:397][917]LogFileHelpers: Saving map 'Arcade' took 0.093
[2017.10.19-19.04.21:578][356]LogActorFactory: Actor Factory created Cube
[2017.10.19-19.04.21:857][389]LogActorFactory: Actor Factory created Cube
[2017.10.19-19.04.47:258][121]Cmd: TRANSACTION UNDO
[2017.10.19-19.04.47:258][121]LogEditorTransaction: Undo Set actor rotation
[2017.10.19-19.04.47:269][121]LogMaterial: Missing cached shader map for material PreviewMaterial_0, compiling. 
[2017.10.19-19.04.48:466][207]MaterialEditorStats: Base pass shader: 127 instructions
[2017.10.19-19.04.48:466][207]MaterialEditorStats: Vertex shader: 87 instructions
[2017.10.19-19.04.48:466][207]MaterialEditorStats: Texture samplers: 2/16
[2017.10.19-19.04.48:466][207]MaterialEditorStats: User interpolators: 2/4 Scalars (1/4 Vectors) (TexCoords: 2, Custom: 0)
[2017.10.19-19.05.55:144][899]LogEditorViewport: Clicking Background
[2017.10.19-19.08.33:716][936]LogFactory: FactoryCreateFile: Texture with ReimportTextureFactory (0 0 ../../../../../../Users/Public/Documents/Public Programs/MMC-Skee-Ball-Assets/materialsrc/Skee-Lane-Side-Carpeting.tga)
[2017.10.19-19.08.33:769][936]LogTexture: Display: Building textures: Skee-Lane-Side-Carpeting (BGRA8, 1600X917)
[2017.10.19-19.08.36:084][156]LogSavePackage: Save=263.81ms
[2017.10.19-19.08.36:084][156]LogSavePackage: Moving '../../../../../../Users/Public/Documents/Public Programs/MMC-Skee-Ball/Saved/Skee-Lane-Side-Carpeting5254CA6D4E76F6652D33108E0AD424C2.tmp' to '../../../../../../Users/Public/Documents/Public Programs/MMC-Skee-Ball/Content/Materials/Skee-Lane-Side-Carpeting.uasset'
[2017.10.19-19.08.36:086][156]LogSavePackage: Display: Finished SavePackage ../../../../../../Users/Public/Documents/Public Programs/MMC-Skee-Ball/Content/Materials/Skee-Lane-Side-Carpeting.uasset
[2017.10.19-19.08.52:185][993]Cmd: BRUSH ADD SELECTNEWBRUSH
[2017.10.19-19.08.53:820][174]LogEditorViewport: Clicking on Actor (LMB): StaticMeshActor (Skee_Lane)
[2017.10.19-19.11.11:735][464]LogMaterial: Missing cached shader map for material Skee-Lane-Side-Carpeting_Mat, compiling. 
[2017.10.19-19.11.20:267][245]Cmd: TRANSACTION UNDO
[2017.10.19-19.11.20:267][245]LogEditorTransaction: Undo Create Actors
[2017.10.19-19.11.20:280][245]LogPhysics: Warning: UBodySetup::GetCookInfo: Triangle data from '/Game/Maps/Arcade.Arcade:PersistentLevel.ModelComponent_53' invalid (24 verts, 0 indices).
[2017.10.19-19.11.20:280][245]LogPhysics: Warning: Attempt to build physics data for /Game/Maps/Arcade.Arcade:PersistentLevel.ModelComponent_53.BodySetup_53 when we are unable to.
[2017.10.19-19.11.20:292][245]LogMaterial: Missing cached shader map for material PreviewMaterial_0, compiling. 
[2017.10.19-19.11.21:284][309]MaterialEditorStats: Base pass shader: 127 instructions
[2017.10.19-19.11.21:284][309]MaterialEditorStats: Vertex shader: 87 instructions
[2017.10.19-19.11.21:284][309]MaterialEditorStats: Texture samplers: 2/16
[2017.10.19-19.11.21:284][309]MaterialEditorStats: User interpolators: 2/4 Scalars (1/4 Vectors) (TexCoords: 2, Custom: 0)
[2017.10.19-19.11.45:284][857]LogContentBrowser: Native class hierarchy updated for 'TextureEditor' in 0.0008 seconds. Added 1 classes and 2 folders.
[2017.10.19-19.11.51:237][464]Cmd: TRANSACTION UNDO
[2017.10.19-19.11.51:237][464]LogEditorTransaction: Undo Create Actors
[2017.10.19-19.11.51:308][464]LogPhysics: Warning: UBodySetup::GetCookInfo: Triangle data from '/Game/Maps/Arcade.Arcade:PersistentLevel.ModelComponent_53' invalid (24 verts, 0 indices).
[2017.10.19-19.11.51:308][464]LogPhysics: Warning: Attempt to build physics data for /Game/Maps/Arcade.Arcade:PersistentLevel.ModelComponent_53.BodySetup_53 when we are unable to.
[2017.10.19-19.11.51:359][464]LogMaterial: Missing cached shader map for material PreviewMaterial_0, compiling. 
[2017.10.19-19.11.52:495][539]MaterialEditorStats: Base pass shader: 127 instructions
[2017.10.19-19.11.52:495][539]MaterialEditorStats: Vertex shader: 87 instructions
[2017.10.19-19.11.52:495][539]MaterialEditorStats: Texture samplers: 2/16
[2017.10.19-19.11.52:495][539]MaterialEditorStats: User interpolators: 2/4 Scalars (1/4 Vectors) (TexCoords: 2, Custom: 0)
[2017.10.19-19.11.55:869][849]Cmd: TRANSACTION UNDO
[2017.10.19-19.11.55:869][849]LogEditorTransaction: Undo Create Actors
[2017.10.19-19.11.55:870][849]LogPhysics: Warning: UBodySetup::GetCookInfo: Triangle data from '/Game/Maps/Arcade.Arcade:PersistentLevel.ModelComponent_53' invalid (24 verts, 0 indices).
[2017.10.19-19.11.55:870][849]LogPhysics: Warning: Attempt to build physics data for /Game/Maps/Arcade.Arcade:PersistentLevel.ModelComponent_53.BodySetup_53 when we are unable to.
[2017.10.19-19.11.55:908][849]LogMaterial: Missing cached shader map for material PreviewMaterial_0, compiling. 
[2017.10.19-19.11.56:834][913]MaterialEditorStats: Base pass shader: 127 instructions
[2017.10.19-19.11.56:834][913]MaterialEditorStats: Vertex shader: 87 instructions
[2017.10.19-19.11.56:834][913]MaterialEditorStats: Texture samplers: 2/16
[2017.10.19-19.11.56:834][913]MaterialEditorStats: User interpolators: 2/4 Scalars (1/4 Vectors) (TexCoords: 2, Custom: 0)
[2017.10.19-19.12.07:484][965]Cmd: ACTOR SELECT MATCHINGMATERIAL
[2017.10.19-19.12.12:081][439]LogEditorViewport: Clicking on Actor (LMB): StaticMeshActor (Skee_Lane)
[2017.10.19-19.12.42:958][ 82]LogEditorViewport: Clicking Background
[2017.10.19-19.12.46:304][458]LogEditorViewport: Clicking on Actor (context menu): Brush (Box Brush)
[2017.10.19-19.13.10:472][187]LogEditorViewport: Clicking Background
[2017.10.19-19.13.18:025][ 74]LogEditorViewport: Clicking Background
[2017.10.19-19.13.48:631][522]Cmd: EDIT COPY
[2017.10.19-19.13.50:370][730]Cmd: DUPLICATE
[2017.10.19-19.13.50:370][730]Cmd: ACTOR DUPLICATE
[2017.10.19-19.14.15:189][519]Cmd: MODE GRID=0
[2017.10.19-19.14.15:974][597]Cmd: MODE GRID=1
[2017.10.19-19.14.28:485][ 39]LogEditorViewport: Clicking on Actor (LMB): StaticMeshActor (Skee_Lane)
[2017.10.19-19.14.32:294][489]LogEditorViewport: Clicking Background
[2017.10.19-19.14.33:026][576]LogEditorViewport: Clicking on Actor (LMB): StaticMeshActor (Skee_Lane)
[2017.10.19-19.14.59:297][518]LogSavePackage: Save=38.05ms
[2017.10.19-19.14.59:297][518]LogSavePackage: Moving '../../../../../../Users/Public/Documents/Public Programs/MMC-Skee-Ball/Saved/Arcade_Auto2CBCA85F843D0B9CAB4B691978F77C3D1.tmp' to '../../../../../../Users/Public/Documents/Public Programs/MMC-Skee-Ball/Saved/Autosaves/Game/Maps/Arcade_Auto2.umap'
[2017.10.19-19.14.59:298][518]LogSavePackage: Display: Finished SavePackage ../../../../../../Users/Public/Documents/Public Programs/MMC-Skee-Ball/Saved/Autosaves/Game/Maps/Arcade_Auto2.umap
[2017.10.19-19.14.59:300][518]LogFileHelpers: Editor autosave (incl. sublevels) for '/Game/Maps/Arcade' took 0.056
[2017.10.19-19.14.59:300][518]LogFileHelpers: Editor autosave (incl. sublevels) for all levels took 0.056
[2017.10.19-19.15.06:023][233]LogEditorViewport: Clicking Background
[2017.10.19-19.15.06:381][276]LogEditorViewport: Clicking on Actor (LMB): Brush (Box Brush2)
[2017.10.19-19.15.11:571][894]LogEditorViewport: Clicking Background
[2017.10.19-19.15.12:368][989]LogEditorViewport: Clicking on Actor (LMB): Brush (Box Brush2)
[2017.10.19-19.15.46:202][933]LogEditorViewport: Clicking Background
[2017.10.19-19.16.06:949][348]LogEditorViewport: Clicking Background
[2017.10.19-19.16.20:409][781]LogEditorViewport: Clicking Background
[2017.10.19-19.16.26:811][488]LogEditorViewport: Clicking Background
[2017.10.19-19.16.41:319][180]LogEditorViewport: Clicking on Actor (LMB): StaticMeshActor (Skee_Lane)
[2017.10.19-19.16.48:786][ 68]LogEditorViewport: Clicking Background
[2017.10.19-19.17.23:893][ 56]LogEditorViewport: Clicking Background
[2017.10.19-19.17.24:665][148]LogEditorViewport: Clicking on Actor (LMB): StaticMeshActor (Skee_Lane)
[2017.10.19-19.17.29:187][621]LogEditorViewport: Clicking Background
[2017.10.19-19.17.29:752][688]LogEditorViewport: Clicking on Actor (LMB): Brush (Box Brush2)
[2017.10.19-19.17.32:174][968]LogEditorViewport: Clicking Background
[2017.10.19-19.17.32:904][ 55]LogEditorViewport: Clicking on Actor (LMB): StaticMeshActor (Skee_Lane)
[2017.10.19-19.17.35:569][369]LogEditorViewport: Clicking on Actor (LMB): Brush (Box Brush)
[2017.10.19-19.17.58:955][ 73]LogEditorViewport: Clicking Background
[2017.10.19-19.19.32:098][499]Cmd: TRANSACTION UNDO
[2017.10.19-19.19.32:098][499]LogEditorTransaction: Undo Select Brush Surface
[2017.10.19-19.19.32:118][499]LogMaterial: Missing cached shader map for material PreviewMaterial_0, compiling. 
[2017.10.19-19.19.32:476][515]Cmd: TRANSACTION UNDO
[2017.10.19-19.19.32:476][515]LogEditorTransaction: Undo Move Actors
[2017.10.19-19.19.32:519][515]LogMaterial: Missing cached shader map for material PreviewMaterial_0, compiling. 
[2017.10.19-19.19.33:457][575]LogEditorViewport: Clicking on Actor (LMB): Brush (Side_Lane_R)
[2017.10.19-19.19.33:505][576]MaterialEditorStats: Base pass shader: 127 instructions
[2017.10.19-19.19.33:505][576]MaterialEditorStats: Vertex shader: 87 instructions
[2017.10.19-19.19.33:505][576]MaterialEditorStats: Texture samplers: 2/16
[2017.10.19-19.19.33:505][576]MaterialEditorStats: User interpolators: 2/4 Scalars (1/4 Vectors) (TexCoords: 2, Custom: 0)
[2017.10.19-19.19.34:691][684]Cmd: TRANSACTION UNDO
[2017.10.19-19.19.34:691][684]LogEditorTransaction: Undo Select Brush Surface
[2017.10.19-19.19.34:724][684]LogMaterial: Missing cached shader map for material PreviewMaterial_0, compiling. 
[2017.10.19-19.19.35:632][736]MaterialEditorStats: Base pass shader: 127 instructions
[2017.10.19-19.19.35:632][736]MaterialEditorStats: Vertex shader: 87 instructions
[2017.10.19-19.19.35:632][736]MaterialEditorStats: Texture samplers: 2/16
[2017.10.19-19.19.35:632][736]MaterialEditorStats: User interpolators: 2/4 Scalars (1/4 Vectors) (TexCoords: 2, Custom: 0)
[2017.10.19-19.19.58:009][119]LogEditorViewport: Clicking Background
[2017.10.19-19.20.16:581][229]LogEditorViewport: Clicking Background
[2017.10.19-19.20.19:836][614]LogEditorViewport: Clicking on Actor (LMB): Brush (Side_Lane_L)
[2017.10.19-19.20.20:997][749]LogEditorViewport: Clicking on Actor (LMB): Brush (Side_Lane_L)
[2017.10.19-19.22.48:715][533]LogEditorViewport: Clicking Background
[2017.10.19-19.24.59:949][530]LogSavePackage: Save=72.52ms
[2017.10.19-19.24.59:949][530]LogSavePackage: Moving '../../../../../../Users/Public/Documents/Public Programs/MMC-Skee-Ball/Saved/Arcade_Auto3FBC1E18F4A66C76C8664169FA93C1DA9.tmp' to '../../../../../../Users/Public/Documents/Public Programs/MMC-Skee-Ball/Saved/Autosaves/Game/Maps/Arcade_Auto3.umap'
[2017.10.19-19.24.59:963][530]LogSavePackage: Display: Finished SavePackage ../../../../../../Users/Public/Documents/Public Programs/MMC-Skee-Ball/Saved/Autosaves/Game/Maps/Arcade_Auto3.umap
[2017.10.19-19.24.59:968][530]LogFileHelpers: Editor autosave (incl. sublevels) for '/Game/Maps/Arcade' took 0.112
[2017.10.19-19.24.59:968][530]LogFileHelpers: Editor autosave (incl. sublevels) for all levels took 0.112
[2017.10.19-19.29.19:168][530]LogFactory: FactoryCreateFile: Texture with ReimportTextureFactory (0 0 ../../../../../../Users/Public/Documents/Public Programs/MMC-Skee-Ball-Assets/materialsrc/Side-Carpeting.tga)
[2017.10.19-19.29.19:220][530]LogTexture: Display: Building textures: Side-Carpeting (BGRA8, 1600X917)
[2017.10.19-19.29.26:343][290]Cmd: OBJ SAVEPACKAGE PACKAGE="/Game/Materials/Side-Carpeting" FILE="../../../../../../Users/Public/Documents/Public Programs/MMC-Skee-Ball/Content/Materials/Side-Carpeting.uasset" SILENT=true
[2017.10.19-19.29.26:616][290]LogSavePackage: Save=270.93ms
[2017.10.19-19.29.26:616][290]LogSavePackage: Moving '../../../../../../Users/Public/Documents/Public Programs/MMC-Skee-Ball/Saved/Side-Carpeting4154360341889F79B2C4EE8F1D983866.tmp' to '../../../../../../Users/Public/Documents/Public Programs/MMC-Skee-Ball/Content/Materials/Side-Carpeting.uasset'
[2017.10.19-19.29.26:620][290]LogSavePackage: Display: Finished SavePackage ../../../../../../Users/Public/Documents/Public Programs/MMC-Skee-Ball/Content/Materials/Side-Carpeting.uasset
[2017.10.19-19.29.32:599][882]LogMaterial: Missing cached shader map for material Side-Carpeting_Mat, compiling. 
[2017.10.19-19.29.46:646][309]Cmd: ACTOR SELECT MATCHINGMATERIAL
[2017.10.19-19.30.20:895][988]Cmd: OBJ SAVEPACKAGE PACKAGE="/Game/Materials/Side-Carpeting_Mat" FILE="../../../../../../Users/Public/Documents/Public Programs/MMC-Skee-Ball/Content/Materials/Side-Carpeting_Mat.uasset" SILENT=true
[2017.10.19-19.30.20:918][988]LogSavePackage: Save=20.80ms
[2017.10.19-19.30.20:918][988]LogSavePackage: Moving '../../../../../../Users/Public/Documents/Public Programs/MMC-Skee-Ball/Saved/Side-Carpeting_Mat2231D9724C74AE99EC66FC990DD3F8BD.tmp' to '../../../../../../Users/Public/Documents/Public Programs/MMC-Skee-Ball/Content/Materials/Side-Carpeting_Mat.uasset'
[2017.10.19-19.30.20:921][988]LogSavePackage: Display: Finished SavePackage ../../../../../../Users/Public/Documents/Public Programs/MMC-Skee-Ball/Content/Materials/Side-Carpeting_Mat.uasset
[2017.10.19-19.30.35:694][610]Cmd: ACTOR SELECT MATCHINGMATERIAL
[2017.10.19-19.30.40:088][117]LogEditorViewport: Clicking Background
[2017.10.19-19.31.04:162][907]LogMaterial: Missing cached shader map for material Side-Carpeting_Mat, compiling. 
[2017.10.19-19.31.04:228][907]LogMaterial: Missing cached shader map for material Side-Carpeting_Mat, compiling. 
[2017.10.19-19.31.04:241][907]LogMaterial: Missing cached shader map for material Side-Carpeting_Mat, compiling. 
[2017.10.19-19.31.04:277][907]LogMaterial: Missing cached shader map for material FMatExpressionPreview MaterialExpressionTextureSample_0, compiling. 
[2017.10.19-19.31.05:403][ 16]MaterialEditorStats: Base pass shader: 127 instructions
[2017.10.19-19.31.05:403][ 16]MaterialEditorStats: Vertex shader: 87 instructions
[2017.10.19-19.31.05:403][ 16]MaterialEditorStats: Texture samplers: 2/16
[2017.10.19-19.31.05:403][ 16]MaterialEditorStats: User interpolators: 2/4 Scalars (1/4 Vectors) (TexCoords: 2, Custom: 0)
[2017.10.19-19.32.34:072][408]LogMaterial: Missing cached shader map for material LayerVisMaterial, compiling. 
[2017.10.19-19.32.34:079][408]LogMaterial: Missing cached shader map for material LayerVisMaterial, compiling. 
[2017.10.19-19.32.34:165][408]LogMaterial: Missing cached shader map for material SelectBrushMaterial, compiling. 
[2017.10.19-19.32.34:180][408]LogMaterial: Missing cached shader map for material SelectBrushMaterial, compiling. 
[2017.10.19-19.32.34:230][408]LogMaterial: Missing cached shader map for material SelectBrushMaterial, compiling. 
[2017.10.19-19.32.34:241][408]LogMaterial: Missing cached shader map for material SelectBrushMaterial, compiling. 
[2017.10.19-19.32.34:282][408]LogMaterial: Missing cached shader map for material MaskBrushMaterial, compiling. 
[2017.10.19-19.32.34:299][408]LogMaterial: Missing cached shader map for material MaskBrushMaterial, compiling. 
[2017.10.19-19.32.34:311][408]LogMaterial: Missing cached shader map for material MaskBrushMaterial, compiling. 
[2017.10.19-19.32.34:343][408]LogMaterial: Missing cached shader map for material LandscapeLayerUsageMaterial, compiling. 
[2017.10.19-19.32.34:353][408]LogMaterial: Missing cached shader map for material LandscapeLayerUsageMaterial, compiling. 
[2017.10.19-19.32.34:382][408]LogMaterial: Missing cached shader map for material MirrorPlaneMaterial, compiling. 
[2017.10.19-19.32.34:414][408]LogMaterial: Missing cached shader map for material CircleBrushMaterial, compiling. 
[2017.10.19-19.32.34:430][408]LogMaterial: Missing cached shader map for material CircleBrushMaterial, compiling. 
[2017.10.19-19.32.34:448][408]LogMaterial: Missing cached shader map for material CircleBrushMaterial, compiling. 
[2017.10.19-19.32.34:470][408]LogMaterial: Missing cached shader map for material CircleBrushMaterial, compiling. 
[2017.10.19-19.32.34:498][408]LogMaterial: Missing cached shader map for material CircleBrushMaterial, compiling. 
[2017.10.19-19.32.34:514][408]LogMaterial: Missing cached shader map for material CircleBrushMaterial, compiling. 
[2017.10.19-19.32.34:538][408]LogMaterial: Missing cached shader map for material CircleBrushMaterial, compiling. 
[2017.10.19-19.32.34:552][408]LogMaterial: Missing cached shader map for material CircleBrushMaterial, compiling. 
[2017.10.19-19.32.34:587][408]LogMaterial: Missing cached shader map for material AlphaBrushMaterial, compiling. 
[2017.10.19-19.32.34:605][408]LogMaterial: Missing cached shader map for material AlphaBrushMaterial, compiling. 
[2017.10.19-19.32.34:631][408]LogMaterial: Missing cached shader map for material CircleBrushMaterial, compiling. 
[2017.10.19-19.32.34:658][408]LogMaterial: Missing cached shader map for material CircleBrushMaterial, compiling. 
[2017.10.19-19.32.34:688][408]LogMaterial: Missing cached shader map for material MaskBrushMaterial, compiling. 
[2017.10.19-19.32.34:706][408]LogMaterial: Missing cached shader map for material MaskBrushMaterial, compiling. 
[2017.10.19-19.32.34:735][408]LogTexture: Display: Building textures: Texture2D_4 (G8, 128X128)
[2017.10.19-19.33.02:163][515]LogFactory: FactoryCreateFile: Texture with ReimportTextureFactory (0 0 ../../../../../../Users/Public/Documents/Public Programs/MMC-Skee-Ball-Assets/materialsrc/Floor.png)
[2017.10.19-19.33.02:249][515]LogTexture: Display: Building textures: Floor (BGRA8, 1600X1063)
[2017.10.19-19.33.06:152][866]Cmd: OBJ SAVEPACKAGE PACKAGE="/Game/Materials/Floor" FILE="../../../../../../Users/Public/Documents/Public Programs/MMC-Skee-Ball/Content/Materials/Floor.uasset" SILENT=true
[2017.10.19-19.33.06:413][866]LogSavePackage: Save=259.78ms
[2017.10.19-19.33.06:413][866]LogSavePackage: Moving '../../../../../../Users/Public/Documents/Public Programs/MMC-Skee-Ball/Saved/FloorFD8305504BC07A5FCEBF25842B2ACF29.tmp' to '../../../../../../Users/Public/Documents/Public Programs/MMC-Skee-Ball/Content/Materials/Floor.uasset'
[2017.10.19-19.33.06:416][866]LogSavePackage: Display: Finished SavePackage ../../../../../../Users/Public/Documents/Public Programs/MMC-Skee-Ball/Content/Materials/Floor.uasset
[2017.10.19-19.33.14:650][277]LogMaterial: Missing cached shader map for material PreviewMaterial_0, compiling. 
[2017.10.19-19.33.14:696][277]LogMaterial: Missing cached shader map for material Skee-Ball-Floor_Mat, compiling. 
[2017.10.19-19.33.14:719][277]LogMaterial: Missing cached shader map for material Skee-Ball-Floor_Mat, compiling. 
[2017.10.19-19.33.14:747][277]LogMaterial: Missing cached shader map for material FDebugViewModeMaterialProxy Skee-Ball-Floor_Mat, compiling. 
[2017.10.19-19.33.15:525][277]TextureStreamingBuild: Display: Compiling optional shaders took 0.784 seconds.
[2017.10.19-19.33.26:518][442]Cmd: TRANSACTION UNDO
[2017.10.19-19.33.26:518][442]LogEditorTransaction: Undo Move Actors
[2017.10.19-19.33.28:077][595]Cmd: TRANSACTION REDO
[2017.10.19-19.33.28:077][595]LogEditorTransaction: Redo Move Actors
[2017.10.19-19.33.49:666][762]LogMaterial: Missing cached shader map for material Floor-Material, compiling. 
[2017.10.19-19.33.53:176][ 78]Cmd: OBJ SAVEPACKAGE PACKAGE="/Game/Materials/Floor-Material" FILE="../../../../../../Users/Public/Documents/Public Programs/MMC-Skee-Ball/Content/Materials/Floor-Material.uasset" SILENT=true
[2017.10.19-19.33.53:194][ 78]LogSavePackage: Save=16.10ms
[2017.10.19-19.33.53:194][ 78]LogSavePackage: Moving '../../../../../../Users/Public/Documents/Public Programs/MMC-Skee-Ball/Saved/Floor-Material1C5B4C814E6E39F394846DA7DD26E1A0.tmp' to '../../../../../../Users/Public/Documents/Public Programs/MMC-Skee-Ball/Content/Materials/Floor-Material.uasset'
[2017.10.19-19.33.53:196][ 78]LogSavePackage: Display: Finished SavePackage ../../../../../../Users/Public/Documents/Public Programs/MMC-Skee-Ball/Content/Materials/Floor-Material.uasset
[2017.10.19-19.33.58:595][663]LogTexture: Display: Building textures: Texture2D_0 (BGRA8, 512X512)
[2017.10.19-19.33.58:614][663]LogMaterial: Missing cached shader map for material Floor-Material, compiling. 
[2017.10.19-19.34.18:665][ 23]Cmd: TRANSACTION UNDO
[2017.10.19-19.34.18:665][ 23]LogEditorTransaction: Undo Move Actors
[2017.10.19-19.35.15:272][556]LogEditorViewport: Clicking on Actor (LMB): StaticMeshActor (Skee_Lane)
[2017.10.19-19.35.17:903][865]Cmd: TRANSACTION UNDO
[2017.10.19-19.35.17:903][865]LogEditorTransaction: Undo Move Actors
[2017.10.19-19.35.18:912][968]LogEditorViewport: Clicking on Actor (LMB): Landscape (Landscape)
[2017.10.19-19.35.41:649][576]Cmd: OBJ SAVEPACKAGE PACKAGE="/Game/Materials/SkeeLaneSurface" FILE="../../../../../../Users/Public/Documents/Public Programs/MMC-Skee-Ball/Content/Materials/SkeeLaneSurface.uasset" SILENT=true
[2017.10.19-19.35.41:679][576]LogSavePackage: Save=28.36ms
[2017.10.19-19.35.41:679][576]LogSavePackage: Moving '../../../../../../Users/Public/Documents/Public Programs/MMC-Skee-Ball/Saved/SkeeLaneSurfaceBFFE71B04085EDF34276E8933459E52B.tmp' to '../../../../../../Users/Public/Documents/Public Programs/MMC-Skee-Ball/Content/Materials/SkeeLaneSurface.uasset'
[2017.10.19-19.35.41:681][576]LogSavePackage: Display: Finished SavePackage ../../../../../../Users/Public/Documents/Public Programs/MMC-Skee-Ball/Content/Materials/SkeeLaneSurface.uasset
[2017.10.19-19.35.41:785][576]Cmd: OBJ SAVEPACKAGE PACKAGE="/Game/Materials/Skee-Ball-Floor_Mat" FILE="../../../../../../Users/Public/Documents/Public Programs/MMC-Skee-Ball/Content/Materials/Skee-Ball-Floor_Mat.uasset" SILENT=true
[2017.10.19-19.35.41:807][576]LogSavePackage: Save=15.25ms
[2017.10.19-19.35.41:807][576]LogSavePackage: Moving '../../../../../../Users/Public/Documents/Public Programs/MMC-Skee-Ball/Saved/Skee-Ball-Floor_Mat0DC1FB1248A7336DE99A96B414AE0A52.tmp' to '../../../../../../Users/Public/Documents/Public Programs/MMC-Skee-Ball/Content/Materials/Skee-Ball-Floor_Mat.uasset'
[2017.10.19-19.35.41:809][576]LogSavePackage: Display: Finished SavePackage ../../../../../../Users/Public/Documents/Public Programs/MMC-Skee-Ball/Content/Materials/Skee-Ball-Floor_Mat.uasset
[2017.10.19-19.35.58:813][395]LogSavePackage: Save=15.31ms
[2017.10.19-19.35.58:813][395]LogSavePackage: Moving '../../../../../../Users/Public/Documents/Public Programs/MMC-Skee-Ball/Saved/SkeeLaneSuraceMaterial939947104928B4E169B946B5FCE9EBE0.tmp' to '../../../../../../Users/Public/Documents/Public Programs/MMC-Skee-Ball/Content/Materials/SkeeLaneSuraceMaterial.uasset'
[2017.10.19-19.35.58:815][395]LogSavePackage: Display: Finished SavePackage ../../../../../../Users/Public/Documents/Public Programs/MMC-Skee-Ball/Content/Materials/SkeeLaneSuraceMaterial.uasset
[2017.10.19-19.36.09:922][625]LogSavePackage: Save=17.28ms
[2017.10.19-19.36.09:922][625]LogSavePackage: Moving '../../../../../../Users/Public/Documents/Public Programs/MMC-Skee-Ball/Saved/LaneSideCarpetingMaterial29E876394F1F964112AC69BC177A16E4.tmp' to '../../../../../../Users/Public/Documents/Public Programs/MMC-Skee-Ball/Content/Materials/LaneSideCarpetingMaterial.uasset'
[2017.10.19-19.36.09:924][625]LogSavePackage: Display: Finished SavePackage ../../../../../../Users/Public/Documents/Public Programs/MMC-Skee-Ball/Content/Materials/LaneSideCarpetingMaterial.uasset
[2017.10.19-19.36.20:479][712]Cmd: OBJ SAVEPACKAGE PACKAGE="/Game/Materials/LaneSideCarpeting" FILE="../../../../../../Users/Public/Documents/Public Programs/MMC-Skee-Ball/Content/Materials/LaneSideCarpeting.uasset" SILENT=true
[2017.10.19-19.36.20:534][712]LogSavePackage: Save=53.55ms
[2017.10.19-19.36.20:534][712]LogSavePackage: Moving '../../../../../../Users/Public/Documents/Public Programs/MMC-Skee-Ball/Saved/LaneSideCarpeting5426C9A84FD19A969AD820B6822A518D.tmp' to '../../../../../../Users/Public/Documents/Public Programs/MMC-Skee-Ball/Content/Materials/LaneSideCarpeting.uasset'
[2017.10.19-19.36.20:536][712]LogSavePackage: Display: Finished SavePackage ../../../../../../Users/Public/Documents/Public Programs/MMC-Skee-Ball/Content/Materials/LaneSideCarpeting.uasset
[2017.10.19-19.36.20:639][712]LogSavePackage: Save=5.81ms
[2017.10.19-19.36.20:639][712]LogSavePackage: Moving '../../../../../../Users/Public/Documents/Public Programs/MMC-Skee-Ball/Saved/LaneSideCarpetingMaterial8EDF09A6434CC262DB03839FC8C2F7E6.tmp' to '../../../../../../Users/Public/Documents/Public Programs/MMC-Skee-Ball/Content/Materials/LaneSideCarpetingMaterial.uasset'
[2017.10.19-19.36.20:641][712]LogSavePackage: Display: Finished SavePackage ../../../../../../Users/Public/Documents/Public Programs/MMC-Skee-Ball/Content/Materials/LaneSideCarpetingMaterial.uasset
[2017.10.19-19.36.27:886][486]Cmd: OBJ SAVEPACKAGE PACKAGE="/Game/Materials/FloorMaterial" FILE="../../../../../../Users/Public/Documents/Public Programs/MMC-Skee-Ball/Content/Materials/FloorMaterial.uasset" SILENT=true
[2017.10.19-19.36.27:904][486]LogSavePackage: Save=16.51ms
[2017.10.19-19.36.27:904][486]LogSavePackage: Moving '../../../../../../Users/Public/Documents/Public Programs/MMC-Skee-Ball/Saved/FloorMaterial0F1B37A2465CEB40700E99992B1653E5.tmp' to '../../../../../../Users/Public/Documents/Public Programs/MMC-Skee-Ball/Content/Materials/FloorMaterial.uasset'
[2017.10.19-19.36.27:906][486]LogSavePackage: Display: Finished SavePackage ../../../../../../Users/Public/Documents/Public Programs/MMC-Skee-Ball/Content/Materials/FloorMaterial.uasset
[2017.10.19-19.36.31:559][827]LogMaterial: Missing cached shader map for material FloorMaterial, compiling. 
[2017.10.19-19.36.31:635][827]LogMaterial: Missing cached shader map for material FloorMaterial, compiling. 
[2017.10.19-19.36.31:663][827]LogMaterial: Missing cached shader map for material FloorMaterial, compiling. 
[2017.10.19-19.36.31:705][827]LogMaterial: Missing cached shader map for material FMatExpressionPreview MaterialExpressionTextureSample_0, compiling. 
[2017.10.19-19.36.33:035][889]MaterialEditorStats: Base pass shader: 127 instructions
[2017.10.19-19.36.33:035][889]MaterialEditorStats: Vertex shader: 87 instructions
[2017.10.19-19.36.33:035][889]MaterialEditorStats: Texture samplers: 2/16
[2017.10.19-19.36.33:035][889]MaterialEditorStats: User interpolators: 2/4 Scalars (1/4 Vectors) (TexCoords: 2, Custom: 0)
[2017.10.19-19.37.11:528][131]LogSavePackage: Save=176.50ms
[2017.10.19-19.37.11:528][131]LogSavePackage: Moving '../../../../../../Users/Public/Documents/Public Programs/MMC-Skee-Ball/Saved/Arcade_Auto4B8E381994F15E8C04BAD859E1F9303DA.tmp' to '../../../../../../Users/Public/Documents/Public Programs/MMC-Skee-Ball/Saved/Autosaves/Game/Maps/Arcade_Auto4.umap'
[2017.10.19-19.37.11:529][131]LogSavePackage: Display: Finished SavePackage ../../../../../../Users/Public/Documents/Public Programs/MMC-Skee-Ball/Saved/Autosaves/Game/Maps/Arcade_Auto4.umap
[2017.10.19-19.37.11:533][131]LogFileHelpers: Editor autosave (incl. sublevels) for '/Game/Maps/Arcade' took 0.200
[2017.10.19-19.37.11:533][131]LogFileHelpers: Editor autosave (incl. sublevels) for all levels took 0.200
[2017.10.19-19.41.33:246][442]LogFactory: FactoryCreateFile: Texture with ReimportTextureFactory (0 0 ../../../../../../Users/Public/Documents/Public Programs/MMC-Skee-Ball-Assets/materialsrc/Floor.tga)
[2017.10.19-19.41.37:108][442]LogTexture: Display: Building textures: Floor (BGRA8, 1600X1063)
[2017.10.19-19.47.12:125][826]LogFileHelpers: Editor autosave (incl. sublevels) for '/Game/Maps/Arcade' took 0.010
[2017.10.19-19.47.12:127][826]OBJ SavePackage: Generating thumbnails for [1] asset(s) in package [/Game/Materials/Floor] ([1] browsable assets)...
[2017.10.19-19.47.12:134][826]OBJ SavePackage:     Rendered thumbnail for [Texture2D /Game/Materials/Floor.Floor]
[2017.10.19-19.47.12:134][826]OBJ SavePackage: Finished generating thumbnails for package [/Game/Materials/Floor]
[2017.10.19-19.47.12:162][826]LogSavePackage: Save=16.41ms
[2017.10.19-19.47.12:162][826]LogSavePackage: Moving '../../../../../../Users/Public/Documents/Public Programs/MMC-Skee-Ball/Saved/Floor_Auto5F9C677B74E9FDB1C84E490BA7B944449.tmp' to '../../../../../../Users/Public/Documents/Public Programs/MMC-Skee-Ball/Saved/Autosaves/Game/Materials/Floor_Auto5.uasset'
[2017.10.19-19.47.12:163][826]LogSavePackage: Display: Finished SavePackage ../../../../../../Users/Public/Documents/Public Programs/MMC-Skee-Ball/Saved/Autosaves/Game/Materials/Floor_Auto5.uasset
[2017.10.19-19.47.12:163][826]LogFileHelpers: Auto-saving content packages took 0.037
[2017.10.19-19.50.23:379][525]LogFactory: FactoryCreateFile: Texture with ReimportTextureFactory (0 0 ../../../../../../Users/Public/Documents/Public Programs/MMC-Skee-Ball-Assets/materialsrc/Floor.tga)
[2017.10.19-19.50.24:524][525]LogTexture: Display: Building textures: Floor (BGRA8, 1057X1063)
[2017.10.19-19.51.16:036][635]Cmd: OBJ SAVEPACKAGE PACKAGE="/Game/Maps/Arcade" FILE="../../../../../../Users/Public/Documents/Public Programs/MMC-Skee-Ball/Content/Maps/Arcade.umap" SILENT=true AUTOSAVING=false KEEPDIRTY=false
[2017.10.19-19.51.16:203][635]LogSavePackage: Save=151.27ms
[2017.10.19-19.51.16:203][635]LogSavePackage: Moving '../../../../../../Users/Public/Documents/Public Programs/MMC-Skee-Ball/Saved/Arcade6E0CAA454D57578B089DF497CF60C73A.tmp' to '../../../../../../Users/Public/Documents/Public Programs/MMC-Skee-Ball/Content/Maps/Arcade.umap'
[2017.10.19-19.51.16:208][635]LogSavePackage: Display: Finished SavePackage ../../../../../../Users/Public/Documents/Public Programs/MMC-Skee-Ball/Content/Maps/Arcade.umap
[2017.10.19-19.51.45:425][502]Cmd: OBJ SAVEPACKAGE PACKAGE="/Game/Maps/Arcade" FILE="../../../../../../Users/Public/Documents/Public Programs/MMC-Skee-Ball/Content/Maps/Arcade.umap" SILENT=true AUTOSAVING=false KEEPDIRTY=false
[2017.10.19-19.51.45:586][502]LogSavePackage: Save=149.03ms
[2017.10.19-19.51.45:586][502]LogSavePackage: Moving '../../../../../../Users/Public/Documents/Public Programs/MMC-Skee-Ball/Saved/ArcadeFF79585849EA68E33546B4B436124A0D.tmp' to '../../../../../../Users/Public/Documents/Public Programs/MMC-Skee-Ball/Content/Maps/Arcade.umap'
[2017.10.19-19.51.45:588][502]LogSavePackage: Display: Finished SavePackage ../../../../../../Users/Public/Documents/Public Programs/MMC-Skee-Ball/Content/Maps/Arcade.umap
[2017.10.19-19.52.14:085][818]LogActorFactory: Actor Factory created Cube
[2017.10.19-19.52.14:651][885]LogActorFactory: Actor Factory created Cube
[2017.10.19-19.52.48:343][873]LogEditorViewport: Clicking on Actor (LMB): StaticMeshActor (Cube)
[2017.10.19-19.53.16:886][189]LogEditorViewport: Clicking on Actor (LMB): StaticMeshActor (Cube)
[2017.10.19-19.53.56:779][891]LogEditorViewport: Clicking on Actor (LMB): StaticMeshActor (Cube)
[2017.10.19-19.54.29:804][793]Cmd: DELETE
[2017.10.19-19.54.29:804][793]Cmd: ACTOR DELETE
[2017.10.19-19.54.29:804][793]LogEditorActor: Deleted Actor: StaticMeshActor
[2017.10.19-19.54.29:813][793]LogEditorActor: Deleted 1 Actors (0.009 secs)
[2017.10.19-19.54.31:104][945]Cmd: OBJ SAVEPACKAGE PACKAGE="/Game/Maps/Arcade" FILE="../../../../../../Users/Public/Documents/Public Programs/MMC-Skee-Ball/Content/Maps/Arcade.umap" SILENT=true AUTOSAVING=false KEEPDIRTY=false
[2017.10.19-19.54.31:263][945]LogSavePackage: Save=148.92ms
[2017.10.19-19.54.31:264][945]LogSavePackage: Moving '../../../../../../Users/Public/Documents/Public Programs/MMC-Skee-Ball/Saved/Arcade2887633C4D00E4824C7B149D9A8B6581.tmp' to '../../../../../../Users/Public/Documents/Public Programs/MMC-Skee-Ball/Content/Maps/Arcade.umap'
[2017.10.19-19.54.31:266][945]LogSavePackage: Display: Finished SavePackage ../../../../../../Users/Public/Documents/Public Programs/MMC-Skee-Ball/Content/Maps/Arcade.umap
[2017.10.19-19.54.35:675][158]Cmd: OBJ SAVEPACKAGE PACKAGE="/Game/Materials/Floor" FILE="../../../../../../Users/Public/Documents/Public Programs/MMC-Skee-Ball/Content/Materials/Floor.uasset" SILENT=true
[2017.10.19-19.54.35:870][158]LogSavePackage: Save=184.15ms
[2017.10.19-19.54.35:870][158]LogSavePackage: Moving '../../../../../../Users/Public/Documents/Public Programs/MMC-Skee-Ball/Saved/Floor25FCF587466E5585BEDF169ECA1E0B9D.tmp' to '../../../../../../Users/Public/Documents/Public Programs/MMC-Skee-Ball/Content/Materials/Floor.uasset'
[2017.10.19-19.54.35:876][158]LogSavePackage: Display: Finished SavePackage ../../../../../../Users/Public/Documents/Public Programs/MMC-Skee-Ball/Content/Materials/Floor.uasset
[2017.10.19-19.54.36:081][159]Cmd: QUIT_EDITOR
[2017.10.19-19.54.36:107][159]LogExit: Preparing to exit.
[2017.10.19-19.54.37:008][159]LogDirectoryWatcher: A directory notification for 'C:/Users/Public/Documents/Public Programs/MMC-Skee-Ball/Content/' was aborted.
[2017.10.19-19.54.37:030][159]LogExit: Editor shut down
[2017.10.19-19.54.37:039][159]LogExit: Transaction tracking system shut down
[2017.10.19-19.54.37:170][159]LogDirectoryWatcher: A directory notification for '../../../Engine/Content/' was aborted.
[2017.10.19-19.54.37:171][159]LogDirectoryWatcher: A directory notification for '../../../../../../Users/Public/Documents/Public Programs/MMC-Skee-Ball/Content/' was aborted.
[2017.10.19-19.54.37:171][159]LogDirectoryWatcher: A directory notification for '../../../Engine/Plugins/2D/Paper2D/Content/' was aborted.
[2017.10.19-19.54.37:171][159]LogDirectoryWatcher: A directory notification for '../../../Engine/Plugins/Runtime/Oculus/OculusVR/Content/' was aborted.
[2017.10.19-19.54.37:171][159]LogDirectoryWatcher: A directory notification for '../../../Engine/Plugins/Runtime/Steam/SteamVR/Content/' was aborted.
[2017.10.19-19.54.37:211][159]LogExit: Object subsystem successfully closed.
[2017.10.19-19.54.37:229][159]LogD3D11RHI: Shutdown
[2017.10.19-19.54.37:230][159]LogD3D11RHI: CleanupD3DDevice
[2017.10.19-19.54.37:308][159]LogD3D11RHI: ~FD3D11DynamicRHI
[2017.10.19-19.54.37:321][159]LogModuleManager: Shutting down and abandoning module TextureEditor (534)
[2017.10.19-19.54.37:322][159]LogModuleManager: Shutting down and abandoning module MaterialEditor (532)
[2017.10.19-19.54.37:322][159]LogModuleManager: Shutting down and abandoning module HierarchicalLODOutliner (530)
[2017.10.19-19.54.37:322][159]LogModuleManager: Shutting down and abandoning module SceneOutliner (528)
[2017.10.19-19.54.37:322][159]LogModuleManager: Shutting down and abandoning module AddContentDialog (526)
[2017.10.19-19.54.37:322][159]LogDirectoryWatcher: A directory notification for 'C:/Program Files (x86)/Epic Games/UE_4.17/FeaturePacks/' was aborted.
[2017.10.19-19.54.37:323][159]LogModuleManager: Shutting down and abandoning module WidgetCarousel (525)
[2017.10.19-19.54.37:323][159]LogModuleManager: Shutting down and abandoning module EditorWidgets (522)
[2017.10.19-19.54.37:323][159]LogModuleManager: Shutting down and abandoning module CollectionManager (520)
[2017.10.19-19.54.37:323][159]LogDirectoryWatcher: A directory notification for 'C:/Users/Public/Documents/Public Programs/MMC-Skee-Ball/Content/Collections/' was aborted.
[2017.10.19-19.54.37:323][159]LogDirectoryWatcher: A directory notification for 'C:/Users/Public/Documents/Public Programs/MMC-Skee-Ball/Content/Developers/Jsmith/Collections/' was aborted.
[2017.10.19-19.54.37:323][159]LogDirectoryWatcher: A directory notification for 'C:/Users/Public/Documents/Public Programs/MMC-Skee-Ball/Saved/Collections/' was aborted.
[2017.10.19-19.54.37:323][159]LogModuleManager: Shutting down and abandoning module StatsViewer (518)
[2017.10.19-19.54.37:323][159]LogModuleManager: Shutting down and abandoning module FoliageEdit (516)
[2017.10.19-19.54.37:323][159]LogModuleManager: Shutting down and abandoning module LandscapeEditor (514)
[2017.10.19-19.54.37:323][159]LogModuleManager: Shutting down and abandoning module MeshPaintMode (512)
[2017.10.19-19.54.37:323][159]LogModuleManager: Shutting down and abandoning module SceneDepthPickerMode (510)
[2017.10.19-19.54.37:323][159]LogModuleManager: Shutting down and abandoning module ActorPickerMode (508)
[2017.10.19-19.54.37:323][159]LogModuleManager: Shutting down and abandoning module GeometryMode (506)
[2017.10.19-19.54.37:323][159]LogModuleManager: Shutting down and abandoning module TextureAlignMode (504)
[2017.10.19-19.54.37:323][159]LogModuleManager: Shutting down and abandoning module BspMode (502)
[2017.10.19-19.54.37:323][159]LogModuleManager: Shutting down and abandoning module PIEPreviewDeviceProfileSelector (500)
[2017.10.19-19.54.37:323][159]LogModuleManager: Shutting down and abandoning module HardwareSurvey (498)
[2017.10.19-19.54.37:323][159]LogModuleManager: Shutting down and abandoning module SequenceRecorderSections (496)
[2017.10.19-19.54.37:323][159]LogModuleManager: Shutting down and abandoning module AutomationWorker (494)
[2017.10.19-19.54.37:323][159]LogModuleManager: Shutting down and abandoning module MatineeToLevelSequence (492)
[2017.10.19-19.54.37:323][159]LogModuleManager: Shutting down and abandoning module LevelSequenceEditor (490)
[2017.10.19-19.54.37:323][159]LogModuleManager: Shutting down and abandoning module PlacementMode (489)
[2017.10.19-19.54.37:323][159]LogModuleManager: Shutting down and abandoning module WmfMediaFactory (486)
[2017.10.19-19.54.37:323][159]LogModuleManager: Shutting down and abandoning module WmfMediaEditor (484)
[2017.10.19-19.54.37:323][159]LogModuleManager: Shutting down and abandoning module AvfMediaFactory (482)
[2017.10.19-19.54.37:324][159]LogModuleManager: Shutting down and abandoning module AvfMediaEditor (480)
[2017.10.19-19.54.37:324][159]LogModuleManager: Shutting down and abandoning module AndroidMediaFactory (478)
[2017.10.19-19.54.37:324][159]LogModuleManager: Shutting down and abandoning module Media (477)
[2017.10.19-19.54.37:324][159]LogModuleManager: Shutting down and abandoning module AndroidMediaEditor (474)
[2017.10.19-19.54.37:324][159]LogModuleManager: Shutting down and abandoning module CharacterAI (472)
[2017.10.19-19.54.37:324][159]LogModuleManager: Shutting down and abandoning module AudioCapture (470)
[2017.10.19-19.54.37:324][159]LogModuleManager: Shutting down and abandoning module SequenceRecorder (469)
[2017.10.19-19.54.37:324][159]LogModuleManager: Shutting down and abandoning module SmartSnapping (466)
[2017.10.19-19.54.37:324][159]LogModuleManager: Shutting down and abandoning module SessionServices (464)
[2017.10.19-19.54.37:324][159]LogModuleManager: Shutting down and abandoning module ViewportSnapping (462)
[2017.10.19-19.54.37:324][159]LogModuleManager: Shutting down and abandoning module ViewportInteraction (460)
[2017.10.19-19.54.37:324][159]LogModuleManager: Shutting down and abandoning module ClothPainter (458)
[2017.10.19-19.54.37:324][159]LogModuleManager: Shutting down and abandoning module LogVisualizer (456)
[2017.10.19-19.54.37:324][159]LogModuleManager: Shutting down and abandoning module IntroTutorials (454)
[2017.10.19-19.54.37:324][159]LogModuleManager: Shutting down and abandoning module GameProjectGeneration (453)
[2017.10.19-19.54.37:324][159]LogModuleManager: Shutting down and abandoning module IOSPlatformEditor (450)
[2017.10.19-19.54.37:324][159]LogModuleManager: Shutting down and abandoning module HTML5PlatformEditor (448)
[2017.10.19-19.54.37:324][159]LogModuleManager: Shutting down and abandoning module AndroidPlatformEditor (446)
[2017.10.19-19.54.37:324][159]LogModuleManager: Shutting down and abandoning module AndroidDeviceDetection (445)
[2017.10.19-19.54.38:052][159]LogModuleManager: Shutting down and abandoning module WindowsPlatformEditor (442)
[2017.10.19-19.54.38:052][159]LogModuleManager: Shutting down and abandoning module IOSRuntimeSettings (440)
[2017.10.19-19.54.38:052][159]LogModuleManager: Shutting down and abandoning module AndroidRuntimeSettings (438)
[2017.10.19-19.54.38:052][159]LogModuleManager: Shutting down and abandoning module InputBindingEditor (436)
[2017.10.19-19.54.38:052][159]LogModuleManager: Shutting down and abandoning module MergeActors (434)
[2017.10.19-19.54.38:052][159]LogModuleManager: Shutting down and abandoning module SizeMap (432)
[2017.10.19-19.54.38:052][159]LogModuleManager: Shutting down and abandoning module TreeMap (430)
[2017.10.19-19.54.38:052][159]LogModuleManager: Shutting down and abandoning module ReferenceViewer (428)
[2017.10.19-19.54.38:052][159]LogModuleManager: Shutting down and abandoning module LocalizationDashboard (426)
[2017.10.19-19.54.38:052][159]LogModuleManager: Shutting down and abandoning module LocalizationService (425)
[2017.10.19-19.54.38:052][159]LogModuleManager: Shutting down and abandoning module HardwareTargeting (422)
[2017.10.19-19.54.38:052][159]LogModuleManager: Shutting down and abandoning module DeviceProfileEditor (420)
[2017.10.19-19.54.38:052][159]LogModuleManager: Shutting down and abandoning module UndoHistory (418)
[2017.10.19-19.54.38:052][159]LogModuleManager: Shutting down and abandoning module XmlParser (416)
[2017.10.19-19.54.38:052][159]LogModuleManager: Shutting down and abandoning module Blutility (414)
[2017.10.19-19.54.38:052][159]LogModuleManager: Shutting down and abandoning module ProjectSettingsViewer (412)
[2017.10.19-19.54.38:052][159]LogModuleManager: Shutting down and abandoning module ProjectTargetPlatformEditor (411)
[2017.10.19-19.54.38:053][159]LogModuleManager: Shutting down and abandoning module EditorSettingsViewer (408)
[2017.10.19-19.54.38:053][159]LogModuleManager: Shutting down and abandoning module SettingsEditor (406)
[2017.10.19-19.54.38:053][159]LogModuleManager: Shutting down and abandoning module ProjectLauncher (404)
[2017.10.19-19.54.38:053][159]LogModuleManager: Shutting down and abandoning module SessionFrontend (402)
[2017.10.19-19.54.38:053][159]LogModuleManager: Shutting down and abandoning module ProfilerClient (400)
[2017.10.19-19.54.38:053][159]LogModuleManager: Shutting down and abandoning module DeviceManager (398)
[2017.10.19-19.54.38:053][159]LogModuleManager: Shutting down and abandoning module TargetDeviceServices (397)
[2017.10.19-19.54.38:093][159]LogModuleManager: Shutting down and abandoning module AutomationController (394)
[2017.10.19-19.54.38:093][159]LogModuleManager: Shutting down and abandoning module AutomationWindow (392)
[2017.10.19-19.54.38:093][159]LogModuleManager: Shutting down and abandoning module Layers (390)
[2017.10.19-19.54.38:093][159]LogModuleManager: Shutting down and abandoning module ComponentVisualizers (388)
[2017.10.19-19.54.38:093][159]LogModuleManager: Shutting down and abandoning module DetailCustomizations (386)
[2017.10.19-19.54.38:093][159]LogModuleManager: Shutting down and abandoning module PackagesDialog (384)
[2017.10.19-19.54.38:093][159]LogModuleManager: Shutting down and abandoning module Persona (382)
[2017.10.19-19.54.38:093][159]LogModuleManager: Shutting down and abandoning module AdvancedPreviewScene (381)
[2017.10.19-19.54.38:093][159]LogModuleManager: Shutting down and abandoning module AnimGraph (379)
[2017.10.19-19.54.38:093][159]LogModuleManager: Shutting down and abandoning module Kismet (376)
[2017.10.19-19.54.38:093][159]LogModuleManager: Shutting down and abandoning module ClassViewer (374)
[2017.10.19-19.54.38:093][159]LogModuleManager: Shutting down and abandoning module Toolbox (372)
[2017.10.19-19.54.38:093][159]LogModuleManager: Shutting down and abandoning module ModuleUI (370)
[2017.10.19-19.54.38:093][159]LogModuleManager: Shutting down and abandoning module MovieSceneTools (368)
[2017.10.19-19.54.38:093][159]LogModuleManager: Shutting down and abandoning module OutputLog (366)
[2017.10.19-19.54.38:093][159]LogModuleManager: Shutting down and abandoning module GammaUI (364)
[2017.10.19-19.54.38:093][159]LogModuleManager: Shutting down and abandoning module Documentation (362)
[2017.10.19-19.54.38:093][159]LogModuleManager: Shutting down and abandoning module MovieSceneTracks (360)
[2017.10.19-19.54.38:093][159]LogModuleManager: Shutting down and abandoning module MovieScene (358)
[2017.10.19-19.54.38:093][159]LogModuleManager: Shutting down and abandoning module Niagara (356)
[2017.10.19-19.54.38:093][159]LogModuleManager: Shutting down and abandoning module NiagaraEditor (355)
[2017.10.19-19.54.38:093][159]LogModuleManager: Shutting down and abandoning module StreamingPauseRendering (352)
[2017.10.19-19.54.38:093][159]LogModuleManager: Shutting down and abandoning module LauncherPlatform (350)
[2017.10.19-19.54.38:093][159]LogModuleManager: Shutting down and abandoning module AnalyticsET (348)
[2017.10.19-19.54.38:093][159]LogModuleManager: Shutting down and abandoning module PortalServices (346)
[2017.10.19-19.54.38:093][159]LogModuleManager: Shutting down and abandoning module PortalRpc (344)
[2017.10.19-19.54.38:093][159]LogModuleManager: Shutting down and abandoning module MessagingRpc (342)
[2017.10.19-19.54.38:093][159]LogModuleManager: Shutting down and abandoning module AIModule (340)
[2017.10.19-19.54.38:093][159]LogModuleManager: Shutting down and abandoning module GameplayDebugger (339)
[2017.10.19-19.54.38:094][159]LogModuleManager: Shutting down and abandoning module AITestSuite (337)
[2017.10.19-19.54.38:094][159]LogModuleManager: Shutting down and abandoning module ProfilerService (334)
[2017.10.19-19.54.38:242][159]LogModuleManager: Shutting down and abandoning module TaskGraph (332)
[2017.10.19-19.54.38:242][159]LogModuleManager: Shutting down and abandoning module SteamVRController (330)
[2017.10.19-19.54.38:242][159]LogModuleManager: Shutting down and abandoning module ProceduralMeshComponentEditor (328)
[2017.10.19-19.54.38:242][159]LogModuleManager: Shutting down and abandoning module ProceduralMeshComponent (326)
[2017.10.19-19.54.38:242][159]LogModuleManager: Shutting down and abandoning module OculusInput (324)
[2017.10.19-19.54.38:242][159]LogModuleManager: Shutting down and abandoning module MobilePatchingUtils (322)
[2017.10.19-19.54.38:242][159]LogModuleManager: Shutting down and abandoning module CustomMeshComponent (320)
[2017.10.19-19.54.38:242][159]LogModuleManager: Shutting down and abandoning module CableComponent (318)
[2017.10.19-19.54.38:242][159]LogModuleManager: Shutting down and abandoning module ArchVisCharacter (316)
[2017.10.19-19.54.38:242][159]LogModuleManager: Shutting down and abandoning module AndroidPermission (314)
[2017.10.19-19.54.38:242][159]LogModuleManager: Shutting down and abandoning module MediaPlayerEditor (310)
[2017.10.19-19.54.38:242][159]LogModuleManager: Shutting down and abandoning module HTML5Networking (308)
[2017.10.19-19.54.38:242][159]LogModuleManager: Shutting down and abandoning module AlembicImporter (306)
[2017.10.19-19.54.38:242][159]LogModuleManager: Shutting down and abandoning module AlembicLibrary (305)
[2017.10.19-19.54.38:242][159]LogModuleManager: Shutting down and abandoning module GeometryCache (304)
[2017.10.19-19.54.38:242][159]LogModuleManager: Shutting down and abandoning module GeometryCacheEd (303)
[2017.10.19-19.54.38:242][159]LogModuleManager: Shutting down and abandoning module SpeedTreeImporter (298)
[2017.10.19-19.54.38:242][159]LogModuleManager: Shutting down and abandoning module PluginBrowser (296)
[2017.10.19-19.54.38:242][159]LogModuleManager: Shutting down and abandoning module MobileLauncherProfileWizard (294)
[2017.10.19-19.54.38:242][159]LogModuleManager: Shutting down and abandoning module VisualStudioSourceCodeAccess (292)
[2017.10.19-19.54.38:243][159]LogModuleManager: Shutting down and abandoning module DesktopPlatform (291)
[2017.10.19-19.54.38:243][159]LogModuleManager: Shutting down and abandoning module UObjectPlugin (288)
[2017.10.19-19.54.38:243][159]LogModuleManager: Shutting down and abandoning module SubversionSourceControl (286)
[2017.10.19-19.54.38:243][159]LogModuleManager: Shutting down and abandoning module PerforceSourceControl (284)
[2017.10.19-19.54.38:243][159]LogModuleManager: Shutting down and abandoning module GitSourceControl (282)
[2017.10.19-19.54.38:243][159]LogModuleManager: Shutting down and abandoning module SourceControl (281)
[2017.10.19-19.54.38:243][159]LogModuleManager: Shutting down and abandoning module LightPropagationVolumeEditor (278)
[2017.10.19-19.54.38:243][159]LogModuleManager: Shutting down and abandoning module PaperTiledImporter (276)
[2017.10.19-19.54.38:243][159]LogModuleManager: Shutting down and abandoning module PaperSpriteSheetImporter (274)
[2017.10.19-19.54.38:243][159]LogModuleManager: Shutting down and abandoning module Paper2DEditor (272)
[2017.10.19-19.54.38:243][159]LogModuleManager: Shutting down and abandoning module MeshPaint (271)
[2017.10.19-19.54.38:243][159]LogModuleManager: Shutting down and abandoning module LevelEditor (269)
[2017.10.19-19.54.38:243][159]LogModuleManager: Shutting down and abandoning module PixelInspectorModule (268)
[2017.10.19-19.54.38:243][159]LogModuleManager: Shutting down and abandoning module MainFrame (266)
[2017.10.19-19.54.38:243][159]LogModuleManager: Shutting down and abandoning module HotReload (265)
[2017.10.19-19.54.38:244][159]LogModuleManager: Shutting down and abandoning module RuntimePhysXCooking (260)
[2017.10.19-19.54.38:244][159]LogModuleManager: Shutting down and abandoning module PhysXVehiclesEditor (258)
[2017.10.19-19.54.38:244][159]LogModuleManager: Shutting down and abandoning module PhysXVehicles (256)
[2017.10.19-19.54.38:244][159]LogModuleManager: Shutting down and abandoning module OculusEditor (254)
[2017.10.19-19.54.38:244][159]LogModuleManager: Shutting down and abandoning module LocationServicesBPLibrary (252)
[2017.10.19-19.54.38:244][159]LogModuleManager: Shutting down and abandoning module ImmediatePhysicsEditor (250)
[2017.10.19-19.54.38:244][159]LogModuleManager: Shutting down and abandoning module ImmediatePhysics (248)
[2017.10.19-19.54.38:244][159]LogModuleManager: Shutting down and abandoning module UdpMessaging (246)
[2017.10.19-19.54.38:344][159]LogModuleManager: Shutting down and abandoning module TcpMessaging (244)
[2017.10.19-19.54.38:444][159]LogModuleManager: Shutting down and abandoning module GameplayTagsEditor (242)
[2017.10.19-19.54.38:444][159]LogModuleManager: Shutting down and abandoning module FacialAnimationEditor (240)
[2017.10.19-19.54.38:444][159]LogModuleManager: Shutting down and abandoning module FacialAnimation (238)
[2017.10.19-19.54.38:444][159]LogModuleManager: Shutting down and abandoning module AssetManagerEditor (236)
[2017.10.19-19.54.38:444][159]LogModuleManager: Shutting down and abandoning module GraphEditor (235)
[2017.10.19-19.54.38:444][159]LogModuleManager: Shutting down and abandoning module ContentBrowser (233)
[2017.10.19-19.54.38:445][159]LogModuleManager: Shutting down and abandoning module LightPropagationVolumeRuntime (230)
[2017.10.19-19.54.38:445][159]LogModuleManager: Shutting down and abandoning module Paper2D (228)
[2017.10.19-19.54.38:445][159]LogModuleManager: Shutting down and abandoning module WindowsMoviePlayer (226)
[2017.10.19-19.54.38:445][159]LogModuleManager: Shutting down and abandoning module WmfMedia (224)
[2017.10.19-19.54.38:446][159]LogModuleManager: Shutting down and abandoning module PacketHandler (222)
[2017.10.19-19.54.38:446][159]LogModuleManager: Shutting down and abandoning module ClothingSystemEditor (220)
[2017.10.19-19.54.38:446][159]LogModuleManager: Shutting down and abandoning module ClothingSystemRuntime (218)
[2017.10.19-19.54.38:446][159]LogModuleManager: Shutting down and abandoning module Overlay (216)
[2017.10.19-19.54.38:446][159]LogModuleManager: Shutting down and abandoning module OverlayEditor (215)
[2017.10.19-19.54.38:446][159]LogModuleManager: Shutting down and abandoning module MediaAssets (212)
[2017.10.19-19.54.38:446][159]LogModuleManager: Shutting down and abandoning module VREditor (210)
[2017.10.19-19.54.38:446][159]LogModuleManager: Shutting down and abandoning module StringTableEditor (208)
[2017.10.19-19.54.38:446][159]LogModuleManager: Shutting down and abandoning module GameplayTasksEditor (206)
[2017.10.19-19.54.38:446][159]LogModuleManager: Shutting down and abandoning module BehaviorTreeEditor (204)
[2017.10.19-19.54.38:446][159]LogModuleManager: Shutting down and abandoning module FunctionalTesting (202)
[2017.10.19-19.54.38:446][159]LogModuleManager: Shutting down and abandoning module CollisionAnalyzer (200)
[2017.10.19-19.54.38:446][159]LogModuleManager: Shutting down and abandoning module WorkspaceMenuStructure (199)
[2017.10.19-19.54.38:446][159]LogModuleManager: Shutting down and abandoning module UMG (196)
[2017.10.19-19.54.38:446][159]LogModuleManager: Shutting down and abandoning module UMGEditor (195)
[2017.10.19-19.54.38:446][159]LogModuleManager: Shutting down and abandoning module Sequencer (194)
[2017.10.19-19.54.38:446][159]LogModuleManager: Shutting down and abandoning module MessageLog (191)
[2017.10.19-19.54.38:446][159]LogModuleManager: Shutting down and abandoning module SlateReflector (186)
[2017.10.19-19.54.38:446][159]LogModuleManager: Shutting down and abandoning module Slate (184)
[2017.10.19-19.54.38:446][159]LogModuleManager: Shutting down and abandoning module EditorStyle (182)
[2017.10.19-19.54.38:448][159]LogModuleManager: Shutting down and abandoning module MRMesh (180)
[2017.10.19-19.54.38:448][159]LogModuleManager: Shutting down and abandoning module SourceCodeAccess (178)
[2017.10.19-19.54.38:449][159]LogModuleManager: Shutting down and abandoning module HeadMountedDisplay (176)
[2017.10.19-19.54.38:449][159]LogModuleManager: Shutting down and abandoning module XAudio2 (174)
[2017.10.19-19.54.38:449][159]LogModuleManager: Shutting down and abandoning module Networking (172)
[2017.10.19-19.54.38:449][159]LogModuleManager: Shutting down and abandoning module Core (168)
[2017.10.19-19.54.38:449][159]LogModuleManager: Shutting down and abandoning module KismetCompiler (164)
[2017.10.19-19.54.38:449][159]LogModuleManager: Shutting down and abandoning module MeshUtilities (162)
[2017.10.19-19.54.38:449][159]LogModuleManager: Shutting down and abandoning module MeshMergeUtilities (161)
[2017.10.19-19.54.38:449][159]LogModuleManager: Shutting down and abandoning module MeshReductionInterface (160)
[2017.10.19-19.54.38:449][159]LogModuleManager: Shutting down and abandoning module SimplygonSwarm (159)
[2017.10.19-19.54.38:449][159]LogModuleManager: Shutting down and abandoning module SimplygonMeshReduction (157)
[2017.10.19-19.54.38:449][159]LogModuleManager: Shutting down and abandoning module QuadricMeshReduction (155)
[2017.10.19-19.54.38:449][159]LogModuleManager: Shutting down and abandoning module MaterialBaking (151)
[2017.10.19-19.54.38:449][159]LogModuleManager: Shutting down and abandoning module LevelSequence (148)
[2017.10.19-19.54.38:449][159]LogModuleManager: Shutting down and abandoning module DirectoryWatcher (146)
[2017.10.19-19.54.38:449][159]LogModuleManager: Shutting down and abandoning module DerivedDataCache (144)
[2017.10.19-19.54.38:513][159]LogDerivedDataCache: Shutdown
[2017.10.19-19.54.38:513][159]LogModuleManager: Shutting down and abandoning module TargetPlatform (142)
[2017.10.19-19.54.38:513][159]LogModuleManager: Shutting down and abandoning module VulkanShaderFormat (141)
[2017.10.19-19.54.38:513][159]LogModuleManager: Shutting down and abandoning module ShaderFormatVectorVM (139)
[2017.10.19-19.54.38:513][159]LogModuleManager: Shutting down and abandoning module ShaderFormatOpenGL (137)
[2017.10.19-19.54.38:513][159]LogModuleManager: Shutting down and abandoning module ShaderFormatD3D (135)
[2017.10.19-19.54.38:513][159]LogModuleManager: Shutting down and abandoning module MetalShaderFormat (133)
[2017.10.19-19.54.38:513][159]LogModuleManager: Shutting down and abandoning module TextureFormatUncompressed (131)
[2017.10.19-19.54.38:513][159]LogModuleManager: Shutting down and abandoning module TextureFormatPVR (129)
[2017.10.19-19.54.38:513][159]LogModuleManager: Shutting down and abandoning module TextureFormatDXT (127)
[2017.10.19-19.54.38:513][159]LogModuleManager: Shutting down and abandoning module TextureFormatIntelISPCTexComp (125)
[2017.10.19-19.54.38:513][159]LogModuleManager: Shutting down and abandoning module TextureFormatASTC (123)
[2017.10.19-19.54.38:513][159]LogModuleManager: Shutting down and abandoning module ImageWrapper (122)
[2017.10.19-19.54.38:513][159]LogModuleManager: Shutting down and abandoning module TextureFormatAndroid (119)
[2017.10.19-19.54.38:513][159]LogModuleManager: Shutting down and abandoning module AudioFormatOpus (117)
[2017.10.19-19.54.38:513][159]LogModuleManager: Shutting down and abandoning module AudioFormatOgg (115)
[2017.10.19-19.54.38:514][159]LogModuleManager: Shutting down and abandoning module AudioFormatADPCM (113)
[2017.10.19-19.54.38:514][159]LogModuleManager: Shutting down and abandoning module LinuxTargetPlatform (111)
[2017.10.19-19.54.38:514][159]LogModuleManager: Shutting down and abandoning module LinuxServerTargetPlatform (109)
[2017.10.19-19.54.38:514][159]LogModuleManager: Shutting down and abandoning module LinuxNoEditorTargetPlatform (107)
[2017.10.19-19.54.38:514][159]LogModuleManager: Shutting down and abandoning module LinuxClientTargetPlatform (105)
[2017.10.19-19.54.38:514][159]LogModuleManager: Shutting down and abandoning module TVOSTargetPlatform (103)
[2017.10.19-19.54.38:514][159]LogModuleManager: Shutting down and abandoning module Messaging (101)
[2017.10.19-19.54.38:514][159]LogModuleManager: Shutting down and abandoning module IOSTargetPlatform (99)
[2017.10.19-19.54.38:514][159]LogModuleManager: Shutting down and abandoning module HTML5TargetPlatform (97)
[2017.10.19-19.54.38:514][159]LogModuleManager: Shutting down and abandoning module Android_PVRTCTargetPlatform (95)
[2017.10.19-19.54.38:514][159]LogModuleManager: Shutting down and abandoning module Android_MultiTargetPlatform (93)
[2017.10.19-19.54.38:514][159]LogModuleManager: Shutting down and abandoning module Android_ETC2TargetPlatform (91)
[2017.10.19-19.54.38:514][159]LogModuleManager: Shutting down and abandoning module Android_ETC1TargetPlatform (89)
[2017.10.19-19.54.38:514][159]LogModuleManager: Shutting down and abandoning module Android_DXTTargetPlatform (87)
[2017.10.19-19.54.38:514][159]LogModuleManager: Shutting down and abandoning module Android_ATCTargetPlatform (85)
[2017.10.19-19.54.38:514][159]LogModuleManager: Shutting down and abandoning module Android_ASTCTargetPlatform (83)
[2017.10.19-19.54.38:514][159]LogModuleManager: Shutting down and abandoning module AndroidTargetPlatform (81)
[2017.10.19-19.54.38:514][159]LogModuleManager: Shutting down and abandoning module WindowsTargetPlatform (79)
[2017.10.19-19.54.38:514][159]LogModuleManager: Shutting down and abandoning module WindowsServerTargetPlatform (77)
[2017.10.19-19.54.38:514][159]LogModuleManager: Shutting down and abandoning module WindowsNoEditorTargetPlatform (75)
[2017.10.19-19.54.38:514][159]LogModuleManager: Shutting down and abandoning module WindowsClientTargetPlatform (73)
[2017.10.19-19.54.38:514][159]LogModuleManager: Shutting down and abandoning module MacTargetPlatform (71)
[2017.10.19-19.54.38:514][159]LogModuleManager: Shutting down and abandoning module MacServerTargetPlatform (69)
[2017.10.19-19.54.38:514][159]LogModuleManager: Shutting down and abandoning module MacNoEditorTargetPlatform (67)
[2017.10.19-19.54.38:514][159]LogModuleManager: Shutting down and abandoning module MacClientTargetPlatform (65)
[2017.10.19-19.54.38:514][159]LogModuleManager: Shutting down and abandoning module AllDesktopTargetPlatform (63)
[2017.10.19-19.54.38:514][159]LogModuleManager: Shutting down and abandoning module InputCore (60)
[2017.10.19-19.54.38:514][159]LogModuleManager: Shutting down and abandoning module Settings (58)
[2017.10.19-19.54.38:514][159]LogModuleManager: Shutting down and abandoning module PhysXCooking (56)
[2017.10.19-19.54.38:514][159]LogModuleManager: Shutting down and abandoning module SteamVR (54)
[2017.10.19-19.54.38:514][159]LogModuleManager: Shutting down and abandoning module OculusHMD (52)
[2017.10.19-19.54.38:514][159]LogModuleManager: Shutting down and abandoning module ExampleDeviceProfileSelector (50)
[2017.10.19-19.54.38:514][159]LogModuleManager: Shutting down and abandoning module OnlineBlueprintSupport (48)
[2017.10.19-19.54.38:514][159]LogModuleManager: Shutting down and abandoning module OnlineSubsystem (44)
[2017.10.19-19.54.38:514][159]LogOnline: Display: Unloading online subsystem: NULL
[2017.10.19-19.54.38:514][159]LogModuleManager: Shutting down and abandoning module XMPP (43)
[2017.10.19-19.54.38:514][159]LogModuleManager: Shutting down and abandoning module HTTP (41)
[2017.10.19-19.54.38:514][159]LogHttp: Display: Http module shutting down, but needs to wait on 1 outstanding Http requests:
[2017.10.19-19.54.38:514][159]LogHttp: Display: 	verb=[POST] url=[https://datarouter.ol.epicgames.com/datarouter/api/v1/public/data?SessionID=%7BEB06BF0B-4693-3956-C609-AEA837EE880B%7D&AppID=UEEditor.Rocket.Release&AppVersion=4.17.2-3658906%2B%2B%2BUE4%2BRelease-4.17&UserID=8c08b9d34450f32ce008e0aeb07d64a1%7C%7C1ec4d4c3-c05a-4a64-a6b2-d7fff67dbb6c&AppEnvironment=datacollector-binary&UploadType=eteventstream] status=Processing
[2017.10.19-19.54.38:522][159]LogModuleManager: Shutting down and abandoning module SSL (40)
[2017.10.19-19.54.38:523][159]LogModuleManager: Shutting down and abandoning module AnimationModifiers (36)
[2017.10.19-19.54.38:523][159]LogModuleManager: Shutting down and abandoning module PropertyEditor (35)
[2017.10.19-19.54.38:523][159]LogModuleManager: Shutting down and abandoning module AudioEditor (32)
[2017.10.19-19.54.38:523][159]LogModuleManager: Shutting down and abandoning module TextureCompressor (30)
[2017.10.19-19.54.38:524][159]LogModuleManager: Shutting down and abandoning module ShaderCore (28)
[2017.10.19-19.54.38:524][159]LogModuleManager: Shutting down and abandoning module Landscape (26)
[2017.10.19-19.54.38:524][159]LogModuleManager: Shutting down and abandoning module SlateRHIRenderer (24)
[2017.10.19-19.54.38:524][159]LogModuleManager: Shutting down and abandoning module OpenGLDrv (22)
[2017.10.19-19.54.38:525][159]LogModuleManager: Shutting down and abandoning module D3D11RHI (20)
[2017.10.19-19.54.38:525][159]LogModuleManager: Shutting down and abandoning module AnimGraphRuntime (18)
[2017.10.19-19.54.38:525][159]LogModuleManager: Shutting down and abandoning module Renderer (16)
[2017.10.19-19.54.38:525][159]LogModuleManager: Shutting down and abandoning module Engine (14)
[2017.10.19-19.54.38:525][159]LogModuleManager: Shutting down and abandoning module CoreUObject (12)
[2017.10.19-19.54.38:525][159]LogModuleManager: Shutting down and abandoning module NetworkFile (10)
[2017.10.19-19.54.38:525][159]LogModuleManager: Shutting down and abandoning module CookedIterativeFile (8)
[2017.10.19-19.54.38:525][159]LogModuleManager: Shutting down and abandoning module StreamingFile (6)
[2017.10.19-19.54.38:525][159]LogModuleManager: Shutting down and abandoning module SandboxFile (4)
[2017.10.19-19.54.38:525][159]LogModuleManager: Shutting down and abandoning module PakFile (2)
[2017.10.19-19.54.38:527][159]LogExit: Exiting.
[2017.10.19-19.54.38:539][159]Log file closed, 10/19/17 15:54:38
