Log file open, 10/31/17 14:29:13
LogWindows: Failed to load 'aqProf.dll' (GetLastError=126)
LogWindows: File 'aqProf.dll' does not exist
LogWindows: Failed to load 'VSPerf140.dll' (GetLastError=126)
LogWindows: File 'VSPerf140.dll' does not exist
LogWindows: Failed to load 'VtuneApi.dll' (GetLastError=126)
LogWindows: File 'VtuneApi.dll' does not exist
LogWindows: Failed to load 'VtuneApi32e.dll' (GetLastError=126)
LogWindows: File 'VtuneApi32e.dll' does not exist
LogInit: Display: Running engine for game: MMC_Skee_Ball
LogPlatformFile: Not using cached read wrapper
LogInit: Display: RandInit(-123591923) SRandInit(-123591923).
LogTaskGraph: Started task graph with 5 named threads and 14 total threads with 3 sets of task threads.
LogStats: Stats thread started at 0.155723
LogD3D11RHI: Aftermath initialized
LogPluginManager: Mounting plugin Paper2D
LogPluginManager: Mounting plugin LightPropagationVolume
LogPluginManager: Mounting plugin CodeLiteSourceCodeAccess
LogPluginManager: Mounting plugin GitSourceControl
LogPluginManager: Mounting plugin KDevelopSourceCodeAccess
LogPluginManager: Mounting plugin NullSourceCodeAccess
LogPluginManager: Mounting plugin PerforceSourceControl
LogPluginManager: Mounting plugin SubversionSourceControl
LogPluginManager: Mounting plugin UObjectPlugin
LogPluginManager: Mounting plugin VisualStudioSourceCodeAccess
LogPluginManager: Mounting plugin XCodeSourceCodeAccess
LogPluginManager: Mounting plugin AssetManagerEditor
LogPluginManager: Mounting plugin AudioCapture
LogPluginManager: Mounting plugin FacialAnimation
LogPluginManager: Mounting plugin GameplayTagsEditor
LogPluginManager: Mounting plugin MobileLauncherProfileWizard
LogPluginManager: Mounting plugin PluginBrowser
LogPluginManager: Mounting plugin SpeedTreeImporter
LogPluginManager: Mounting plugin AlembicImporter
LogPluginManager: Mounting plugin CharacterAI
LogPluginManager: Mounting plugin HTML5Networking
LogPluginManager: Mounting plugin AndroidMedia
LogPluginManager: Mounting plugin AvfMedia
LogPluginManager: Mounting plugin MediaPlayerEditor
LogPluginManager: Mounting plugin WmfMedia
LogPluginManager: Mounting plugin TcpMessaging
LogPluginManager: Mounting plugin UdpMessaging
LogPluginManager: Mounting plugin LevelSequenceEditor
LogPluginManager: Mounting plugin MatineeToLevelSequence
LogPluginManager: Mounting plugin OnlineSubsystemGooglePlay
LogPluginManager: Mounting plugin OnlineSubsystemIOS
LogPluginManager: Mounting plugin OnlineSubsystem
LogPluginManager: Mounting plugin OnlineSubsystemNull
LogPluginManager: Mounting plugin OnlineSubsystemUtils
LogPluginManager: Mounting plugin AndroidDeviceProfileSelector
LogPluginManager: Mounting plugin AndroidMoviePlayer
LogPluginManager: Mounting plugin AndroidPermission
LogPluginManager: Mounting plugin AppleMoviePlayer
LogPluginManager: Mounting plugin ArchVisCharacter
LogPluginManager: Mounting plugin CableComponent
LogPluginManager: Mounting plugin CustomMeshComponent
LogPluginManager: Mounting plugin ExampleDeviceProfileSelector
LogPluginManager: Mounting plugin GoogleCloudMessaging
LogPluginManager: Mounting plugin ImmediatePhysics
LogPluginManager: Mounting plugin IOSDeviceProfileSelector
LogPluginManager: Mounting plugin LinuxDeviceProfileSelector
LogPluginManager: Mounting plugin LocationServicesBPLibrary
LogPluginManager: Mounting plugin MobilePatchingUtils
LogPluginManager: Mounting plugin OculusVR
LogPluginManager: Mounting plugin PhysXVehicles
LogPluginManager: Mounting plugin ProceduralMeshComponent
LogPluginManager: Mounting plugin RuntimePhysXCooking
LogPluginManager: Mounting plugin SteamVR
LogPluginManager: Mounting plugin WindowsMoviePlayer
LogInit: Using libcurl 7.47.1
LogInit:  - built for x86_64-pc-win32
LogInit:  - supports SSL with OpenSSL/1.0.2g
LogInit:  - supports HTTP deflate (compression) using libz 1.2.8
LogInit:  - other features:
LogInit:      CURL_VERSION_SSL
LogInit:      CURL_VERSION_LIBZ
LogInit:      CURL_VERSION_IPV6
LogInit:      CURL_VERSION_ASYNCHDNS
LogInit:      CURL_VERSION_LARGEFILE
LogInit:      CURL_VERSION_IDN
LogInit:  CurlRequestOptions (configurable via config and command line):
LogInit:  - bVerifyPeer = false  - Libcurl will NOT verify peer certificate
LogInit:  - bUseHttpProxy = false  - Libcurl will NOT use HTTP proxy
LogInit:  - bDontReuseConnections = false  - Libcurl will reuse connections
LogInit:  - CertBundlePath = nullptr  - Libcurl will use whatever was configured at build time.
LogInit: Build: ++UE4+Release-4.17-CL-3658906
LogInit: Engine Version: 4.17.2-3658906+++UE4+Release-4.17
LogInit: Compatible Engine Version: 4.17.0-3573198+++UE4+Release-4.17
LogInit: Net CL: 3573198
LogDevObjectVersion: Number of dev versions registered: 16
LogDevObjectVersion:   Dev-Blueprints (B0D832E4-1F89-4F0D-ACCF-7EB736FD4AA2): 10
LogDevObjectVersion:   Dev-Build (E1C64328-A22C-4D53-A36C-8E866417BD8C): 0
LogDevObjectVersion:   Dev-Core (375EC13C-06E4-48FB-B500-84F0262A717E): 2
LogDevObjectVersion:   Dev-Editor (E4B068ED-F494-42E9-A231-DA0B2E46BB41): 20
LogDevObjectVersion:   Dev-Framework (CFFC743F-43B0-4480-9391-14DF171D2073): 28
LogDevObjectVersion:   Dev-Mobile (B02B49B5-BB20-44E9-A304-32B752E40360): 0
LogDevObjectVersion:   Dev-Networking (A4E4105C-59A1-49B5-A7C5-40C4547EDFEE): 0
LogDevObjectVersion:   Dev-Online (39C831C9-5AE6-47DC-9A44-9C173E1C8E7C): 0
LogDevObjectVersion:   Dev-Physics (78F01B33-EBEA-4F98-B9B4-84EACCB95AA2): 0
LogDevObjectVersion:   Dev-Platform (6631380F-2D4D-43E0-8009-CF276956A95A): 0
LogDevObjectVersion:   Dev-Rendering (12F88B9F-8875-4AFC-A67C-D90C383ABD29): 19
LogDevObjectVersion:   Dev-Sequencer (7B5AE74C-D270-4C10-A958-57980B212A5A): 4
LogDevObjectVersion:   Dev-VR (D7296918-1DD6-4BDD-9DE2-64A83CC13884): 0
LogDevObjectVersion:   Dev-LoadTimes (C2A15278-BFE7-4AFE-6C17-90FF531DF755): 1
LogDevObjectVersion:   Private-Geometry (6EACA3D4-40EC-4CC1-B786-8BED09428FC5): 1
LogDevObjectVersion:   Dev-AnimPhys (29E575DD-E0A3-4627-9D10-D276232CDCEA): 7
LogInit: Compiled (64-bit): Sep 22 2017 13:47:16
LogInit: Compiled with Visual C++: 19.00.24215.01
LogInit: Build Configuration: Development
LogInit: Branch Name: ++UE4+Release-4.17
LogInit: Command line:  
LogInit: Base directory: C:/Program Files (x86)/Epic Games/UE_4.17/Engine/Binaries/Win64/
LogInit: Installed Engine Build: 1
LogInit: Presizing for max 8388607 objects, including 0 objects not considered by GC, pre-allocating 0 bytes for permanent pool.
LogInit: Object subsystem initialized
[2017.10.31-18.29.13:642][  0]LogInit: Selected Device Profile: [Windows]
[2017.10.31-18.29.13:642][  0]LogInit: Applying CVar settings loaded from the selected device profile: [Windows]
[2017.10.31-18.29.13:653][  0]LogInit: Computer: HS-MT330-7
[2017.10.31-18.29.13:653][  0]LogInit: User: JSmith
[2017.10.31-18.29.13:653][  0]LogInit: CPU Page size=4096, Cores=4
[2017.10.31-18.29.13:653][  0]LogInit: High frequency timer resolution =3.410117 MHz
[2017.10.31-18.29.13:654][  0]LogMemory: Memory total: Physical=15.9GB (16GB approx)
[2017.10.31-18.29.13:654][  0]LogMemory: Platform Memory Stats for Windows
[2017.10.31-18.29.13:654][  0]LogMemory: Process Physical Memory: 285.90 MB used, 285.90 MB peak
[2017.10.31-18.29.13:654][  0]LogMemory: Process Virtual Memory: 281.04 MB used, 281.04 MB peak
[2017.10.31-18.29.13:654][  0]LogMemory: Physical Memory: 6059.23 MB used,  10247.13 MB free, 16306.36 MB total
[2017.10.31-18.29.13:654][  0]LogMemory: Virtual Memory: 681.28 MB used,  10247.13 MB free, 8388608.00 MB total
[2017.10.31-18.29.13:804][  0]LogInit: Using OS detected language (en-US).
[2017.10.31-18.29.13:804][  0]LogInit: Using OS detected locale (en-US).
[2017.10.31-18.29.13:807][  0]LogTextLocalizationManager: No specific localization for 'en-US' exists, so the 'en' localization will be used.
[2017.10.31-18.29.14:690][  0]LogD3D11RHI: D3D11 adapters:
[2017.10.31-18.29.14:718][  0]LogD3D11RHI:    0. 'NVIDIA GeForce GTX 1080' (Feature Level 11_0)
[2017.10.31-18.29.14:718][  0]LogD3D11RHI:       8069/0/7897 MB DedicatedVideo/DedicatedSystem/SharedSystem, Outputs:2, VendorId:0x10de
[2017.10.31-18.29.14:718][  0]LogD3D11RHI: Chosen D3D11 Adapter: 0
[2017.10.31-18.29.14:722][  0]LogD3D11RHI: Creating new Direct3DDevice
[2017.10.31-18.29.14:722][  0]LogD3D11RHI:     GPU DeviceId: 0x1b80 (for the marketing name, search the web for "GPU Device Id")
[2017.10.31-18.29.14:722][  0]LogWindows: EnumDisplayDevices:
[2017.10.31-18.29.14:722][  0]LogWindows:    0. 'NVIDIA GeForce GTX 1080' (P:1 D:1)
[2017.10.31-18.29.14:723][  0]LogWindows:    1. 'NVIDIA GeForce GTX 1080' (P:0 D:1)
[2017.10.31-18.29.14:723][  0]LogWindows:    2. 'NVIDIA GeForce GTX 1080' (P:0 D:0)
[2017.10.31-18.29.14:723][  0]LogWindows:    3. 'NVIDIA GeForce GTX 1080' (P:0 D:0)
[2017.10.31-18.29.14:723][  0]LogWindows:    4. 'RDPDD Chained DD' (P:0 D:0)
[2017.10.31-18.29.14:723][  0]LogWindows:    5. 'RDP Encoder Mirror Driver' (P:0 D:0)
[2017.10.31-18.29.14:723][  0]LogWindows:    6. 'RDP Reflector Display Driver' (P:0 D:0)
[2017.10.31-18.29.14:723][  0]LogWindows: DebugString: GetVideoDriverDetailsInvalid PrimaryIsNotTheChoosenAdapter GetVideoDriverDetailsInvalid PrimaryIsNotTheChoosenAdapter GetVideoDriverDetailsInvalid PrimaryIsNotTheChoosenAdapter FoundDriverCount:4 
[2017.10.31-18.29.14:723][  0]LogD3D11RHI:     Adapter Name: NVIDIA GeForce GTX 1080
[2017.10.31-18.29.14:723][  0]LogD3D11RHI:   Driver Version: 385.69 (internal:22.21.13.8569, unified:385.69)
[2017.10.31-18.29.14:723][  0]LogD3D11RHI:      Driver Date: 9-16-2017
[2017.10.31-18.29.14:723][  0]LogRHI: Texture pool is 1361 MB (70% of 1945 MB)
[2017.10.31-18.29.14:734][  0]LogD3D11RHI: Async texture creation enabled
[2017.10.31-18.29.14:749][  0]LogD3D11RHI: GPU Timing Frequency: 1000.000000 (Debug: 2 2)
[2017.10.31-18.29.14:792][  0]LogShaderCompilers: Guid format shader working directory is -18 characters bigger than the processId version (../../../../../../Users/Public/Documents/Public Programs/MMC-Skee-Ball.git/Intermediate/Shaders/WorkingDirectory/7500/).
[2017.10.31-18.29.14:792][  0]LogShaderCompilers: Cleaned the shader compiler working directory 'C:/Users/Jsmith.ESUE.000/AppData/Local/Temp/UnrealShaderWorkingDir/FE6F7F074F9AFEE72C6AB5B8230F38DA/'.
[2017.10.31-18.29.14:792][  0]LogShaderCompilers: Display: Using Local Shader Compiler.
[2017.10.31-18.29.16:260][  0]LogTemp: Display: Loaded TP AllDesktopTargetPlatform
[2017.10.31-18.29.16:311][  0]LogTemp: Display: Loaded TP MacClientTargetPlatform
[2017.10.31-18.29.16:361][  0]LogTemp: Display: Loaded TP MacNoEditorTargetPlatform
[2017.10.31-18.29.16:411][  0]LogTemp: Display: Loaded TP MacServerTargetPlatform
[2017.10.31-18.29.16:463][  0]LogTemp: Display: Loaded TP MacTargetPlatform
[2017.10.31-18.29.16:514][  0]LogTemp: Display: Loaded TP WindowsClientTargetPlatform
[2017.10.31-18.29.16:564][  0]LogTemp: Display: Loaded TP WindowsNoEditorTargetPlatform
[2017.10.31-18.29.16:615][  0]LogTemp: Display: Loaded TP WindowsServerTargetPlatform
[2017.10.31-18.29.16:658][  0]LogTemp: Display: Loaded TP WindowsTargetPlatform
[2017.10.31-18.29.16:709][  0]LogTemp: Display: Loaded TP AndroidTargetPlatform
[2017.10.31-18.29.16:758][  0]LogTemp: Display: Loaded TP Android_ASTCTargetPlatform
[2017.10.31-18.29.16:808][  0]LogTemp: Display: Loaded TP Android_ATCTargetPlatform
[2017.10.31-18.29.16:857][  0]LogTemp: Display: Loaded TP Android_DXTTargetPlatform
[2017.10.31-18.29.16:908][  0]LogTemp: Display: Loaded TP Android_ETC1TargetPlatform
[2017.10.31-18.29.16:957][  0]LogTemp: Display: Loaded TP Android_ETC2TargetPlatform
[2017.10.31-18.29.17:056][  0]LogTemp: Display: Loaded TP Android_MultiTargetPlatform
[2017.10.31-18.29.17:056][  0]LogTemp: Display: Loaded TP Android_PVRTCTargetPlatform
[2017.10.31-18.29.17:096][  0]LogTemp: Display: Loaded TP HTML5TargetPlatform
[2017.10.31-18.29.17:183][  0]LogTemp: Display: Loaded TP IOSTargetPlatform
[2017.10.31-18.29.17:228][  0]LogTemp: Display: Loaded TP TVOSTargetPlatform
[2017.10.31-18.29.17:277][  0]LogTemp: Display: Loaded TP LinuxClientTargetPlatform
[2017.10.31-18.29.17:337][  0]LogTemp: Display: Loaded TP LinuxNoEditorTargetPlatform
[2017.10.31-18.29.17:386][  0]LogTemp: Display: Loaded TP LinuxServerTargetPlatform
[2017.10.31-18.29.17:436][  0]LogTemp: Display: Loaded TP LinuxTargetPlatform
[2017.10.31-18.29.17:436][  0]LogTargetPlatformManager: Display: Building Assets For Windows
[2017.10.31-18.29.17:882][  0]LogDerivedDataCache: Display: Max Cache Size: 512 MB
[2017.10.31-18.29.18:501][  0]LogDerivedDataCache: Loaded boot cache 0.62s 106MB C:/Users/Jsmith.ESUE.000/AppData/Local/UnrealEngine/4.17/DerivedDataCache/Boot.ddc.
[2017.10.31-18.29.18:501][  0]LogDerivedDataCache: Display: Loaded Boot cache: C:/Users/Jsmith.ESUE.000/AppData/Local/UnrealEngine/4.17/DerivedDataCache/Boot.ddc
[2017.10.31-18.29.18:501][  0]LogDerivedDataCache: FDerivedDataBackendGraph:  Pak pak cache file ../../../../../../Users/Public/Documents/Public Programs/MMC-Skee-Ball.git/DerivedDataCache/DDC.ddp not found, will not use a pak cache.
[2017.10.31-18.29.18:501][  0]LogDerivedDataCache: Unable to find inner node Pak for hierarchical cache Hierarchy.
[2017.10.31-18.29.18:501][  0]LogDerivedDataCache: FDerivedDataBackendGraph:  CompressedPak pak cache file ../../../../../../Users/Public/Documents/Public Programs/MMC-Skee-Ball.git/DerivedDataCache/Compressed.ddp not found, will not use a pak cache.
[2017.10.31-18.29.18:501][  0]LogDerivedDataCache: Unable to find inner node CompressedPak for hierarchical cache Hierarchy.
[2017.10.31-18.29.18:518][  0]LogDerivedDataCache: Display: Pak cache opened for reading ../../../Engine/DerivedDataCache/Compressed.ddp.
[2017.10.31-18.29.18:548][  0]LogDerivedDataCache: Using Local data cache path C:/Users/Jsmith.ESUE.000/AppData/Local/UnrealEngine/Common/DerivedDataCache: Writable
[2017.10.31-18.29.18:558][  0]LogMaterial: Verifying Global Shaders for PCD3D_SM5
[2017.10.31-18.29.18:558][  0]LogSlate: Using Freetype 2.6.0
[2017.10.31-18.29.18:559][  0]LogSlate: SlateFontCache - WITH_FREETYPE: 1, WITH_HARFBUZZ: 1
[2017.10.31-18.29.18:559][  0]LogSlate: SlateFontCache - WITH_FREETYPE: 1, WITH_HARFBUZZ: 1
[2017.10.31-18.29.18:803][  0]LogAssetRegistry: FAssetRegistry took 0.0246 seconds to start up
[2017.10.31-18.29.18:968][  0]LogInit: Selected Device Profile: [Windows]
[2017.10.31-18.29.18:972][  0]LogContentStreaming: Texture pool size is 0.00 MB
[2017.10.31-18.29.19:355][  0]LogSimplygon: Simplygon DLL not present - disabling.
[2017.10.31-18.29.19:395][  0]LogMeshReduction: Using SimplygonSwarm for distributed automatic mesh merging
[2017.10.31-18.29.19:395][  0]LogMeshReduction: Using QuadricMeshReduction for automatic static mesh reduction
[2017.10.31-18.29.19:395][  0]LogMeshReduction: No automatic skeletal mesh reduction module available
[2017.10.31-18.29.19:395][  0]LogMeshReduction: No automatic mesh merging module available
[2017.10.31-18.29.19:395][  0]LogMeshMerging: No automatic mesh merging module available
[2017.10.31-18.29.19:742][  0]LogNetVersion: MMC_Skee_Ball , NetCL: 3573198, EngineNetVer: 2, GameNetVer: 0 (Checksum: 703335038)
[2017.10.31-18.29.20:095][  0]LogPackageLocalizationCache: Processed 5 localized package path(s) for 2 prioritized culture(s) in 0.199005 seconds
[2017.10.31-18.29.20:101][  0]LogUObjectArray: 35825 objects as part of root set at end of initial load.
[2017.10.31-18.29.20:101][  0]LogUObjectAllocator: 7529112 out of 0 bytes used by permanent object pool.
[2017.10.31-18.29.20:101][  0]LogUObjectArray: CloseDisregardForGC: 0/0 objects in disregard for GC pool
[2017.10.31-18.29.20:164][  0]LogInit: WinSock: version 1.1 (2.2), MaxSocks=32767, MaxUdp=65467
[2017.10.31-18.29.23:003][  0]LogTcpMessaging: Initializing TcpMessaging bridge
[2017.10.31-18.29.23:037][  0]LogUdpMessaging: Initializing bridge on interface 0.0.0.0:0 to multicast group 230.0.0.1:6666.
[2017.10.31-18.29.23:628][  0]LogMaterial: Uniform references updated for custom material expression Custom.
[2017.10.31-18.29.24:018][  0]SourceControl: Source control is disabled
[2017.10.31-18.29.24:018][  0]SourceControl: Source control is disabled
[2017.10.31-18.29.24:064][  0]SourceControl: Source control is disabled
[2017.10.31-18.29.24:110][  0]SourceControl: Source control is disabled
[2017.10.31-18.29.24:639][  0]LogAndroidPermission: UAndroidPermissionCallbackProxy::GetInstance
[2017.10.31-18.29.24:864][  0]LogOcInput: OculusInput pre-init called
[2017.10.31-18.29.25:102][  0]LogEngine: Initializing Engine...
[2017.10.31-18.29.25:104][  0]LogHMD: Oculus plugin initialized. Version: 4.17.2-3658906+++UE4+Release-4.17, OVRPlugin: 1.15.0
[2017.10.31-18.29.25:338][  0]LogStats: UGameplayTagsManager::ConstructGameplayTagTree: Construct from data asset -  0.000 s
[2017.10.31-18.29.25:338][  0]LogStats: UGameplayTagsManager::ConstructGameplayTagTree: GameplayTagTreeChangedEvent.Broadcast -  0.000 s
[2017.10.31-18.29.25:461][  0]LogAIModule: Creating AISystem for world Untitled
[2017.10.31-18.29.25:470][  0]LogInit: XAudio2 using 'Speakers/Headphones (Realtek High Definition Audio)' : 2 channels at 48 kHz using 32 bits per sample (channel mask 0x3)
[2017.10.31-18.29.25:481][  0]LogInit: FAudioDevice initialized.
[2017.10.31-18.29.26:590][  0]LogDerivedDataCache: Saved boot cache 1.11s 106MB C:/Users/Jsmith.ESUE.000/AppData/Local/UnrealEngine/4.17/DerivedDataCache/Boot.ddc.
[2017.10.31-18.29.26:608][  0]LogInit: Texture streaming: Enabled
[2017.10.31-18.29.26:708][  0]LogEngineSessionManager: EngineSessionManager initialized
[2017.10.31-18.29.26:937][  0]LogInit: Transaction tracking system initialized
[2017.10.31-18.29.27:240][  0]BlueprintLog: New page: Editor Load
[2017.10.31-18.29.28:100][  0]LocalizationService: Localization service is disabled
[2017.10.31-18.29.28:837][  0]LogConsoleResponse: Display: 
[2017.10.31-18.29.29:571][  0]LogCook: Display: Max memory allowance for cook 16384mb min free memory 0mb
[2017.10.31-18.29.29:571][  0]LogCook: Display: Mobile HDR setting 1
[2017.10.31-18.29.29:571][  0]LogGameplayTags: Display: UGameplayTagsManager::DoneAddingNativeTags. DelegateIsBound: 0
[2017.10.31-18.29.30:213][  0]LogFileCache: Scanning file cache for directory 'C:/Users/Public/Documents/Public Programs/MMC-Skee-Ball.git/Content/' took 0.01s
[2017.10.31-18.29.30:598][  0]SourceControl: Source control is disabled
[2017.10.31-18.29.30:598][  0]Cmd: MAP LOAD FILE="../../../../../../Users/Public/Documents/Public Programs/MMC-Skee-Ball.git/Content/VirtualRealityBP/Maps/StartupMap.umap" TEMPLATE=0 SHOWPROGRESS=1 FEATURELEVEL=3
[2017.10.31-18.29.30:599][  0]LightingResults: New page: Lighting Build
[2017.10.31-18.29.30:652][  0]MapCheck: New page: Map Check
[2017.10.31-18.29.30:652][  0]LightingResults: New page: Lighting Build
[2017.10.31-18.29.30:963][  0]LogAIModule: Creating AISystem for world StartupMap
[2017.10.31-18.29.30:969][  0]LogEditorServer: Finished looking for orphan Actors (0.000 secs)
[2017.10.31-18.29.30:978][  0]Cmd: MAP CHECKDEP NOCLEARLOG
[2017.10.31-18.29.31:032][  0]MapCheck: Map check complete: 0 Error(s), 0 Warning(s), took 53.476ms to complete.
[2017.10.31-18.29.31:032][  0]LogFileHelpers: Loading map 'StartupMap' took 0.434
[2017.10.31-18.29.31:189][  0]LogCollectionManager: Loaded 0 collections in 0.001079 seconds
[2017.10.31-18.29.31:280][  0]LogFileCache: Scanning file cache for directory 'C:/Users/Public/Documents/Public Programs/MMC-Skee-Ball.git/Saved/Collections/' took 0.01s
[2017.10.31-18.29.31:280][  0]LogFileCache: Scanning file cache for directory 'C:/Users/Public/Documents/Public Programs/MMC-Skee-Ball.git/Content/Developers/JSmith/Collections/' took 0.01s
[2017.10.31-18.29.31:280][  0]LogFileCache: Scanning file cache for directory 'C:/Users/Public/Documents/Public Programs/MMC-Skee-Ball.git/Content/Collections/' took 0.01s
[2017.10.31-18.29.31:280][  0]LogCollectionManager: Rebuilt the GUID cache for 0 collections in 0.000000 seconds
[2017.10.31-18.29.31:289][  0]LogContentBrowser: Native class hierarchy populated in 0.0091 seconds. Added 2386 classes and 500 folders.
[2017.10.31-18.29.31:363][  0]LogContentBrowser: Native class hierarchy updated for 'WidgetCarousel' in 0.0012 seconds. Added 0 classes and 0 folders.
[2017.10.31-18.29.31:402][  0]LogContentBrowser: Native class hierarchy updated for 'AddContentDialog' in 0.0010 seconds. Added 0 classes and 0 folders.
[2017.10.31-18.29.31:450][  0]LogContentBrowser: Native class hierarchy updated for 'SceneOutliner' in 0.0011 seconds. Added 1 classes and 2 folders.
[2017.10.31-18.29.31:469][  0]LogSlate: Took 0.000215 seconds to synchronously load lazily loaded font '../../../Engine/Content/Slate/Fonts/Roboto-Regular.ttf' (155K)
[2017.10.31-18.29.31:471][  0]LogSlate: Took 0.000209 seconds to synchronously load lazily loaded font '../../../Engine/Content/Slate/Fonts/Roboto-Bold.ttf' (160K)
[2017.10.31-18.29.31:476][  0]LogSlate: Took 0.000194 seconds to synchronously load lazily loaded font '../../../Engine/Content/Editor/Slate/Fonts/FontAwesome.ttf' (139K)
[2017.10.31-18.29.31:614][  0]LogRenderer: Reallocating scene render targets to support 1208x576 Format 26 NumSamples 1 (Frame:1).
[2017.10.31-18.29.31:803][  0]LogContentBrowser: Native class hierarchy updated for 'HierarchicalLODOutliner' in 0.0013 seconds. Added 1 classes and 2 folders.
[2017.10.31-18.29.31:803][  0]LogLoad: (Engine Initialization) Total time: 19.67 seconds
[2017.10.31-18.29.31:803][  0]LogLoad: (Engine Initialization) Total Blueprint compile time: 0.00 seconds
[2017.10.31-18.29.31:804][  0]LogExternalProfiler: No external profilers were discovered.  External profiling features will not be available.
[2017.10.31-18.29.32:147][  0]LogOcInput: OculusInput is initialized
[2017.10.31-18.29.32:166][  0]LogContentStreaming: Texture pool size now 1000 MB
[2017.10.31-18.29.32:197][  0]LogSlate: Took 0.000224 seconds to synchronously load lazily loaded font '../../../Engine/Content/Slate/Fonts/Roboto-Light.ttf' (159K)
[2017.10.31-18.29.32:481][  1]LogAssetRegistry: Asset discovery search completed in 13.6990 seconds
[2017.10.31-18.29.32:483][  1]LogCollectionManager: Rebuilt the object cache for 0 collections in 0.000001 seconds (found 0 objects)
[2017.10.31-18.29.32:483][  1]LogCollectionManager: Fixed up redirectors for 0 collections in 0.000069 seconds (updated 0 objects)
[2017.10.31-18.30.04:728][930]Cmd: MAP LOAD FILE="../../../../../../Users/Public/Documents/Public Programs/MMC-Skee-Ball.git/Content/Maps/Arcade.umap" TEMPLATE=0 SHOWPROGRESS=1 FEATURELEVEL=3
[2017.10.31-18.30.04:738][930]LogSlate: Took 0.000155 seconds to synchronously load lazily loaded font '../../../Engine/Content/Slate/Fonts/Roboto-Light.ttf' (159K)
[2017.10.31-18.30.04:744][930]LightingResults: New page: Lighting Build
[2017.10.31-18.30.04:744][930]LoadErrors: New page: Loading map: Arcade.umap
[2017.10.31-18.30.04:746][930]MapCheck: New page: Map Check
[2017.10.31-18.30.04:746][930]LightingResults: New page: Lighting Build
[2017.10.31-18.30.07:146][930]LogSlate: Took 0.000138 seconds to synchronously load lazily loaded font '../../../Engine/Content/Slate/Fonts/Roboto-Regular.ttf' (155K)
[2017.10.31-18.30.07:250][930]LogAIModule: Creating AISystem for world Arcade
[2017.10.31-18.30.12:818][930]LogEditorServer: Finished looking for orphan Actors (0.000 secs)
[2017.10.31-18.30.12:875][930]Cmd: MAP CHECKDEP NOCLEARLOG
[2017.10.31-18.30.12:929][930]MapCheck: Map check complete: 0 Error(s), 0 Warning(s), took 53.642ms to complete.
[2017.10.31-18.30.12:929][930]LogFileHelpers: Loading map 'Arcade' took 8.202
[2017.10.31-18.30.30:965][758]LogSlate: Took 0.024443 seconds to synchronously load lazily loaded font '../../../Engine/Content/Editor/Slate/Fonts/Roboto-BoldCondensed.ttf' (158K)
[2017.10.31-18.32.12:689][798]LogContentBrowser: Native class hierarchy updated for 'BlueprintGraph' in 0.0014 seconds. Added 113 classes and 0 folders.
[2017.10.31-18.32.13:771][798]LogRenderer: Reallocating scene render targets to support 1208x712 Format 26 NumSamples 1 (Frame:1).
[2017.10.31-18.32.15:916][ 32]LogSlate: Took 0.003764 seconds to synchronously load lazily loaded font '../../../Engine/Content/Editor/Slate/Fonts/Roboto-Italic.ttf' (157K)
[2017.10.31-18.32.19:079][317]LogSlate: Warning: Prevented a slow task dialog from being summoned while a context menu was open
[2017.10.31-18.32.55:525][ 74]LogActorFactory: Actor Factory created Cube
[2017.10.31-18.32.55:785][101]LogActorFactory: Actor Factory created Cube
[2017.10.31-18.33.39:133][843]LogEditorViewport: Clicking on Actor (context menu): StaticMeshActor (Cube)
[2017.10.31-18.34.25:652][ 77]LogEditorViewport: Clicking on Actor (LMB): StaticMeshActor (Cube)
[2017.10.31-18.39.05:721][128]LogEditorViewport: Clicking on Actor (LMB): StaticMeshActor (Cube)
[2017.10.31-18.40.17:267][829]LogSlate: Took 0.000160 seconds to synchronously load lazily loaded font '../../../Engine/Content/Slate/Fonts/Roboto-Light.ttf' (159K)
[2017.10.31-18.40.17:717][829]LogSavePackage: Save=369.59ms
[2017.10.31-18.40.17:717][829]LogSavePackage: Moving '../../../../../../Users/Public/Documents/Public Programs/MMC-Skee-Ball.git/Saved/Arcade_Auto14BC6D29147D97AD9E48470800A855ABA.tmp' to '../../../../../../Users/Public/Documents/Public Programs/MMC-Skee-Ball.git/Saved/Autosaves/Game/Maps/Arcade_Auto1.umap'
[2017.10.31-18.40.17:718][829]LogSavePackage: Display: Finished SavePackage ../../../../../../Users/Public/Documents/Public Programs/MMC-Skee-Ball.git/Saved/Autosaves/Game/Maps/Arcade_Auto1.umap
[2017.10.31-18.40.17:723][829]LogFileHelpers: Editor autosave (incl. sublevels) for '/Game/Maps/Arcade' took 0.407
[2017.10.31-18.40.17:723][829]LogFileHelpers: Editor autosave (incl. sublevels) for all levels took 0.407
[2017.10.31-18.44.28:609][211]SourceControl: Source control is disabled
[2017.10.31-18.44.41:153][468]LogUObjectGlobals: Warning: Failed to find object 'Object None.'
[2017.10.31-18.44.41:153][468]LogUObjectGlobals: Warning: Failed to find object 'Object None.'
[2017.10.31-18.44.50:345][427]LogUObjectGlobals: Warning: Failed to find object 'Object None.'
[2017.10.31-18.44.50:345][427]LogUObjectGlobals: Warning: Failed to find object 'Object None.'
[2017.10.31-18.45.32:029][997]Running C:/Program Files (x86)/Epic Games/UE_4.17/Engine/Binaries/DotNET/UnrealBuildTool.exe MMC_Skee_Ball Win64 Development -editorrecompile "C:/Users/Public/Documents/Public Programs/MMC-Skee-Ball.git/MMC_Skee_Ball.uproject" -invalidatemakefilesonly
[2017.10.31-18.45.32:630][997]Invalidating makefiles only in this run.
[2017.10.31-18.45.32:806][997]LogStats: FPlatformStackWalk::StackWalkAndDump -  0.073 s
[2017.10.31-18.45.32:807][997]LogOutputDevice: Error: === Handled ensure: ===
[2017.10.31-18.45.32:807][997]LogOutputDevice: Error: 
[2017.10.31-18.45.32:807][997]LogOutputDevice: Error: Ensure condition failed: FModuleManager::Get().QueryModule(ModuleFName, ModuleStatus) [File:D:\Build\++UE4+Release-4.17+Compile\Sync\Engine\Source\Editor\GameProjectGeneration\Private\GameProjectUtils.cpp] [Line: 3599]
[2017.10.31-18.45.32:807][997]LogOutputDevice: Error: 
[2017.10.31-18.45.32:807][997]LogOutputDevice: Error: Stack: 
[2017.10.31-18.45.32:807][997]LogOutputDevice: Error: UE4Editor-Core.dll!0x00000000C86E3E36
[2017.10.31-18.45.32:807][997]LogOutputDevice: Error: UE4Editor-Core.dll!0x00000000C846C2D2
[2017.10.31-18.45.32:807][997]LogOutputDevice: Error: UE4Editor-Core.dll!0x00000000C8484746
[2017.10.31-18.45.32:807][997]LogOutputDevice: Error: UE4Editor-GameProjectGeneration.dll!0x00000000D58EE18A
[2017.10.31-18.45.32:807][997]LogOutputDevice: Error: UE4Editor-GameProjectGeneration.dll!0x00000000D58EC766
[2017.10.31-18.45.32:807][997]LogOutputDevice: Error: UE4Editor-GameProjectGeneration.dll!0x00000000D593A794
[2017.10.31-18.45.32:807][997]LogOutputDevice: Error: UE4Editor-GameProjectGeneration.dll!0x00000000D5931281
[2017.10.31-18.45.32:807][997]LogOutputDevice: Error: UE4Editor-GameProjectGeneration.dll!0x00000000D59336E6
[2017.10.31-18.45.32:807][997]LogOutputDevice: Error: UE4Editor-AppFramework.dll!0x00000000DA99D97D
[2017.10.31-18.45.32:807][997]LogOutputDevice: Error: UE4Editor-AppFramework.dll!0x00000000DA807292
[2017.10.31-18.45.32:807][997]LogOutputDevice: Error: UE4Editor-AppFramework.dll!0x00000000DA809AA9
[2017.10.31-18.45.32:807][997]LogOutputDevice: Error: UE4Editor-AppFramework.dll!0x00000000DA96C365
[2017.10.31-18.45.32:807][997]LogOutputDevice: Error: UE4Editor-Slate.dll!0x00000000D815B967
[2017.10.31-18.45.32:807][997]LogOutputDevice: Error: UE4Editor-Slate.dll!0x00000000D81874D4
[2017.10.31-18.45.32:807][997]LogOutputDevice: Error: UE4Editor-Slate.dll!0x00000000D7FA42BC
[2017.10.31-18.45.32:807][997]LogOutputDevice: Error: UE4Editor-Slate.dll!0x00000000D7F77145
[2017.10.31-18.45.32:807][997]LogOutputDevice: Error: UE4Editor-Slate.dll!0x00000000D8011452
[2017.10.31-18.45.32:807][997]LogOutputDevice: Error: UE4Editor-Slate.dll!0x00000000D7FF9C92
[2017.10.31-18.45.32:807][997]LogOutputDevice: Error: UE4Editor-Slate.dll!0x00000000D7FEB68F
[2017.10.31-18.45.32:807][997]LogOutputDevice: Error: UE4Editor-Core.dll!0x00000000C86BB759
[2017.10.31-18.45.32:807][997]LogOutputDevice: Error: UE4Editor-Core.dll!0x00000000C86A3EE1
[2017.10.31-18.45.32:807][997]LogOutputDevice: Error: UE4Editor-Core.dll!0x00000000C86BD5BB
[2017.10.31-18.45.32:807][997]LogOutputDevice: Error: UE4Editor-Core.dll!0x00000000C869F042
[2017.10.31-18.45.32:807][997]LogOutputDevice: Error: USER32.dll!0x0000000077389BBD
[2017.10.31-18.45.32:807][997]LogOutputDevice: Error: USER32.dll!0x00000000773898C2
[2017.10.31-18.45.32:807][997]LogOutputDevice: Error: UE4Editor-Core.dll!0x00000000C86BDCC6
[2017.10.31-18.45.32:807][997]LogOutputDevice: Error: UE4Editor.exe!0x000000003F274BE2
[2017.10.31-18.45.32:807][997]LogOutputDevice: Error: UE4Editor.exe!0x000000003F283970
[2017.10.31-18.45.32:807][997]LogOutputDevice: Error: UE4Editor.exe!0x000000003F2839EA
[2017.10.31-18.45.32:807][997]LogOutputDevice: Error: UE4Editor.exe!0x000000003F2902D9
[2017.10.31-18.45.32:807][997]LogOutputDevice: Error: UE4Editor.exe!0x000000003F291C47
[2017.10.31-18.45.32:807][997]LogOutputDevice: Error: kernel32.dll!0x00000000774859CD
[2017.10.31-18.45.32:807][997]LogOutputDevice: Error: ntdll.dll!0x00000000775BA561
[2017.10.31-18.45.32:807][997]LogOutputDevice: Error: 
[2017.10.31-18.45.32:811][997]LogStats:                SubmitErrorReport -  0.000 s
[2017.10.31-18.45.33:752][997]LogStats:                    SendNewReport -  0.942 s
[2017.10.31-18.45.33:752][997]LogStats:             FDebug::EnsureFailed -  1.020 s
[2017.10.31-18.45.34:545][997]LogVSAccessor: Warning: Couldn't goto line number '0' in 'C:/Users/Public/Documents/Public Programs/MMC-Skee-Ball.git/Source/MMC_Skee_Ball/MyActor.h'
[2017.10.31-18.45.34:816][997]LogVSAccessor: Warning: Couldn't goto line number '0' in 'C:/Users/Public/Documents/Public Programs/MMC-Skee-Ball.git/Source/MMC_Skee_Ball/MyActor.cpp'
[2017.10.31-18.49.14:814][400]Running C:/Program Files (x86)/Epic Games/UE_4.17/Engine/Binaries/DotNET/UnrealBuildTool.exe  -projectfiles -project="C:/Users/Public/Documents/Public Programs/MMC-Skee-Ball.git/MMC_Skee_Ball.uproject" -game -rocket -progress
[2017.10.31-18.49.15:115][400]Discovering modules, targets and source code for project...
[2017.10.31-18.49.19:315][400]ERROR: Unable to determine module type for C:\Users\Public\Documents\Public Programs\MMC-Skee-Ball.git\Source\MMC_Skee_Ball\MMC_Skee_Ball.Build.cs
[2017.10.31-18.51.27:687][292]Cmd: QUIT_EDITOR
[2017.10.31-18.51.27:714][292]LogExit: Preparing to exit.
[2017.10.31-18.51.28:810][292]LogDirectoryWatcher: A directory notification for 'C:/Users/Public/Documents/Public Programs/MMC-Skee-Ball.git/Content/' was aborted.
[2017.10.31-18.51.28:843][292]LogExit: Editor shut down
[2017.10.31-18.51.28:847][292]LogExit: Transaction tracking system shut down
[2017.10.31-18.51.28:911][292]LogDirectoryWatcher: A directory notification for '../../../Engine/Content/' was aborted.
[2017.10.31-18.51.28:911][292]LogDirectoryWatcher: A directory notification for '../../../../../../Users/Public/Documents/Public Programs/MMC-Skee-Ball.git/Content/' was aborted.
[2017.10.31-18.51.28:911][292]LogDirectoryWatcher: A directory notification for '../../../Engine/Plugins/2D/Paper2D/Content/' was aborted.
[2017.10.31-18.51.28:911][292]LogDirectoryWatcher: A directory notification for '../../../Engine/Plugins/Runtime/Oculus/OculusVR/Content/' was aborted.
[2017.10.31-18.51.28:911][292]LogDirectoryWatcher: A directory notification for '../../../Engine/Plugins/Runtime/Steam/SteamVR/Content/' was aborted.
[2017.10.31-18.51.29:007][292]LogExit: Object subsystem successfully closed.
[2017.10.31-18.51.29:028][292]LogD3D11RHI: Shutdown
[2017.10.31-18.51.29:028][292]LogD3D11RHI: CleanupD3DDevice
[2017.10.31-18.51.29:120][292]LogD3D11RHI: ~FD3D11DynamicRHI
[2017.10.31-18.51.29:145][292]LogModuleManager: Shutting down and abandoning module BlueprintGraph (534)
[2017.10.31-18.51.29:145][292]LogModuleManager: Shutting down and abandoning module BlueprintProfiler (532)
[2017.10.31-18.51.29:153][292]LogModuleManager: Shutting down and abandoning module HierarchicalLODOutliner (530)
[2017.10.31-18.51.29:153][292]LogModuleManager: Shutting down and abandoning module SceneOutliner (528)
[2017.10.31-18.51.29:153][292]LogModuleManager: Shutting down and abandoning module AddContentDialog (526)
[2017.10.31-18.51.29:153][292]LogDirectoryWatcher: A directory notification for 'C:/Program Files (x86)/Epic Games/UE_4.17/FeaturePacks/' was aborted.
[2017.10.31-18.51.29:154][292]LogModuleManager: Shutting down and abandoning module WidgetCarousel (525)
[2017.10.31-18.51.29:154][292]LogModuleManager: Shutting down and abandoning module EditorWidgets (522)
[2017.10.31-18.51.29:154][292]LogModuleManager: Shutting down and abandoning module CollectionManager (520)
[2017.10.31-18.51.29:154][292]LogDirectoryWatcher: A directory notification for 'C:/Users/Public/Documents/Public Programs/MMC-Skee-Ball.git/Content/Collections/' was aborted.
[2017.10.31-18.51.29:154][292]LogDirectoryWatcher: A directory notification for 'C:/Users/Public/Documents/Public Programs/MMC-Skee-Ball.git/Content/Developers/JSmith/Collections/' was aborted.
[2017.10.31-18.51.29:154][292]LogDirectoryWatcher: A directory notification for 'C:/Users/Public/Documents/Public Programs/MMC-Skee-Ball.git/Saved/Collections/' was aborted.
[2017.10.31-18.51.29:154][292]LogModuleManager: Shutting down and abandoning module StatsViewer (518)
[2017.10.31-18.51.29:154][292]LogModuleManager: Shutting down and abandoning module FoliageEdit (516)
[2017.10.31-18.51.29:154][292]LogModuleManager: Shutting down and abandoning module LandscapeEditor (514)
[2017.10.31-18.51.29:154][292]LogModuleManager: Shutting down and abandoning module MeshPaintMode (512)
[2017.10.31-18.51.29:154][292]LogModuleManager: Shutting down and abandoning module SceneDepthPickerMode (510)
[2017.10.31-18.51.29:154][292]LogModuleManager: Shutting down and abandoning module ActorPickerMode (508)
[2017.10.31-18.51.29:154][292]LogModuleManager: Shutting down and abandoning module GeometryMode (506)
[2017.10.31-18.51.29:154][292]LogModuleManager: Shutting down and abandoning module TextureAlignMode (504)
[2017.10.31-18.51.29:154][292]LogModuleManager: Shutting down and abandoning module BspMode (502)
[2017.10.31-18.51.29:154][292]LogModuleManager: Shutting down and abandoning module PIEPreviewDeviceProfileSelector (500)
[2017.10.31-18.51.29:154][292]LogModuleManager: Shutting down and abandoning module HardwareSurvey (498)
[2017.10.31-18.51.29:154][292]LogModuleManager: Shutting down and abandoning module SequenceRecorderSections (496)
[2017.10.31-18.51.29:154][292]LogModuleManager: Shutting down and abandoning module AutomationWorker (494)
[2017.10.31-18.51.29:154][292]LogModuleManager: Shutting down and abandoning module MatineeToLevelSequence (492)
[2017.10.31-18.51.29:154][292]LogModuleManager: Shutting down and abandoning module LevelSequenceEditor (490)
[2017.10.31-18.51.29:155][292]LogModuleManager: Shutting down and abandoning module PlacementMode (489)
[2017.10.31-18.51.29:155][292]LogModuleManager: Shutting down and abandoning module WmfMediaFactory (486)
[2017.10.31-18.51.29:155][292]LogModuleManager: Shutting down and abandoning module WmfMediaEditor (484)
[2017.10.31-18.51.29:155][292]LogModuleManager: Shutting down and abandoning module AvfMediaFactory (482)
[2017.10.31-18.51.29:155][292]LogModuleManager: Shutting down and abandoning module AvfMediaEditor (480)
[2017.10.31-18.51.29:155][292]LogModuleManager: Shutting down and abandoning module AndroidMediaFactory (478)
[2017.10.31-18.51.29:155][292]LogModuleManager: Shutting down and abandoning module Media (477)
[2017.10.31-18.51.29:155][292]LogModuleManager: Shutting down and abandoning module AndroidMediaEditor (474)
[2017.10.31-18.51.29:155][292]LogModuleManager: Shutting down and abandoning module CharacterAI (472)
[2017.10.31-18.51.29:155][292]LogModuleManager: Shutting down and abandoning module AudioCapture (470)
[2017.10.31-18.51.29:155][292]LogModuleManager: Shutting down and abandoning module SequenceRecorder (469)
[2017.10.31-18.51.29:155][292]LogModuleManager: Shutting down and abandoning module SmartSnapping (466)
[2017.10.31-18.51.29:155][292]LogModuleManager: Shutting down and abandoning module SessionServices (464)
[2017.10.31-18.51.29:155][292]LogModuleManager: Shutting down and abandoning module ViewportSnapping (462)
[2017.10.31-18.51.29:155][292]LogModuleManager: Shutting down and abandoning module ViewportInteraction (460)
[2017.10.31-18.51.29:155][292]LogModuleManager: Shutting down and abandoning module ClothPainter (458)
[2017.10.31-18.51.29:155][292]LogModuleManager: Shutting down and abandoning module LogVisualizer (456)
[2017.10.31-18.51.29:155][292]LogModuleManager: Shutting down and abandoning module IntroTutorials (454)
[2017.10.31-18.51.29:155][292]LogModuleManager: Shutting down and abandoning module GameProjectGeneration (453)
[2017.10.31-18.51.29:155][292]LogModuleManager: Shutting down and abandoning module IOSPlatformEditor (450)
[2017.10.31-18.51.29:155][292]LogModuleManager: Shutting down and abandoning module HTML5PlatformEditor (448)
[2017.10.31-18.51.29:155][292]LogModuleManager: Shutting down and abandoning module AndroidPlatformEditor (446)
[2017.10.31-18.51.29:155][292]LogModuleManager: Shutting down and abandoning module AndroidDeviceDetection (445)
[2017.10.31-18.51.29:683][292]LogModuleManager: Shutting down and abandoning module WindowsPlatformEditor (442)
[2017.10.31-18.51.29:683][292]LogModuleManager: Shutting down and abandoning module IOSRuntimeSettings (440)
[2017.10.31-18.51.29:683][292]LogModuleManager: Shutting down and abandoning module AndroidRuntimeSettings (438)
[2017.10.31-18.51.29:683][292]LogModuleManager: Shutting down and abandoning module InputBindingEditor (436)
[2017.10.31-18.51.29:683][292]LogModuleManager: Shutting down and abandoning module MergeActors (434)
[2017.10.31-18.51.29:683][292]LogModuleManager: Shutting down and abandoning module SizeMap (432)
[2017.10.31-18.51.29:683][292]LogModuleManager: Shutting down and abandoning module TreeMap (430)
[2017.10.31-18.51.29:683][292]LogModuleManager: Shutting down and abandoning module ReferenceViewer (428)
[2017.10.31-18.51.29:683][292]LogModuleManager: Shutting down and abandoning module LocalizationDashboard (426)
[2017.10.31-18.51.29:683][292]LogModuleManager: Shutting down and abandoning module LocalizationService (425)
[2017.10.31-18.51.29:683][292]LogModuleManager: Shutting down and abandoning module HardwareTargeting (422)
[2017.10.31-18.51.29:683][292]LogModuleManager: Shutting down and abandoning module DeviceProfileEditor (420)
[2017.10.31-18.51.29:683][292]LogModuleManager: Shutting down and abandoning module UndoHistory (418)
[2017.10.31-18.51.29:683][292]LogModuleManager: Shutting down and abandoning module XmlParser (416)
[2017.10.31-18.51.29:683][292]LogModuleManager: Shutting down and abandoning module Blutility (414)
[2017.10.31-18.51.29:683][292]LogModuleManager: Shutting down and abandoning module ProjectSettingsViewer (412)
[2017.10.31-18.51.29:684][292]LogModuleManager: Shutting down and abandoning module ProjectTargetPlatformEditor (411)
[2017.10.31-18.51.29:684][292]LogModuleManager: Shutting down and abandoning module EditorSettingsViewer (408)
[2017.10.31-18.51.29:684][292]LogModuleManager: Shutting down and abandoning module SettingsEditor (406)
[2017.10.31-18.51.29:684][292]LogModuleManager: Shutting down and abandoning module ProjectLauncher (404)
[2017.10.31-18.51.29:684][292]LogModuleManager: Shutting down and abandoning module SessionFrontend (402)
[2017.10.31-18.51.29:684][292]LogModuleManager: Shutting down and abandoning module ProfilerClient (400)
[2017.10.31-18.51.29:684][292]LogModuleManager: Shutting down and abandoning module DeviceManager (398)
[2017.10.31-18.51.29:684][292]LogModuleManager: Shutting down and abandoning module TargetDeviceServices (397)
[2017.10.31-18.51.29:724][292]LogModuleManager: Shutting down and abandoning module AutomationController (394)
[2017.10.31-18.51.29:724][292]LogModuleManager: Shutting down and abandoning module AutomationWindow (392)
[2017.10.31-18.51.29:724][292]LogModuleManager: Shutting down and abandoning module Layers (390)
[2017.10.31-18.51.29:724][292]LogModuleManager: Shutting down and abandoning module ComponentVisualizers (388)
[2017.10.31-18.51.29:724][292]LogModuleManager: Shutting down and abandoning module DetailCustomizations (386)
[2017.10.31-18.51.29:724][292]LogModuleManager: Shutting down and abandoning module PackagesDialog (384)
[2017.10.31-18.51.29:724][292]LogModuleManager: Shutting down and abandoning module Persona (382)
[2017.10.31-18.51.29:724][292]LogModuleManager: Shutting down and abandoning module AdvancedPreviewScene (381)
[2017.10.31-18.51.29:724][292]LogModuleManager: Shutting down and abandoning module AnimGraph (379)
[2017.10.31-18.51.29:724][292]LogModuleManager: Shutting down and abandoning module Kismet (376)
[2017.10.31-18.51.29:730][292]LogModuleManager: Shutting down and abandoning module ClassViewer (374)
[2017.10.31-18.51.29:731][292]LogModuleManager: Shutting down and abandoning module Toolbox (372)
[2017.10.31-18.51.29:731][292]LogModuleManager: Shutting down and abandoning module ModuleUI (370)
[2017.10.31-18.51.29:731][292]LogModuleManager: Shutting down and abandoning module MovieSceneTools (368)
[2017.10.31-18.51.29:731][292]LogModuleManager: Shutting down and abandoning module OutputLog (366)
[2017.10.31-18.51.29:731][292]LogModuleManager: Shutting down and abandoning module GammaUI (364)
[2017.10.31-18.51.29:731][292]LogModuleManager: Shutting down and abandoning module Documentation (362)
[2017.10.31-18.51.29:731][292]LogModuleManager: Shutting down and abandoning module MovieSceneTracks (360)
[2017.10.31-18.51.29:731][292]LogModuleManager: Shutting down and abandoning module MovieScene (358)
[2017.10.31-18.51.29:731][292]LogModuleManager: Shutting down and abandoning module Niagara (356)
[2017.10.31-18.51.29:731][292]LogModuleManager: Shutting down and abandoning module NiagaraEditor (355)
[2017.10.31-18.51.29:731][292]LogModuleManager: Shutting down and abandoning module StreamingPauseRendering (352)
[2017.10.31-18.51.29:731][292]LogModuleManager: Shutting down and abandoning module LauncherPlatform (350)
[2017.10.31-18.51.29:731][292]LogModuleManager: Shutting down and abandoning module AnalyticsET (348)
[2017.10.31-18.51.29:731][292]LogModuleManager: Shutting down and abandoning module PortalServices (346)
[2017.10.31-18.51.29:731][292]LogModuleManager: Shutting down and abandoning module PortalRpc (344)
[2017.10.31-18.51.29:731][292]LogModuleManager: Shutting down and abandoning module MessagingRpc (342)
[2017.10.31-18.51.29:731][292]LogModuleManager: Shutting down and abandoning module AIModule (340)
[2017.10.31-18.51.29:731][292]LogModuleManager: Shutting down and abandoning module GameplayDebugger (339)
[2017.10.31-18.51.29:731][292]LogModuleManager: Shutting down and abandoning module AITestSuite (337)
[2017.10.31-18.51.29:731][292]LogModuleManager: Shutting down and abandoning module ProfilerService (334)
[2017.10.31-18.51.29:933][292]LogModuleManager: Shutting down and abandoning module TaskGraph (332)
[2017.10.31-18.51.29:933][292]LogModuleManager: Shutting down and abandoning module SteamVRController (330)
[2017.10.31-18.51.29:933][292]LogModuleManager: Shutting down and abandoning module ProceduralMeshComponentEditor (328)
[2017.10.31-18.51.29:933][292]LogModuleManager: Shutting down and abandoning module ProceduralMeshComponent (326)
[2017.10.31-18.51.29:933][292]LogModuleManager: Shutting down and abandoning module OculusInput (324)
[2017.10.31-18.51.29:933][292]LogModuleManager: Shutting down and abandoning module MobilePatchingUtils (322)
[2017.10.31-18.51.29:933][292]LogModuleManager: Shutting down and abandoning module CustomMeshComponent (320)
[2017.10.31-18.51.29:933][292]LogModuleManager: Shutting down and abandoning module CableComponent (318)
[2017.10.31-18.51.29:933][292]LogModuleManager: Shutting down and abandoning module ArchVisCharacter (316)
[2017.10.31-18.51.29:933][292]LogModuleManager: Shutting down and abandoning module AndroidPermission (314)
[2017.10.31-18.51.29:933][292]LogModuleManager: Shutting down and abandoning module MediaPlayerEditor (310)
[2017.10.31-18.51.29:933][292]LogModuleManager: Shutting down and abandoning module HTML5Networking (308)
[2017.10.31-18.51.29:933][292]LogModuleManager: Shutting down and abandoning module AlembicImporter (306)
[2017.10.31-18.51.29:933][292]LogModuleManager: Shutting down and abandoning module AlembicLibrary (305)
[2017.10.31-18.51.29:933][292]LogModuleManager: Shutting down and abandoning module GeometryCache (304)
[2017.10.31-18.51.29:933][292]LogModuleManager: Shutting down and abandoning module GeometryCacheEd (303)
[2017.10.31-18.51.29:933][292]LogModuleManager: Shutting down and abandoning module SpeedTreeImporter (298)
[2017.10.31-18.51.29:933][292]LogModuleManager: Shutting down and abandoning module PluginBrowser (296)
[2017.10.31-18.51.29:933][292]LogModuleManager: Shutting down and abandoning module MobileLauncherProfileWizard (294)
[2017.10.31-18.51.29:933][292]LogModuleManager: Shutting down and abandoning module VisualStudioSourceCodeAccess (292)
[2017.10.31-18.51.29:933][292]LogModuleManager: Shutting down and abandoning module DesktopPlatform (291)
[2017.10.31-18.51.29:934][292]LogModuleManager: Shutting down and abandoning module UObjectPlugin (288)
[2017.10.31-18.51.29:934][292]LogModuleManager: Shutting down and abandoning module SubversionSourceControl (286)
[2017.10.31-18.51.29:934][292]LogModuleManager: Shutting down and abandoning module PerforceSourceControl (284)
[2017.10.31-18.51.29:934][292]LogModuleManager: Shutting down and abandoning module GitSourceControl (282)
[2017.10.31-18.51.29:934][292]LogModuleManager: Shutting down and abandoning module SourceControl (281)
[2017.10.31-18.51.29:934][292]LogModuleManager: Shutting down and abandoning module LightPropagationVolumeEditor (278)
[2017.10.31-18.51.29:934][292]LogModuleManager: Shutting down and abandoning module PaperTiledImporter (276)
[2017.10.31-18.51.29:934][292]LogModuleManager: Shutting down and abandoning module PaperSpriteSheetImporter (274)
[2017.10.31-18.51.29:934][292]LogModuleManager: Shutting down and abandoning module Paper2DEditor (272)
[2017.10.31-18.51.29:934][292]LogModuleManager: Shutting down and abandoning module MeshPaint (271)
[2017.10.31-18.51.29:934][292]LogModuleManager: Shutting down and abandoning module LevelEditor (269)
[2017.10.31-18.51.29:935][292]LogModuleManager: Shutting down and abandoning module PixelInspectorModule (268)
[2017.10.31-18.51.29:935][292]LogModuleManager: Shutting down and abandoning module MainFrame (266)
[2017.10.31-18.51.29:935][292]LogModuleManager: Shutting down and abandoning module HotReload (265)
[2017.10.31-18.51.29:935][292]LogModuleManager: Shutting down and abandoning module RuntimePhysXCooking (260)
[2017.10.31-18.51.29:935][292]LogModuleManager: Shutting down and abandoning module PhysXVehiclesEditor (258)
[2017.10.31-18.51.29:935][292]LogModuleManager: Shutting down and abandoning module PhysXVehicles (256)
[2017.10.31-18.51.29:935][292]LogModuleManager: Shutting down and abandoning module OculusEditor (254)
[2017.10.31-18.51.29:935][292]LogModuleManager: Shutting down and abandoning module LocationServicesBPLibrary (252)
[2017.10.31-18.51.29:935][292]LogModuleManager: Shutting down and abandoning module ImmediatePhysicsEditor (250)
[2017.10.31-18.51.29:935][292]LogModuleManager: Shutting down and abandoning module ImmediatePhysics (248)
[2017.10.31-18.51.29:935][292]LogModuleManager: Shutting down and abandoning module UdpMessaging (246)
[2017.10.31-18.51.30:035][292]LogModuleManager: Shutting down and abandoning module TcpMessaging (244)
[2017.10.31-18.51.30:135][292]LogModuleManager: Shutting down and abandoning module GameplayTagsEditor (242)
[2017.10.31-18.51.30:135][292]LogModuleManager: Shutting down and abandoning module FacialAnimationEditor (240)
[2017.10.31-18.51.30:135][292]LogModuleManager: Shutting down and abandoning module FacialAnimation (238)
[2017.10.31-18.51.30:135][292]LogModuleManager: Shutting down and abandoning module AssetManagerEditor (236)
[2017.10.31-18.51.30:135][292]LogModuleManager: Shutting down and abandoning module GraphEditor (235)
[2017.10.31-18.51.30:135][292]LogModuleManager: Shutting down and abandoning module ContentBrowser (233)
[2017.10.31-18.51.30:136][292]LogModuleManager: Shutting down and abandoning module LightPropagationVolumeRuntime (230)
[2017.10.31-18.51.30:136][292]LogModuleManager: Shutting down and abandoning module Paper2D (228)
[2017.10.31-18.51.30:136][292]LogModuleManager: Shutting down and abandoning module WindowsMoviePlayer (226)
[2017.10.31-18.51.30:136][292]LogModuleManager: Shutting down and abandoning module WmfMedia (224)
[2017.10.31-18.51.30:137][292]LogModuleManager: Shutting down and abandoning module PacketHandler (222)
[2017.10.31-18.51.30:137][292]LogModuleManager: Shutting down and abandoning module ClothingSystemEditor (220)
[2017.10.31-18.51.30:137][292]LogModuleManager: Shutting down and abandoning module ClothingSystemRuntime (218)
[2017.10.31-18.51.30:137][292]LogModuleManager: Shutting down and abandoning module Overlay (216)
[2017.10.31-18.51.30:137][292]LogModuleManager: Shutting down and abandoning module OverlayEditor (215)
[2017.10.31-18.51.30:137][292]LogModuleManager: Shutting down and abandoning module MediaAssets (212)
[2017.10.31-18.51.30:137][292]LogModuleManager: Shutting down and abandoning module VREditor (210)
[2017.10.31-18.51.30:137][292]LogModuleManager: Shutting down and abandoning module StringTableEditor (208)
[2017.10.31-18.51.30:137][292]LogModuleManager: Shutting down and abandoning module GameplayTasksEditor (206)
[2017.10.31-18.51.30:137][292]LogModuleManager: Shutting down and abandoning module BehaviorTreeEditor (204)
[2017.10.31-18.51.30:137][292]LogModuleManager: Shutting down and abandoning module FunctionalTesting (202)
[2017.10.31-18.51.30:137][292]LogModuleManager: Shutting down and abandoning module CollisionAnalyzer (200)
[2017.10.31-18.51.30:137][292]LogModuleManager: Shutting down and abandoning module WorkspaceMenuStructure (199)
[2017.10.31-18.51.30:138][292]LogModuleManager: Shutting down and abandoning module UMG (196)
[2017.10.31-18.51.30:138][292]LogModuleManager: Shutting down and abandoning module UMGEditor (195)
[2017.10.31-18.51.30:138][292]LogModuleManager: Shutting down and abandoning module Sequencer (194)
[2017.10.31-18.51.30:138][292]LogModuleManager: Shutting down and abandoning module MessageLog (191)
[2017.10.31-18.51.30:138][292]LogModuleManager: Shutting down and abandoning module SlateReflector (186)
[2017.10.31-18.51.30:138][292]LogModuleManager: Shutting down and abandoning module Slate (184)
[2017.10.31-18.51.30:138][292]LogModuleManager: Shutting down and abandoning module EditorStyle (182)
[2017.10.31-18.51.30:140][292]LogModuleManager: Shutting down and abandoning module MRMesh (180)
[2017.10.31-18.51.30:141][292]LogModuleManager: Shutting down and abandoning module SourceCodeAccess (178)
[2017.10.31-18.51.30:141][292]LogModuleManager: Shutting down and abandoning module HeadMountedDisplay (176)
[2017.10.31-18.51.30:141][292]LogModuleManager: Shutting down and abandoning module XAudio2 (174)
[2017.10.31-18.51.30:141][292]LogModuleManager: Shutting down and abandoning module Networking (172)
[2017.10.31-18.51.30:141][292]LogModuleManager: Shutting down and abandoning module Core (168)
[2017.10.31-18.51.30:141][292]LogModuleManager: Shutting down and abandoning module KismetCompiler (164)
[2017.10.31-18.51.30:141][292]LogModuleManager: Shutting down and abandoning module MeshUtilities (162)
[2017.10.31-18.51.30:141][292]LogModuleManager: Shutting down and abandoning module MeshMergeUtilities (161)
[2017.10.31-18.51.30:141][292]LogModuleManager: Shutting down and abandoning module MeshReductionInterface (160)
[2017.10.31-18.51.30:141][292]LogModuleManager: Shutting down and abandoning module SimplygonSwarm (159)
[2017.10.31-18.51.30:141][292]LogModuleManager: Shutting down and abandoning module SimplygonMeshReduction (157)
[2017.10.31-18.51.30:141][292]LogModuleManager: Shutting down and abandoning module QuadricMeshReduction (155)
[2017.10.31-18.51.30:141][292]LogModuleManager: Shutting down and abandoning module MaterialBaking (151)
[2017.10.31-18.51.30:141][292]LogModuleManager: Shutting down and abandoning module LevelSequence (148)
[2017.10.31-18.51.30:141][292]LogModuleManager: Shutting down and abandoning module DirectoryWatcher (146)
[2017.10.31-18.51.30:141][292]LogModuleManager: Shutting down and abandoning module DerivedDataCache (144)
[2017.10.31-18.51.30:227][292]LogDerivedDataCache: Shutdown
[2017.10.31-18.51.30:227][292]LogModuleManager: Shutting down and abandoning module TargetPlatform (142)
[2017.10.31-18.51.30:227][292]LogModuleManager: Shutting down and abandoning module VulkanShaderFormat (141)
[2017.10.31-18.51.30:227][292]LogModuleManager: Shutting down and abandoning module ShaderFormatVectorVM (139)
[2017.10.31-18.51.30:227][292]LogModuleManager: Shutting down and abandoning module ShaderFormatOpenGL (137)
[2017.10.31-18.51.30:227][292]LogModuleManager: Shutting down and abandoning module ShaderFormatD3D (135)
[2017.10.31-18.51.30:227][292]LogModuleManager: Shutting down and abandoning module MetalShaderFormat (133)
[2017.10.31-18.51.30:227][292]LogModuleManager: Shutting down and abandoning module TextureFormatUncompressed (131)
[2017.10.31-18.51.30:227][292]LogModuleManager: Shutting down and abandoning module TextureFormatPVR (129)
[2017.10.31-18.51.30:227][292]LogModuleManager: Shutting down and abandoning module TextureFormatDXT (127)
[2017.10.31-18.51.30:227][292]LogModuleManager: Shutting down and abandoning module TextureFormatIntelISPCTexComp (125)
[2017.10.31-18.51.30:227][292]LogModuleManager: Shutting down and abandoning module TextureFormatASTC (123)
[2017.10.31-18.51.30:227][292]LogModuleManager: Shutting down and abandoning module ImageWrapper (122)
[2017.10.31-18.51.30:227][292]LogModuleManager: Shutting down and abandoning module TextureFormatAndroid (119)
[2017.10.31-18.51.30:227][292]LogModuleManager: Shutting down and abandoning module AudioFormatOpus (117)
[2017.10.31-18.51.30:227][292]LogModuleManager: Shutting down and abandoning module AudioFormatOgg (115)
[2017.10.31-18.51.30:227][292]LogModuleManager: Shutting down and abandoning module AudioFormatADPCM (113)
[2017.10.31-18.51.30:227][292]LogModuleManager: Shutting down and abandoning module LinuxTargetPlatform (111)
[2017.10.31-18.51.30:227][292]LogModuleManager: Shutting down and abandoning module LinuxServerTargetPlatform (109)
[2017.10.31-18.51.30:227][292]LogModuleManager: Shutting down and abandoning module LinuxNoEditorTargetPlatform (107)
[2017.10.31-18.51.30:227][292]LogModuleManager: Shutting down and abandoning module LinuxClientTargetPlatform (105)
[2017.10.31-18.51.30:227][292]LogModuleManager: Shutting down and abandoning module TVOSTargetPlatform (103)
[2017.10.31-18.51.30:227][292]LogModuleManager: Shutting down and abandoning module Messaging (101)
[2017.10.31-18.51.30:227][292]LogModuleManager: Shutting down and abandoning module IOSTargetPlatform (99)
[2017.10.31-18.51.30:227][292]LogModuleManager: Shutting down and abandoning module HTML5TargetPlatform (97)
[2017.10.31-18.51.30:227][292]LogModuleManager: Shutting down and abandoning module Android_PVRTCTargetPlatform (95)
[2017.10.31-18.51.30:228][292]LogModuleManager: Shutting down and abandoning module Android_MultiTargetPlatform (93)
[2017.10.31-18.51.30:228][292]LogModuleManager: Shutting down and abandoning module Android_ETC2TargetPlatform (91)
[2017.10.31-18.51.30:228][292]LogModuleManager: Shutting down and abandoning module Android_ETC1TargetPlatform (89)
[2017.10.31-18.51.30:228][292]LogModuleManager: Shutting down and abandoning module Android_DXTTargetPlatform (87)
[2017.10.31-18.51.30:228][292]LogModuleManager: Shutting down and abandoning module Android_ATCTargetPlatform (85)
[2017.10.31-18.51.30:228][292]LogModuleManager: Shutting down and abandoning module Android_ASTCTargetPlatform (83)
[2017.10.31-18.51.30:228][292]LogModuleManager: Shutting down and abandoning module AndroidTargetPlatform (81)
[2017.10.31-18.51.30:228][292]LogModuleManager: Shutting down and abandoning module WindowsTargetPlatform (79)
[2017.10.31-18.51.30:228][292]LogModuleManager: Shutting down and abandoning module WindowsServerTargetPlatform (77)
[2017.10.31-18.51.30:228][292]LogModuleManager: Shutting down and abandoning module WindowsNoEditorTargetPlatform (75)
[2017.10.31-18.51.30:228][292]LogModuleManager: Shutting down and abandoning module WindowsClientTargetPlatform (73)
[2017.10.31-18.51.30:228][292]LogModuleManager: Shutting down and abandoning module MacTargetPlatform (71)
[2017.10.31-18.51.30:228][292]LogModuleManager: Shutting down and abandoning module MacServerTargetPlatform (69)
[2017.10.31-18.51.30:228][292]LogModuleManager: Shutting down and abandoning module MacNoEditorTargetPlatform (67)
[2017.10.31-18.51.30:228][292]LogModuleManager: Shutting down and abandoning module MacClientTargetPlatform (65)
[2017.10.31-18.51.30:228][292]LogModuleManager: Shutting down and abandoning module AllDesktopTargetPlatform (63)
[2017.10.31-18.51.30:228][292]LogModuleManager: Shutting down and abandoning module InputCore (60)
[2017.10.31-18.51.30:228][292]LogModuleManager: Shutting down and abandoning module Settings (58)
[2017.10.31-18.51.30:228][292]LogModuleManager: Shutting down and abandoning module PhysXCooking (56)
[2017.10.31-18.51.30:228][292]LogModuleManager: Shutting down and abandoning module SteamVR (54)
[2017.10.31-18.51.30:228][292]LogModuleManager: Shutting down and abandoning module OculusHMD (52)
[2017.10.31-18.51.30:228][292]LogModuleManager: Shutting down and abandoning module ExampleDeviceProfileSelector (50)
[2017.10.31-18.51.30:228][292]LogModuleManager: Shutting down and abandoning module OnlineBlueprintSupport (48)
[2017.10.31-18.51.30:228][292]LogModuleManager: Shutting down and abandoning module OnlineSubsystem (44)
[2017.10.31-18.51.30:228][292]LogOnline: Display: Unloading online subsystem: NULL
[2017.10.31-18.51.30:228][292]LogModuleManager: Shutting down and abandoning module XMPP (43)
[2017.10.31-18.51.30:228][292]LogModuleManager: Shutting down and abandoning module HTTP (41)
[2017.10.31-18.51.30:228][292]LogHttp: Display: Http module shutting down, but needs to wait on 1 outstanding Http requests:
[2017.10.31-18.51.30:228][292]LogHttp: Display: 	verb=[POST] url=[https://datarouter.ol.epicgames.com/datarouter/api/v1/public/data?SessionID=%7B7E5FFECE-4A8A-75C9-71A3-79B78BDF20EC%7D&AppID=UEEditor.Rocket.Release&AppVersion=4.17.2-3658906%2B%2B%2BUE4%2BRelease-4.17&UserID=8c08b9d34450f32ce008e0aeb07d64a1%7C%7C1ec4d4c3-c05a-4a64-a6b2-d7fff67dbb6c&AppEnvironment=datacollector-binary&UploadType=eteventstream] status=Processing
[2017.10.31-18.51.30:255][292]LogModuleManager: Shutting down and abandoning module SSL (40)
[2017.10.31-18.51.30:257][292]LogModuleManager: Shutting down and abandoning module AnimationModifiers (36)
[2017.10.31-18.51.30:257][292]LogModuleManager: Shutting down and abandoning module PropertyEditor (35)
[2017.10.31-18.51.30:257][292]LogModuleManager: Shutting down and abandoning module AudioEditor (32)
[2017.10.31-18.51.30:257][292]LogModuleManager: Shutting down and abandoning module TextureCompressor (30)
[2017.10.31-18.51.30:257][292]LogModuleManager: Shutting down and abandoning module ShaderCore (28)
[2017.10.31-18.51.30:257][292]LogModuleManager: Shutting down and abandoning module Landscape (26)
[2017.10.31-18.51.30:257][292]LogModuleManager: Shutting down and abandoning module SlateRHIRenderer (24)
[2017.10.31-18.51.30:258][292]LogModuleManager: Shutting down and abandoning module OpenGLDrv (22)
[2017.10.31-18.51.30:258][292]LogModuleManager: Shutting down and abandoning module D3D11RHI (20)
[2017.10.31-18.51.30:258][292]LogModuleManager: Shutting down and abandoning module AnimGraphRuntime (18)
[2017.10.31-18.51.30:258][292]LogModuleManager: Shutting down and abandoning module Renderer (16)
[2017.10.31-18.51.30:258][292]LogModuleManager: Shutting down and abandoning module Engine (14)
[2017.10.31-18.51.30:258][292]LogModuleManager: Shutting down and abandoning module CoreUObject (12)
[2017.10.31-18.51.30:258][292]LogModuleManager: Shutting down and abandoning module NetworkFile (10)
[2017.10.31-18.51.30:258][292]LogModuleManager: Shutting down and abandoning module CookedIterativeFile (8)
[2017.10.31-18.51.30:258][292]LogModuleManager: Shutting down and abandoning module StreamingFile (6)
[2017.10.31-18.51.30:259][292]LogModuleManager: Shutting down and abandoning module SandboxFile (4)
[2017.10.31-18.51.30:259][292]LogModuleManager: Shutting down and abandoning module PakFile (2)
[2017.10.31-18.51.30:261][292]LogExit: Exiting.
[2017.10.31-18.51.30:274][292]Log file closed, 10/31/17 14:51:30
